[2016-04-21 12:31:38] /33hao/mobile/index.php?act=login&op=index&username=18934488948&password=123456&client=android ( act=login&op=index ) 
ERR: SELECT * FROM `33hao_member` WHERE ( member_id = NULL ) LIMIT 1   [ RunTime:1,461,213,098.589571s ]SELECT * FROM `33hao_member` WHERE ( member_id = NULL ) LIMIT 1  
[2016-04-21 12:31:38] /33hao/mobile/index.php?act=login&op=index&username=18934488948&password=123456&client=android ( act=login&op=index ) 
ERR: SELECT * FROM `33hao_seller` WHERE ( member_id = NULL ) LIMIT 1   [ RunTime:1,461,213,098.589571s ]SELECT * FROM `33hao_seller` WHERE ( member_id = NULL ) LIMIT 1  
[2016-04-21 12:31:38] /33hao/mobile/index.php?act=login&op=index&username=18934488948&password=123456&client=android ( act=login&op=index ) 
ERR: SELECT * FROM `33hao_member` WHERE ( (member_name = '18934488948') OR (member_email = '18934488948') OR (member_mobile = '18934488948') ) AND ( member_passwd = 'e10adc3949ba59abbe56e057f20f883e' ) LIMIT 1   [ RunTime:1,461,213,098.589571s ]SELECT * FROM `33hao_member` WHERE ( (member_name = '18934488948') OR (member_email = '18934488948') OR (member_mobile = '18934488948') ) AND ( member_passwd = 'e10adc3949ba59abbe56e057f20f883e' ) LIMIT 1  
[2016-04-21 12:31:38] /33hao/mobile/index.php?act=login&op=index&username=18934488948&password=123456&client=android ( act=login&op=index ) 
ERR: SELECT COUNT(*) AS nc_count FROM `33hao_order` WHERE ( buyer_id = NULL ) AND ( order_state = '10' ) LIMIT 1   [ RunTime:1,461,213,098.589571s ]SELECT COUNT(*) AS nc_count FROM `33hao_order` WHERE ( buyer_id = NULL ) AND ( order_state = '10' ) LIMIT 1  
[2016-04-21 12:31:38] /33hao/mobile/index.php?act=login&op=index&username=18934488948&password=123456&client=android ( act=login&op=index ) 
ERR: SELECT COUNT(*) AS nc_count FROM `33hao_order` WHERE ( buyer_id = NULL ) AND ( order_state = '30' ) LIMIT 1   [ RunTime:1,461,213,098.589571s ]SELECT COUNT(*) AS nc_count FROM `33hao_order` WHERE ( buyer_id = NULL ) AND ( order_state = '30' ) LIMIT 1  
[2016-04-21 12:31:39] /33hao/mobile/index.php?act=login&op=index&username=18934488948&password=123456&client=android ( act=login&op=index ) 
ERR: SELECT COUNT(*) AS nc_count FROM `33hao_order` WHERE ( buyer_id = NULL ) AND ( order_state = '40' ) AND ( evaluation_state = '0' ) LIMIT 1   [ RunTime:1,461,213,098.589571s ]SELECT COUNT(*) AS nc_count FROM `33hao_order` WHERE ( buyer_id = NULL ) AND ( order_state = '40' ) AND ( evaluation_state = '0' ) LIMIT 1  
[2016-04-21 12:31:39] /33hao/mobile/index.php?act=login&op=index&username=18934488948&password=123456&client=android ( act=login&op=index ) 
ERR: SELECT COUNT(*) AS nc_count FROM `33hao_order` WHERE ( buyer_id = NULL ) AND ( order_state = '20' ) LIMIT 1   [ RunTime:1,461,213,098.589571s ]SELECT COUNT(*) AS nc_count FROM `33hao_order` WHERE ( buyer_id = NULL ) AND ( order_state = '20' ) LIMIT 1  
[2016-04-21 12:31:39] /33hao/mobile/index.php?act=login&op=index&username=18934488948&password=123456&client=android ( act=login&op=index ) 
ERR: INSERT  INTO `33hao_mb_user_token` (member_id,member_name,token,login_time,client_type) VALUES ('16','18934488948','b03101c57498f84e2f7400fd59d9e29f','1461213098','android') [ RunTime:1,461,213,098.589571s ]INSERT  INTO `33hao_mb_user_token` (member_id,member_name,token,login_time,client_type) VALUES ('16','18934488948','b03101c57498f84e2f7400fd59d9e29f','1461213098','android')
[2016-04-21 12:32:16] /33hao/mobile/index.php?act=member_favorites&op=favorites_store_list&token=b03101c57498f84e2f7400fd59d9e29f ( act=member_favorites&op=favorites_store_list ) 
ERR: SELECT * FROM `33hao_mb_user_token` WHERE ( token = 'b03101c57498f84e2f7400fd59d9e29f' ) LIMIT 1   [ RunTime:1,461,213,136.326480s ]SELECT * FROM `33hao_mb_user_token` WHERE ( token = 'b03101c57498f84e2f7400fd59d9e29f' ) LIMIT 1  
[2016-04-21 12:32:16] /33hao/mobile/index.php?act=member_favorites&op=favorites_store_list&token=b03101c57498f84e2f7400fd59d9e29f ( act=member_favorites&op=favorites_store_list ) 
ERR: SELECT * FROM `33hao_member` WHERE ( member_id = '16' ) LIMIT 1   [ RunTime:1,461,213,136.326480s ]SELECT * FROM `33hao_member` WHERE ( member_id = '16' ) LIMIT 1  
[2016-04-21 12:32:16] /33hao/mobile/index.php?act=member_favorites&op=favorites_store_list&token=b03101c57498f84e2f7400fd59d9e29f ( act=member_favorites&op=favorites_store_list ) 
ERR: SELECT * FROM `33hao_seller` WHERE ( member_id = '16' ) LIMIT 1   [ RunTime:1,461,213,136.326480s ]SELECT * FROM `33hao_seller` WHERE ( member_id = '16' ) LIMIT 1  
[2016-04-21 12:32:16] /33hao/mobile/index.php?act=member_favorites&op=favorites_store_list&token=b03101c57498f84e2f7400fd59d9e29f ( act=member_favorites&op=favorites_store_list ) 
ERR: SELECT * FROM `33hao_favorites` WHERE ( member_id = '16' ) AND ( fav_type = 'store' ) ORDER BY fav_time desc LIMIT 1000   [ RunTime:1,461,213,136.326480s ]SELECT * FROM `33hao_favorites` WHERE ( member_id = '16' ) AND ( fav_type = 'store' ) ORDER BY fav_time desc LIMIT 1000  
[2016-04-21 12:32:16] /33hao/mobile/index.php?act=member_favorites&op=favorites_store_list&token=b03101c57498f84e2f7400fd59d9e29f ( act=member_favorites&op=favorites_store_list ) 
ERR: SELECT COUNT(*) AS nc_count FROM `33hao_store` WHERE ( store_id IN ('17','33','35','43') ) LIMIT 1   [ RunTime:1,461,213,136.326480s ]SELECT COUNT(*) AS nc_count FROM `33hao_store` WHERE ( store_id IN ('17','33','35','43') ) LIMIT 1  
[2016-04-21 12:32:16] /33hao/mobile/index.php?act=member_favorites&op=favorites_store_list&token=b03101c57498f84e2f7400fd59d9e29f ( act=member_favorites&op=favorites_store_list ) 
ERR: SELECT * FROM `33hao_store` WHERE ( store_id IN ('17','33','35','43') ) LIMIT 0,5   [ RunTime:1,461,213,136.326480s ]SELECT * FROM `33hao_store` WHERE ( store_id IN ('17','33','35','43') ) LIMIT 0,5  
[2016-04-21 12:32:25] /33hao/mobile/index.php?act=member_favorites&op=favorites_store_list&token=b03101c57498f84e2f7400fd59d9e29f ( act=member_favorites&op=favorites_store_list ) 
ERR: SELECT * FROM `33hao_mb_user_token` WHERE ( token = 'b03101c57498f84e2f7400fd59d9e29f' ) LIMIT 1   [ RunTime:1,461,213,145.737664s ]SELECT * FROM `33hao_mb_user_token` WHERE ( token = 'b03101c57498f84e2f7400fd59d9e29f' ) LIMIT 1  
[2016-04-21 12:32:25] /33hao/mobile/index.php?act=member_favorites&op=favorites_store_list&token=b03101c57498f84e2f7400fd59d9e29f ( act=member_favorites&op=favorites_store_list ) 
ERR: SELECT * FROM `33hao_member` WHERE ( member_id = '16' ) LIMIT 1   [ RunTime:1,461,213,145.737664s ]SELECT * FROM `33hao_member` WHERE ( member_id = '16' ) LIMIT 1  
[2016-04-21 12:32:25] /33hao/mobile/index.php?act=member_favorites&op=favorites_store_list&token=b03101c57498f84e2f7400fd59d9e29f ( act=member_favorites&op=favorites_store_list ) 
ERR: SELECT * FROM `33hao_seller` WHERE ( member_id = '16' ) LIMIT 1   [ RunTime:1,461,213,145.737664s ]SELECT * FROM `33hao_seller` WHERE ( member_id = '16' ) LIMIT 1  
[2016-04-21 12:32:26] /33hao/mobile/index.php?act=member_favorites&op=favorites_store_list&token=b03101c57498f84e2f7400fd59d9e29f ( act=member_favorites&op=favorites_store_list ) 
ERR: SELECT * FROM `33hao_favorites` WHERE ( member_id = '16' ) AND ( fav_type = 'store' ) ORDER BY fav_time desc LIMIT 1000   [ RunTime:1,461,213,145.737664s ]SELECT * FROM `33hao_favorites` WHERE ( member_id = '16' ) AND ( fav_type = 'store' ) ORDER BY fav_time desc LIMIT 1000  
[2016-04-21 12:32:26] /33hao/mobile/index.php?act=member_favorites&op=favorites_store_list&token=b03101c57498f84e2f7400fd59d9e29f ( act=member_favorites&op=favorites_store_list ) 
ERR: SELECT COUNT(*) AS nc_count FROM `33hao_store` WHERE ( store_id IN ('17','33','35','43') ) LIMIT 1   [ RunTime:1,461,213,145.737664s ]SELECT COUNT(*) AS nc_count FROM `33hao_store` WHERE ( store_id IN ('17','33','35','43') ) LIMIT 1  
[2016-04-21 12:32:26] /33hao/mobile/index.php?act=member_favorites&op=favorites_store_list&token=b03101c57498f84e2f7400fd59d9e29f ( act=member_favorites&op=favorites_store_list ) 
ERR: SELECT * FROM `33hao_store` WHERE ( store_id IN ('17','33','35','43') ) LIMIT 0,5   [ RunTime:1,461,213,145.737664s ]SELECT * FROM `33hao_store` WHERE ( store_id IN ('17','33','35','43') ) LIMIT 0,5  
[2016-04-21 12:32:49] /33hao/mobile/index.php?act=member_favorites&op=favorites_store_list&token=b03101c57498f84e2f7400fd59d9e29f ( act=member_favorites&op=favorites_store_list ) 
ERR: SELECT * FROM `33hao_mb_user_token` WHERE ( token = 'b03101c57498f84e2f7400fd59d9e29f' ) LIMIT 1   [ RunTime:1,461,213,169.344876s ]SELECT * FROM `33hao_mb_user_token` WHERE ( token = 'b03101c57498f84e2f7400fd59d9e29f' ) LIMIT 1  
[2016-04-21 12:32:49] /33hao/mobile/index.php?act=member_favorites&op=favorites_store_list&token=b03101c57498f84e2f7400fd59d9e29f ( act=member_favorites&op=favorites_store_list ) 
ERR: SELECT * FROM `33hao_member` WHERE ( member_id = '16' ) LIMIT 1   [ RunTime:1,461,213,169.344876s ]SELECT * FROM `33hao_member` WHERE ( member_id = '16' ) LIMIT 1  
[2016-04-21 12:32:49] /33hao/mobile/index.php?act=member_favorites&op=favorites_store_list&token=b03101c57498f84e2f7400fd59d9e29f ( act=member_favorites&op=favorites_store_list ) 
ERR: SELECT * FROM `33hao_seller` WHERE ( member_id = '16' ) LIMIT 1   [ RunTime:1,461,213,169.344876s ]SELECT * FROM `33hao_seller` WHERE ( member_id = '16' ) LIMIT 1  
[2016-04-21 12:32:49] /33hao/mobile/index.php?act=member_favorites&op=favorites_store_list&token=b03101c57498f84e2f7400fd59d9e29f ( act=member_favorites&op=favorites_store_list ) 
ERR: SELECT * FROM `33hao_favorites` WHERE ( member_id = '16' ) AND ( fav_type = 'store' ) ORDER BY fav_time desc LIMIT 1000   [ RunTime:1,461,213,169.344876s ]SELECT * FROM `33hao_favorites` WHERE ( member_id = '16' ) AND ( fav_type = 'store' ) ORDER BY fav_time desc LIMIT 1000  
[2016-04-21 12:32:49] /33hao/mobile/index.php?act=member_favorites&op=favorites_store_list&token=b03101c57498f84e2f7400fd59d9e29f ( act=member_favorites&op=favorites_store_list ) 
ERR: SELECT COUNT(*) AS nc_count FROM `33hao_store` WHERE ( store_id IN ('17','33','35','43') ) LIMIT 1   [ RunTime:1,461,213,169.344876s ]SELECT COUNT(*) AS nc_count FROM `33hao_store` WHERE ( store_id IN ('17','33','35','43') ) LIMIT 1  
[2016-04-21 12:32:49] /33hao/mobile/index.php?act=member_favorites&op=favorites_store_list&token=b03101c57498f84e2f7400fd59d9e29f ( act=member_favorites&op=favorites_store_list ) 
ERR: SELECT * FROM `33hao_store` WHERE ( store_id IN ('17','33','35','43') ) LIMIT 0,5   [ RunTime:1,461,213,169.344876s ]SELECT * FROM `33hao_store` WHERE ( store_id IN ('17','33','35','43') ) LIMIT 0,5  
[2016-04-21 12:33:08] /33hao/mobile/index.php?act=member_favorites&op=favorites_store_list&token=b03101c57498f84e2f7400fd59d9e29f ( act=member_favorites&op=favorites_store_list ) 
ERR: SELECT * FROM `33hao_mb_user_token` WHERE ( token = 'b03101c57498f84e2f7400fd59d9e29f' ) LIMIT 1   [ RunTime:1,461,213,188.821545s ]SELECT * FROM `33hao_mb_user_token` WHERE ( token = 'b03101c57498f84e2f7400fd59d9e29f' ) LIMIT 1  
[2016-04-21 12:33:08] /33hao/mobile/index.php?act=member_favorites&op=favorites_store_list&token=b03101c57498f84e2f7400fd59d9e29f ( act=member_favorites&op=favorites_store_list ) 
ERR: SELECT * FROM `33hao_member` WHERE ( member_id = '16' ) LIMIT 1   [ RunTime:1,461,213,188.821545s ]SELECT * FROM `33hao_member` WHERE ( member_id = '16' ) LIMIT 1  
[2016-04-21 12:33:08] /33hao/mobile/index.php?act=member_favorites&op=favorites_store_list&token=b03101c57498f84e2f7400fd59d9e29f ( act=member_favorites&op=favorites_store_list ) 
ERR: SELECT * FROM `33hao_seller` WHERE ( member_id = '16' ) LIMIT 1   [ RunTime:1,461,213,188.821545s ]SELECT * FROM `33hao_seller` WHERE ( member_id = '16' ) LIMIT 1  
[2016-04-21 12:33:09] /33hao/mobile/index.php?act=member_favorites&op=favorites_store_list&token=b03101c57498f84e2f7400fd59d9e29f ( act=member_favorites&op=favorites_store_list ) 
ERR: SELECT * FROM `33hao_favorites` WHERE ( member_id = '16' ) AND ( fav_type = 'store' ) ORDER BY fav_time desc LIMIT 1000   [ RunTime:1,461,213,188.821545s ]SELECT * FROM `33hao_favorites` WHERE ( member_id = '16' ) AND ( fav_type = 'store' ) ORDER BY fav_time desc LIMIT 1000  
[2016-04-21 12:33:09] /33hao/mobile/index.php?act=member_favorites&op=favorites_store_list&token=b03101c57498f84e2f7400fd59d9e29f ( act=member_favorites&op=favorites_store_list ) 
ERR: SELECT COUNT(*) AS nc_count FROM `33hao_store` WHERE ( store_id IN ('17','33','35','43') ) LIMIT 1   [ RunTime:1,461,213,188.821545s ]SELECT COUNT(*) AS nc_count FROM `33hao_store` WHERE ( store_id IN ('17','33','35','43') ) LIMIT 1  
[2016-04-21 12:33:09] /33hao/mobile/index.php?act=member_favorites&op=favorites_store_list&token=b03101c57498f84e2f7400fd59d9e29f ( act=member_favorites&op=favorites_store_list ) 
ERR: SELECT * FROM `33hao_store` WHERE ( store_id IN ('17','33','35','43') ) LIMIT 0,5   [ RunTime:1,461,213,188.821545s ]SELECT * FROM `33hao_store` WHERE ( store_id IN ('17','33','35','43') ) LIMIT 0,5  
[2016-04-21 12:33:36] /33hao/mobile/index.php?act=member_favorites&op=favorites_store_list&token=b03101c57498f84e2f7400fd59d9e29f ( act=member_favorites&op=favorites_store_list ) 
ERR: SELECT * FROM `33hao_mb_user_token` WHERE ( token = 'b03101c57498f84e2f7400fd59d9e29f' ) LIMIT 1   [ RunTime:1,461,213,216.485647s ]SELECT * FROM `33hao_mb_user_token` WHERE ( token = 'b03101c57498f84e2f7400fd59d9e29f' ) LIMIT 1  
[2016-04-21 12:33:36] /33hao/mobile/index.php?act=member_favorites&op=favorites_store_list&token=b03101c57498f84e2f7400fd59d9e29f ( act=member_favorites&op=favorites_store_list ) 
ERR: SELECT * FROM `33hao_member` WHERE ( member_id = '16' ) LIMIT 1   [ RunTime:1,461,213,216.485647s ]SELECT * FROM `33hao_member` WHERE ( member_id = '16' ) LIMIT 1  
[2016-04-21 12:33:36] /33hao/mobile/index.php?act=member_favorites&op=favorites_store_list&token=b03101c57498f84e2f7400fd59d9e29f ( act=member_favorites&op=favorites_store_list ) 
ERR: SELECT * FROM `33hao_seller` WHERE ( member_id = '16' ) LIMIT 1   [ RunTime:1,461,213,216.485647s ]SELECT * FROM `33hao_seller` WHERE ( member_id = '16' ) LIMIT 1  
[2016-04-21 12:33:36] /33hao/mobile/index.php?act=member_favorites&op=favorites_store_list&token=b03101c57498f84e2f7400fd59d9e29f ( act=member_favorites&op=favorites_store_list ) 
ERR: SELECT * FROM `33hao_favorites` WHERE ( member_id = '16' ) AND ( fav_type = 'store' ) ORDER BY fav_time desc LIMIT 1000   [ RunTime:1,461,213,216.485647s ]SELECT * FROM `33hao_favorites` WHERE ( member_id = '16' ) AND ( fav_type = 'store' ) ORDER BY fav_time desc LIMIT 1000  
[2016-04-21 12:33:36] /33hao/mobile/index.php?act=member_favorites&op=favorites_store_list&token=b03101c57498f84e2f7400fd59d9e29f ( act=member_favorites&op=favorites_store_list ) 
ERR: SELECT COUNT(*) AS nc_count FROM `33hao_store` WHERE ( store_id IN ('17','33','35','43') ) LIMIT 1   [ RunTime:1,461,213,216.485647s ]SELECT COUNT(*) AS nc_count FROM `33hao_store` WHERE ( store_id IN ('17','33','35','43') ) LIMIT 1  
[2016-04-21 12:33:36] /33hao/mobile/index.php?act=member_favorites&op=favorites_store_list&token=b03101c57498f84e2f7400fd59d9e29f ( act=member_favorites&op=favorites_store_list ) 
ERR: SELECT * FROM `33hao_store` WHERE ( store_id IN ('17','33','35','43') ) LIMIT 0,5   [ RunTime:1,461,213,216.485647s ]SELECT * FROM `33hao_store` WHERE ( store_id IN ('17','33','35','43') ) LIMIT 0,5  
[2016-04-21 12:34:08] /33hao/mobile/index.php?act=member_favorites&op=favorites_store_list&token=b03101c57498f84e2f7400fd59d9e29f ( act=member_favorites&op=favorites_store_list ) 
ERR: SELECT * FROM `33hao_mb_user_token` WHERE ( token = 'b03101c57498f84e2f7400fd59d9e29f' ) LIMIT 1   [ RunTime:1,461,213,248.410381s ]SELECT * FROM `33hao_mb_user_token` WHERE ( token = 'b03101c57498f84e2f7400fd59d9e29f' ) LIMIT 1  
[2016-04-21 12:34:08] /33hao/mobile/index.php?act=member_favorites&op=favorites_store_list&token=b03101c57498f84e2f7400fd59d9e29f ( act=member_favorites&op=favorites_store_list ) 
ERR: SELECT * FROM `33hao_member` WHERE ( member_id = '16' ) LIMIT 1   [ RunTime:1,461,213,248.410381s ]SELECT * FROM `33hao_member` WHERE ( member_id = '16' ) LIMIT 1  
[2016-04-21 12:34:08] /33hao/mobile/index.php?act=member_favorites&op=favorites_store_list&token=b03101c57498f84e2f7400fd59d9e29f ( act=member_favorites&op=favorites_store_list ) 
ERR: SELECT * FROM `33hao_seller` WHERE ( member_id = '16' ) LIMIT 1   [ RunTime:1,461,213,248.410381s ]SELECT * FROM `33hao_seller` WHERE ( member_id = '16' ) LIMIT 1  
[2016-04-21 12:34:08] /33hao/mobile/index.php?act=member_favorites&op=favorites_store_list&token=b03101c57498f84e2f7400fd59d9e29f ( act=member_favorites&op=favorites_store_list ) 
ERR: SELECT * FROM `33hao_favorites` WHERE ( member_id = '16' ) AND ( fav_type = 'store' ) ORDER BY fav_time desc LIMIT 1000   [ RunTime:1,461,213,248.410381s ]SELECT * FROM `33hao_favorites` WHERE ( member_id = '16' ) AND ( fav_type = 'store' ) ORDER BY fav_time desc LIMIT 1000  
[2016-04-21 12:34:08] /33hao/mobile/index.php?act=member_favorites&op=favorites_store_list&token=b03101c57498f84e2f7400fd59d9e29f ( act=member_favorites&op=favorites_store_list ) 
ERR: SELECT COUNT(*) AS nc_count FROM `33hao_store` WHERE ( store_id IN ('17','33','35','43') ) LIMIT 1   [ RunTime:1,461,213,248.410381s ]SELECT COUNT(*) AS nc_count FROM `33hao_store` WHERE ( store_id IN ('17','33','35','43') ) LIMIT 1  
[2016-04-21 12:34:08] /33hao/mobile/index.php?act=member_favorites&op=favorites_store_list&token=b03101c57498f84e2f7400fd59d9e29f ( act=member_favorites&op=favorites_store_list ) 
ERR: SELECT * FROM `33hao_store` WHERE ( store_id IN ('17','33','35','43') ) LIMIT 0,5   [ RunTime:1,461,213,248.410381s ]SELECT * FROM `33hao_store` WHERE ( store_id IN ('17','33','35','43') ) LIMIT 0,5  
[2016-04-21 12:34:09] /33hao/mobile/index.php?act=member_favorites&op=favorites_store_list&token=b03101c57498f84e2f7400fd59d9e29f ( act=member_favorites&op=favorites_store_list ) 
ERR: SELECT AVG(seval_desccredit) as store_desccredit,AVG(seval_servicecredit) as store_servicecredit,AVG(seval_deliverycredit) as store_deliverycredit,COUNT(seval_id) as count FROM `33hao_evaluate_store` WHERE ( seval_storeid = '17' ) LIMIT 1   [ RunTime:1,461,213,248.410381s ]SELECT AVG(seval_desccredit) as store_desccredit,AVG(seval_servicecredit) as store_servicecredit,AVG(seval_deliverycredit) as store_deliverycredit,COUNT(seval_id) as count FROM `33hao_evaluate_store` WHERE ( seval_storeid = '17' ) LIMIT 1  
[2016-04-21 12:34:09] /33hao/mobile/index.php?act=member_favorites&op=favorites_store_list&token=b03101c57498f84e2f7400fd59d9e29f ( act=member_favorites&op=favorites_store_list ) 
ERR: SELECT * FROM `33hao_store` WHERE ( sc_id = '11' ) AND ( store_state = '1' ) LIMIT 1000   [ RunTime:1,461,213,248.410381s ]SELECT * FROM `33hao_store` WHERE ( sc_id = '11' ) AND ( store_state = '1' ) LIMIT 1000  
[2016-04-21 12:34:09] /33hao/mobile/index.php?act=member_favorites&op=favorites_store_list&token=b03101c57498f84e2f7400fd59d9e29f ( act=member_favorites&op=favorites_store_list ) 
ERR: SELECT AVG(seval_desccredit) as store_desccredit,AVG(seval_servicecredit) as store_servicecredit,AVG(seval_deliverycredit) as store_deliverycredit,COUNT(seval_id) as count FROM `33hao_evaluate_store` WHERE ( seval_storeid IN ('16','17','18','19','20','21','22','24','25','26','27','28','29','32','33','34','35','36','37','39','41','43','') ) LIMIT 1   [ RunTime:1,461,213,248.410381s ]SELECT AVG(seval_desccredit) as store_desccredit,AVG(seval_servicecredit) as store_servicecredit,AVG(seval_deliverycredit) as store_deliverycredit,COUNT(seval_id) as count FROM `33hao_evaluate_store` WHERE ( seval_storeid IN ('16','17','18','19','20','21','22','24','25','26','27','28','29','32','33','34','35','36','37','39','41','43','') ) LIMIT 1  
[2016-04-21 12:34:09] /33hao/mobile/index.php?act=member_favorites&op=favorites_store_list&token=b03101c57498f84e2f7400fd59d9e29f ( act=member_favorites&op=favorites_store_list ) 
ERR: SELECT AVG(seval_desccredit) as store_desccredit,AVG(seval_servicecredit) as store_servicecredit,AVG(seval_deliverycredit) as store_deliverycredit,COUNT(seval_id) as count FROM `33hao_evaluate_store` WHERE ( seval_storeid = '33' ) LIMIT 1   [ RunTime:1,461,213,248.410381s ]SELECT AVG(seval_desccredit) as store_desccredit,AVG(seval_servicecredit) as store_servicecredit,AVG(seval_deliverycredit) as store_deliverycredit,COUNT(seval_id) as count FROM `33hao_evaluate_store` WHERE ( seval_storeid = '33' ) LIMIT 1  
[2016-04-21 12:34:09] /33hao/mobile/index.php?act=member_favorites&op=favorites_store_list&token=b03101c57498f84e2f7400fd59d9e29f ( act=member_favorites&op=favorites_store_list ) 
ERR: SELECT * FROM `33hao_store` WHERE ( sc_id = '11' ) AND ( store_state = '1' ) LIMIT 1000   [ RunTime:1,461,213,248.410381s ]SELECT * FROM `33hao_store` WHERE ( sc_id = '11' ) AND ( store_state = '1' ) LIMIT 1000  
[2016-04-21 12:34:09] /33hao/mobile/index.php?act=member_favorites&op=favorites_store_list&token=b03101c57498f84e2f7400fd59d9e29f ( act=member_favorites&op=favorites_store_list ) 
ERR: SELECT AVG(seval_desccredit) as store_desccredit,AVG(seval_servicecredit) as store_servicecredit,AVG(seval_deliverycredit) as store_deliverycredit,COUNT(seval_id) as count FROM `33hao_evaluate_store` WHERE ( seval_storeid IN ('16','17','18','19','20','21','22','24','25','26','27','28','29','32','33','34','35','36','37','39','41','43','') ) LIMIT 1   [ RunTime:1,461,213,248.410381s ]SELECT AVG(seval_desccredit) as store_desccredit,AVG(seval_servicecredit) as store_servicecredit,AVG(seval_deliverycredit) as store_deliverycredit,COUNT(seval_id) as count FROM `33hao_evaluate_store` WHERE ( seval_storeid IN ('16','17','18','19','20','21','22','24','25','26','27','28','29','32','33','34','35','36','37','39','41','43','') ) LIMIT 1  
[2016-04-21 12:34:09] /33hao/mobile/index.php?act=member_favorites&op=favorites_store_list&token=b03101c57498f84e2f7400fd59d9e29f ( act=member_favorites&op=favorites_store_list ) 
ERR: SELECT AVG(seval_desccredit) as store_desccredit,AVG(seval_servicecredit) as store_servicecredit,AVG(seval_deliverycredit) as store_deliverycredit,COUNT(seval_id) as count FROM `33hao_evaluate_store` WHERE ( seval_storeid = '35' ) LIMIT 1   [ RunTime:1,461,213,248.410381s ]SELECT AVG(seval_desccredit) as store_desccredit,AVG(seval_servicecredit) as store_servicecredit,AVG(seval_deliverycredit) as store_deliverycredit,COUNT(seval_id) as count FROM `33hao_evaluate_store` WHERE ( seval_storeid = '35' ) LIMIT 1  
[2016-04-21 12:34:09] /33hao/mobile/index.php?act=member_favorites&op=favorites_store_list&token=b03101c57498f84e2f7400fd59d9e29f ( act=member_favorites&op=favorites_store_list ) 
ERR: SELECT * FROM `33hao_store` WHERE ( sc_id = '11' ) AND ( store_state = '1' ) LIMIT 1000   [ RunTime:1,461,213,248.410381s ]SELECT * FROM `33hao_store` WHERE ( sc_id = '11' ) AND ( store_state = '1' ) LIMIT 1000  
[2016-04-21 12:34:09] /33hao/mobile/index.php?act=member_favorites&op=favorites_store_list&token=b03101c57498f84e2f7400fd59d9e29f ( act=member_favorites&op=favorites_store_list ) 
ERR: SELECT AVG(seval_desccredit) as store_desccredit,AVG(seval_servicecredit) as store_servicecredit,AVG(seval_deliverycredit) as store_deliverycredit,COUNT(seval_id) as count FROM `33hao_evaluate_store` WHERE ( seval_storeid IN ('16','17','18','19','20','21','22','24','25','26','27','28','29','32','33','34','35','36','37','39','41','43','') ) LIMIT 1   [ RunTime:1,461,213,248.410381s ]SELECT AVG(seval_desccredit) as store_desccredit,AVG(seval_servicecredit) as store_servicecredit,AVG(seval_deliverycredit) as store_deliverycredit,COUNT(seval_id) as count FROM `33hao_evaluate_store` WHERE ( seval_storeid IN ('16','17','18','19','20','21','22','24','25','26','27','28','29','32','33','34','35','36','37','39','41','43','') ) LIMIT 1  
[2016-04-21 12:34:09] /33hao/mobile/index.php?act=member_favorites&op=favorites_store_list&token=b03101c57498f84e2f7400fd59d9e29f ( act=member_favorites&op=favorites_store_list ) 
ERR: SELECT AVG(seval_desccredit) as store_desccredit,AVG(seval_servicecredit) as store_servicecredit,AVG(seval_deliverycredit) as store_deliverycredit,COUNT(seval_id) as count FROM `33hao_evaluate_store` WHERE ( seval_storeid = '43' ) LIMIT 1   [ RunTime:1,461,213,248.410381s ]SELECT AVG(seval_desccredit) as store_desccredit,AVG(seval_servicecredit) as store_servicecredit,AVG(seval_deliverycredit) as store_deliverycredit,COUNT(seval_id) as count FROM `33hao_evaluate_store` WHERE ( seval_storeid = '43' ) LIMIT 1  
[2016-04-21 12:34:09] /33hao/mobile/index.php?act=member_favorites&op=favorites_store_list&token=b03101c57498f84e2f7400fd59d9e29f ( act=member_favorites&op=favorites_store_list ) 
ERR: SELECT * FROM `33hao_store` WHERE ( sc_id = '11' ) AND ( store_state = '1' ) LIMIT 1000   [ RunTime:1,461,213,248.410381s ]SELECT * FROM `33hao_store` WHERE ( sc_id = '11' ) AND ( store_state = '1' ) LIMIT 1000  
[2016-04-21 12:34:09] /33hao/mobile/index.php?act=member_favorites&op=favorites_store_list&token=b03101c57498f84e2f7400fd59d9e29f ( act=member_favorites&op=favorites_store_list ) 
ERR: SELECT AVG(seval_desccredit) as store_desccredit,AVG(seval_servicecredit) as store_servicecredit,AVG(seval_deliverycredit) as store_deliverycredit,COUNT(seval_id) as count FROM `33hao_evaluate_store` WHERE ( seval_storeid IN ('16','17','18','19','20','21','22','24','25','26','27','28','29','32','33','34','35','36','37','39','41','43','') ) LIMIT 1   [ RunTime:1,461,213,248.410381s ]SELECT AVG(seval_desccredit) as store_desccredit,AVG(seval_servicecredit) as store_servicecredit,AVG(seval_deliverycredit) as store_deliverycredit,COUNT(seval_id) as count FROM `33hao_evaluate_store` WHERE ( seval_storeid IN ('16','17','18','19','20','21','22','24','25','26','27','28','29','32','33','34','35','36','37','39','41','43','') ) LIMIT 1  
[2016-04-21 12:34:10] /33hao/mobile/index.php?act=member_favorites&op=favorites_store_list&token=b03101c57498f84e2f7400fd59d9e29f ( act=member_favorites&op=favorites_store_list ) 
ERR: SELECT store_id,count(*) as goods_count FROM `33hao_goods` WHERE ( goods_state = '1' ) AND ( store_id IN ('17','33','35','43') ) GROUP BY store_id LIMIT 1000   [ RunTime:1,461,213,248.410381s ]SELECT store_id,count(*) as goods_count FROM `33hao_goods` WHERE ( goods_state = '1' ) AND ( store_id IN ('17','33','35','43') ) GROUP BY store_id LIMIT 1000  
[2016-04-21 12:34:10] /33hao/mobile/index.php?act=member_favorites&op=favorites_store_list&token=b03101c57498f84e2f7400fd59d9e29f ( act=member_favorites&op=favorites_store_list ) 
ERR: SELECT goods_id,store_id,goods_name,goods_image,goods_price,goods_salenum FROM `33hao_goods` WHERE ( store_id = '17' ) AND ( goods_state = '1' ) ORDER BY goods_salenum desc LIMIT 8   [ RunTime:1,461,213,248.410381s ]SELECT goods_id,store_id,goods_name,goods_image,goods_price,goods_salenum FROM `33hao_goods` WHERE ( store_id = '17' ) AND ( goods_state = '1' ) ORDER BY goods_salenum desc LIMIT 8  
[2016-04-21 12:34:10] /33hao/mobile/index.php?act=member_favorites&op=favorites_store_list&token=b03101c57498f84e2f7400fd59d9e29f ( act=member_favorites&op=favorites_store_list ) 
ERR: SELECT goods_id,store_id,goods_name,goods_image,goods_price,goods_salenum FROM `33hao_goods` WHERE ( store_id = '33' ) AND ( goods_state = '1' ) ORDER BY goods_salenum desc LIMIT 8   [ RunTime:1,461,213,248.410381s ]SELECT goods_id,store_id,goods_name,goods_image,goods_price,goods_salenum FROM `33hao_goods` WHERE ( store_id = '33' ) AND ( goods_state = '1' ) ORDER BY goods_salenum desc LIMIT 8  
[2016-04-21 12:34:10] /33hao/mobile/index.php?act=member_favorites&op=favorites_store_list&token=b03101c57498f84e2f7400fd59d9e29f ( act=member_favorites&op=favorites_store_list ) 
ERR: SELECT goods_id,store_id,goods_name,goods_image,goods_price,goods_salenum FROM `33hao_goods` WHERE ( store_id = '35' ) AND ( goods_state = '1' ) ORDER BY goods_salenum desc LIMIT 8   [ RunTime:1,461,213,248.410381s ]SELECT goods_id,store_id,goods_name,goods_image,goods_price,goods_salenum FROM `33hao_goods` WHERE ( store_id = '35' ) AND ( goods_state = '1' ) ORDER BY goods_salenum desc LIMIT 8  
[2016-04-21 12:34:10] /33hao/mobile/index.php?act=member_favorites&op=favorites_store_list&token=b03101c57498f84e2f7400fd59d9e29f ( act=member_favorites&op=favorites_store_list ) 
ERR: SELECT goods_id,store_id,goods_name,goods_image,goods_price,goods_salenum FROM `33hao_goods` WHERE ( store_id = '43' ) AND ( goods_state = '1' ) ORDER BY goods_salenum desc LIMIT 8   [ RunTime:1,461,213,248.410381s ]SELECT goods_id,store_id,goods_name,goods_image,goods_price,goods_salenum FROM `33hao_goods` WHERE ( store_id = '43' ) AND ( goods_state = '1' ) ORDER BY goods_salenum desc LIMIT 8  
[2016-04-21 12:34:10] /33hao/mobile/index.php?act=member_favorites&op=favorites_store_list&token=b03101c57498f84e2f7400fd59d9e29f ( act=member_favorites&op=favorites_store_list ) 
ERR: SELECT store_id,count(*) as order_count FROM `33hao_order` WHERE ( store_id IN ('17','33','35','43') ) AND ( add_time > '1453437247' ) GROUP BY store_id LIMIT 1000   [ RunTime:1,461,213,248.410381s ]SELECT store_id,count(*) as order_count FROM `33hao_order` WHERE ( store_id IN ('17','33','35','43') ) AND ( add_time > '1453437247' ) GROUP BY store_id LIMIT 1000  
