[2016-04-29 12:39:58] /33hao/mobile/index.php?act=store&op=sns&sid=16 ( act=store&op=sns ) 
ERR: SELECT * FROM `33hao_member` WHERE ( member_id = NULL ) LIMIT 1   [ RunTime:1,461,904,798.886036s ]SELECT * FROM `33hao_member` WHERE ( member_id = NULL ) LIMIT 1  
[2016-04-29 12:39:59] /33hao/mobile/index.php?act=store&op=sns&sid=16 ( act=store&op=sns ) 
ERR: SELECT * FROM `33hao_seller` WHERE ( member_id = NULL ) LIMIT 1   [ RunTime:1,461,904,798.886036s ]SELECT * FROM `33hao_seller` WHERE ( member_id = NULL ) LIMIT 1  
[2016-04-29 12:39:59] /33hao/mobile/index.php?act=store&op=sns&sid=16 ( act=store&op=sns ) 
ERR: SELECT * FROM `33hao_store` WHERE ( store_id = '16' ) LIMIT 1   [ RunTime:1,461,904,798.886036s ]SELECT * FROM `33hao_store` WHERE ( store_id = '16' ) LIMIT 1  
[2016-04-29 12:39:59] /33hao/mobile/index.php?act=store&op=sns&sid=16 ( act=store&op=sns ) 
ERR: SELECT COUNT(*) AS nc_count FROM `33hao_goods_common` WHERE ( store_id = '16' ) AND ( goods_state = '1' ) AND ( goods_verify = '1' ) LIMIT 1   [ RunTime:1,461,904,798.886036s ]SELECT COUNT(*) AS nc_count FROM `33hao_goods_common` WHERE ( store_id = '16' ) AND ( goods_state = '1' ) AND ( goods_verify = '1' ) LIMIT 1  
[2016-04-29 12:39:59] /33hao/mobile/index.php?act=store&op=sns&sid=16 ( act=store&op=sns ) 
ERR: SELECT AVG(seval_desccredit) as store_desccredit,AVG(seval_servicecredit) as store_servicecredit,AVG(seval_deliverycredit) as store_deliverycredit,COUNT(seval_id) as count FROM `33hao_evaluate_store` WHERE ( seval_storeid = '16' ) LIMIT 1   [ RunTime:1,461,904,798.886036s ]SELECT AVG(seval_desccredit) as store_desccredit,AVG(seval_servicecredit) as store_servicecredit,AVG(seval_deliverycredit) as store_deliverycredit,COUNT(seval_id) as count FROM `33hao_evaluate_store` WHERE ( seval_storeid = '16' ) LIMIT 1  
[2016-04-29 12:39:59] /33hao/mobile/index.php?act=store&op=sns&sid=16 ( act=store&op=sns ) 
ERR: SELECT * FROM `33hao_store` WHERE ( sc_id = '11' ) AND ( store_state = '1' ) LIMIT 1000   [ RunTime:1,461,904,798.886036s ]SELECT * FROM `33hao_store` WHERE ( sc_id = '11' ) AND ( store_state = '1' ) LIMIT 1000  
[2016-04-29 12:39:59] /33hao/mobile/index.php?act=store&op=sns&sid=16 ( act=store&op=sns ) 
ERR: SELECT AVG(seval_desccredit) as store_desccredit,AVG(seval_servicecredit) as store_servicecredit,AVG(seval_deliverycredit) as store_deliverycredit,COUNT(seval_id) as count FROM `33hao_evaluate_store` WHERE ( seval_storeid IN ('16','17','18','19','20','21','22','24','25','26','27','28','29','32','33','34','35','36','37','39','41','43','') ) LIMIT 1   [ RunTime:1,461,904,798.886036s ]SELECT AVG(seval_desccredit) as store_desccredit,AVG(seval_servicecredit) as store_servicecredit,AVG(seval_deliverycredit) as store_deliverycredit,COUNT(seval_id) as count FROM `33hao_evaluate_store` WHERE ( seval_storeid IN ('16','17','18','19','20','21','22','24','25','26','27','28','29','32','33','34','35','36','37','39','41','43','') ) LIMIT 1  
[2016-04-29 12:39:59] /33hao/mobile/index.php?act=store&op=sns&sid=16 ( act=store&op=sns ) 
ERR: SELECT COUNT(*) AS nc_count FROM `33hao_store_sns_tracelog` WHERE ( strace_state = '1' ) AND ( strace_type = '2' ) AND ( strace_storeid = '16' ) ORDER BY strace_id desc LIMIT 1   [ RunTime:1,461,904,798.886036s ]SELECT COUNT(*) AS nc_count FROM `33hao_store_sns_tracelog` WHERE ( strace_state = '1' ) AND ( strace_type = '2' ) AND ( strace_storeid = '16' ) ORDER BY strace_id desc LIMIT 1  
[2016-04-29 12:40:00] /33hao/mobile/index.php?act=store&op=sns&sid=16 ( act=store&op=sns ) 
ERR: SELECT * FROM `33hao_store_sns_tracelog` WHERE ( strace_state = '1' ) AND ( strace_type = '2' ) AND ( strace_storeid = '16' ) ORDER BY strace_id desc LIMIT 0,5   [ RunTime:1,461,904,798.886036s ]SELECT * FROM `33hao_store_sns_tracelog` WHERE ( strace_state = '1' ) AND ( strace_type = '2' ) AND ( strace_storeid = '16' ) ORDER BY strace_id desc LIMIT 0,5  
[2016-04-29 12:40:00] /33hao/mobile/index.php?act=store&op=sns&sid=16 ( act=store&op=sns ) 
ERR: SELECT COUNT(*) AS nc_count FROM `33hao_store_sns_tracelog` WHERE ( strace_state = '1' ) AND ( strace_type = '2' ) AND ( strace_storeid = '16' ) LIMIT 1   [ RunTime:1,461,904,798.886036s ]SELECT COUNT(*) AS nc_count FROM `33hao_store_sns_tracelog` WHERE ( strace_state = '1' ) AND ( strace_type = '2' ) AND ( strace_storeid = '16' ) LIMIT 1  
[2016-04-29 12:40:41] /33hao/mobile/index.php?act=store&op=sns&sid=16 ( act=store&op=sns ) 
ERR: SELECT * FROM `33hao_member` WHERE ( member_id = NULL ) LIMIT 1   [ RunTime:1,461,904,841.015346s ]SELECT * FROM `33hao_member` WHERE ( member_id = NULL ) LIMIT 1  
[2016-04-29 12:40:41] /33hao/mobile/index.php?act=store&op=sns&sid=16 ( act=store&op=sns ) 
ERR: SELECT * FROM `33hao_seller` WHERE ( member_id = NULL ) LIMIT 1   [ RunTime:1,461,904,841.015346s ]SELECT * FROM `33hao_seller` WHERE ( member_id = NULL ) LIMIT 1  
[2016-04-29 12:40:41] /33hao/mobile/index.php?act=store&op=sns&sid=16 ( act=store&op=sns ) 
ERR: SELECT * FROM `33hao_store` WHERE ( store_id = '16' ) LIMIT 1   [ RunTime:1,461,904,841.015346s ]SELECT * FROM `33hao_store` WHERE ( store_id = '16' ) LIMIT 1  
[2016-04-29 12:40:41] /33hao/mobile/index.php?act=store&op=sns&sid=16 ( act=store&op=sns ) 
ERR: SELECT COUNT(*) AS nc_count FROM `33hao_goods_common` WHERE ( store_id = '16' ) AND ( goods_state = '1' ) AND ( goods_verify = '1' ) LIMIT 1   [ RunTime:1,461,904,841.015346s ]SELECT COUNT(*) AS nc_count FROM `33hao_goods_common` WHERE ( store_id = '16' ) AND ( goods_state = '1' ) AND ( goods_verify = '1' ) LIMIT 1  
[2016-04-29 12:40:41] /33hao/mobile/index.php?act=store&op=sns&sid=16 ( act=store&op=sns ) 
ERR: SELECT AVG(seval_desccredit) as store_desccredit,AVG(seval_servicecredit) as store_servicecredit,AVG(seval_deliverycredit) as store_deliverycredit,COUNT(seval_id) as count FROM `33hao_evaluate_store` WHERE ( seval_storeid = '16' ) LIMIT 1   [ RunTime:1,461,904,841.015346s ]SELECT AVG(seval_desccredit) as store_desccredit,AVG(seval_servicecredit) as store_servicecredit,AVG(seval_deliverycredit) as store_deliverycredit,COUNT(seval_id) as count FROM `33hao_evaluate_store` WHERE ( seval_storeid = '16' ) LIMIT 1  
[2016-04-29 12:40:42] /33hao/mobile/index.php?act=store&op=sns&sid=16 ( act=store&op=sns ) 
ERR: SELECT * FROM `33hao_store` WHERE ( sc_id = '11' ) AND ( store_state = '1' ) LIMIT 1000   [ RunTime:1,461,904,841.015346s ]SELECT * FROM `33hao_store` WHERE ( sc_id = '11' ) AND ( store_state = '1' ) LIMIT 1000  
[2016-04-29 12:40:42] /33hao/mobile/index.php?act=store&op=sns&sid=16 ( act=store&op=sns ) 
ERR: SELECT AVG(seval_desccredit) as store_desccredit,AVG(seval_servicecredit) as store_servicecredit,AVG(seval_deliverycredit) as store_deliverycredit,COUNT(seval_id) as count FROM `33hao_evaluate_store` WHERE ( seval_storeid IN ('16','17','18','19','20','21','22','24','25','26','27','28','29','32','33','34','35','36','37','39','41','43','') ) LIMIT 1   [ RunTime:1,461,904,841.015346s ]SELECT AVG(seval_desccredit) as store_desccredit,AVG(seval_servicecredit) as store_servicecredit,AVG(seval_deliverycredit) as store_deliverycredit,COUNT(seval_id) as count FROM `33hao_evaluate_store` WHERE ( seval_storeid IN ('16','17','18','19','20','21','22','24','25','26','27','28','29','32','33','34','35','36','37','39','41','43','') ) LIMIT 1  
[2016-04-29 12:40:42] /33hao/mobile/index.php?act=store&op=sns&sid=16 ( act=store&op=sns ) 
ERR: SELECT COUNT(*) AS nc_count FROM `33hao_store_sns_tracelog` WHERE ( strace_state = '1' ) AND ( strace_type = '2' ) AND ( strace_storeid = '16' ) ORDER BY strace_id desc LIMIT 1   [ RunTime:1,461,904,841.015346s ]SELECT COUNT(*) AS nc_count FROM `33hao_store_sns_tracelog` WHERE ( strace_state = '1' ) AND ( strace_type = '2' ) AND ( strace_storeid = '16' ) ORDER BY strace_id desc LIMIT 1  
[2016-04-29 12:40:43] /33hao/mobile/index.php?act=store&op=sns&sid=16 ( act=store&op=sns ) 
ERR: SELECT * FROM `33hao_store_sns_tracelog` WHERE ( strace_state = '1' ) AND ( strace_type = '2' ) AND ( strace_storeid = '16' ) ORDER BY strace_id desc LIMIT 0,5   [ RunTime:1,461,904,841.015346s ]SELECT * FROM `33hao_store_sns_tracelog` WHERE ( strace_state = '1' ) AND ( strace_type = '2' ) AND ( strace_storeid = '16' ) ORDER BY strace_id desc LIMIT 0,5  
[2016-04-29 12:40:43] /33hao/mobile/index.php?act=store&op=sns&sid=16 ( act=store&op=sns ) 
ERR: SELECT COUNT(*) AS nc_count FROM `33hao_store_sns_tracelog` WHERE ( strace_state = '1' ) AND ( strace_type = '2' ) AND ( strace_storeid = '16' ) LIMIT 1   [ RunTime:1,461,904,841.015346s ]SELECT COUNT(*) AS nc_count FROM `33hao_store_sns_tracelog` WHERE ( strace_state = '1' ) AND ( strace_type = '2' ) AND ( strace_storeid = '16' ) LIMIT 1  
[2016-04-29 12:40:59] /33hao/mobile/index.php?act=store&op=sns&sid=17 ( act=store&op=sns ) 
ERR: SELECT * FROM `33hao_member` WHERE ( member_id = NULL ) LIMIT 1   [ RunTime:1,461,904,859.747218s ]SELECT * FROM `33hao_member` WHERE ( member_id = NULL ) LIMIT 1  
[2016-04-29 12:40:59] /33hao/mobile/index.php?act=store&op=sns&sid=17 ( act=store&op=sns ) 
ERR: SELECT * FROM `33hao_seller` WHERE ( member_id = NULL ) LIMIT 1   [ RunTime:1,461,904,859.747218s ]SELECT * FROM `33hao_seller` WHERE ( member_id = NULL ) LIMIT 1  
[2016-04-29 12:41:00] /33hao/mobile/index.php?act=store&op=sns&sid=17 ( act=store&op=sns ) 
ERR: SELECT * FROM `33hao_store` WHERE ( store_id = '17' ) LIMIT 1   [ RunTime:1,461,904,859.747218s ]SELECT * FROM `33hao_store` WHERE ( store_id = '17' ) LIMIT 1  
[2016-04-29 12:41:00] /33hao/mobile/index.php?act=store&op=sns&sid=17 ( act=store&op=sns ) 
ERR: SELECT COUNT(*) AS nc_count FROM `33hao_goods_common` WHERE ( store_id = '17' ) AND ( goods_state = '1' ) AND ( goods_verify = '1' ) LIMIT 1   [ RunTime:1,461,904,859.747218s ]SELECT COUNT(*) AS nc_count FROM `33hao_goods_common` WHERE ( store_id = '17' ) AND ( goods_state = '1' ) AND ( goods_verify = '1' ) LIMIT 1  
[2016-04-29 12:41:00] /33hao/mobile/index.php?act=store&op=sns&sid=17 ( act=store&op=sns ) 
ERR: SELECT AVG(seval_desccredit) as store_desccredit,AVG(seval_servicecredit) as store_servicecredit,AVG(seval_deliverycredit) as store_deliverycredit,COUNT(seval_id) as count FROM `33hao_evaluate_store` WHERE ( seval_storeid = '17' ) LIMIT 1   [ RunTime:1,461,904,859.747218s ]SELECT AVG(seval_desccredit) as store_desccredit,AVG(seval_servicecredit) as store_servicecredit,AVG(seval_deliverycredit) as store_deliverycredit,COUNT(seval_id) as count FROM `33hao_evaluate_store` WHERE ( seval_storeid = '17' ) LIMIT 1  
[2016-04-29 12:41:00] /33hao/mobile/index.php?act=store&op=sns&sid=17 ( act=store&op=sns ) 
ERR: SELECT * FROM `33hao_store` WHERE ( sc_id = '11' ) AND ( store_state = '1' ) LIMIT 1000   [ RunTime:1,461,904,859.747218s ]SELECT * FROM `33hao_store` WHERE ( sc_id = '11' ) AND ( store_state = '1' ) LIMIT 1000  
[2016-04-29 12:41:00] /33hao/mobile/index.php?act=store&op=sns&sid=17 ( act=store&op=sns ) 
ERR: SELECT AVG(seval_desccredit) as store_desccredit,AVG(seval_servicecredit) as store_servicecredit,AVG(seval_deliverycredit) as store_deliverycredit,COUNT(seval_id) as count FROM `33hao_evaluate_store` WHERE ( seval_storeid IN ('16','17','18','19','20','21','22','24','25','26','27','28','29','32','33','34','35','36','37','39','41','43','') ) LIMIT 1   [ RunTime:1,461,904,859.747218s ]SELECT AVG(seval_desccredit) as store_desccredit,AVG(seval_servicecredit) as store_servicecredit,AVG(seval_deliverycredit) as store_deliverycredit,COUNT(seval_id) as count FROM `33hao_evaluate_store` WHERE ( seval_storeid IN ('16','17','18','19','20','21','22','24','25','26','27','28','29','32','33','34','35','36','37','39','41','43','') ) LIMIT 1  
[2016-04-29 12:41:00] /33hao/mobile/index.php?act=store&op=sns&sid=17 ( act=store&op=sns ) 
ERR: SELECT COUNT(*) AS nc_count FROM `33hao_store_sns_tracelog` WHERE ( strace_state = '1' ) AND ( strace_type = '2' ) AND ( strace_storeid = '17' ) ORDER BY strace_id desc LIMIT 1   [ RunTime:1,461,904,859.747218s ]SELECT COUNT(*) AS nc_count FROM `33hao_store_sns_tracelog` WHERE ( strace_state = '1' ) AND ( strace_type = '2' ) AND ( strace_storeid = '17' ) ORDER BY strace_id desc LIMIT 1  
[2016-04-29 12:41:00] /33hao/mobile/index.php?act=store&op=sns&sid=17 ( act=store&op=sns ) 
ERR: SELECT * FROM `33hao_store_sns_tracelog` WHERE ( strace_state = '1' ) AND ( strace_type = '2' ) AND ( strace_storeid = '17' ) ORDER BY strace_id desc LIMIT 0,5   [ RunTime:1,461,904,859.747218s ]SELECT * FROM `33hao_store_sns_tracelog` WHERE ( strace_state = '1' ) AND ( strace_type = '2' ) AND ( strace_storeid = '17' ) ORDER BY strace_id desc LIMIT 0,5  
[2016-04-29 12:41:00] /33hao/mobile/index.php?act=store&op=sns&sid=17 ( act=store&op=sns ) 
ERR: SELECT COUNT(*) AS nc_count FROM `33hao_store_sns_tracelog` WHERE ( strace_state = '1' ) AND ( strace_type = '2' ) AND ( strace_storeid = '17' ) LIMIT 1   [ RunTime:1,461,904,859.747218s ]SELECT COUNT(*) AS nc_count FROM `33hao_store_sns_tracelog` WHERE ( strace_state = '1' ) AND ( strace_type = '2' ) AND ( strace_storeid = '17' ) LIMIT 1  
[2016-04-29 12:41:15] /33hao/mobile/index.php?act=store&op=sns&sid=17 ( act=store&op=sns ) 
ERR: SELECT * FROM `33hao_member` WHERE ( member_id = NULL ) LIMIT 1   [ RunTime:1,461,904,875.896534s ]SELECT * FROM `33hao_member` WHERE ( member_id = NULL ) LIMIT 1  
[2016-04-29 12:41:16] /33hao/mobile/index.php?act=store&op=sns&sid=17 ( act=store&op=sns ) 
ERR: SELECT * FROM `33hao_seller` WHERE ( member_id = NULL ) LIMIT 1   [ RunTime:1,461,904,875.896534s ]SELECT * FROM `33hao_seller` WHERE ( member_id = NULL ) LIMIT 1  
[2016-04-29 12:41:16] /33hao/mobile/index.php?act=store&op=sns&sid=17 ( act=store&op=sns ) 
ERR: SELECT * FROM `33hao_store` WHERE ( store_id = '17' ) LIMIT 1   [ RunTime:1,461,904,875.896534s ]SELECT * FROM `33hao_store` WHERE ( store_id = '17' ) LIMIT 1  
[2016-04-29 12:41:16] /33hao/mobile/index.php?act=store&op=sns&sid=17 ( act=store&op=sns ) 
ERR: SELECT COUNT(*) AS nc_count FROM `33hao_goods_common` WHERE ( store_id = '17' ) AND ( goods_state = '1' ) AND ( goods_verify = '1' ) LIMIT 1   [ RunTime:1,461,904,875.896534s ]SELECT COUNT(*) AS nc_count FROM `33hao_goods_common` WHERE ( store_id = '17' ) AND ( goods_state = '1' ) AND ( goods_verify = '1' ) LIMIT 1  
[2016-04-29 12:41:16] /33hao/mobile/index.php?act=store&op=sns&sid=17 ( act=store&op=sns ) 
ERR: SELECT AVG(seval_desccredit) as store_desccredit,AVG(seval_servicecredit) as store_servicecredit,AVG(seval_deliverycredit) as store_deliverycredit,COUNT(seval_id) as count FROM `33hao_evaluate_store` WHERE ( seval_storeid = '17' ) LIMIT 1   [ RunTime:1,461,904,875.896534s ]SELECT AVG(seval_desccredit) as store_desccredit,AVG(seval_servicecredit) as store_servicecredit,AVG(seval_deliverycredit) as store_deliverycredit,COUNT(seval_id) as count FROM `33hao_evaluate_store` WHERE ( seval_storeid = '17' ) LIMIT 1  
[2016-04-29 12:41:16] /33hao/mobile/index.php?act=store&op=sns&sid=17 ( act=store&op=sns ) 
ERR: SELECT * FROM `33hao_store` WHERE ( sc_id = '11' ) AND ( store_state = '1' ) LIMIT 1000   [ RunTime:1,461,904,875.896534s ]SELECT * FROM `33hao_store` WHERE ( sc_id = '11' ) AND ( store_state = '1' ) LIMIT 1000  
[2016-04-29 12:41:16] /33hao/mobile/index.php?act=store&op=sns&sid=17 ( act=store&op=sns ) 
ERR: SELECT AVG(seval_desccredit) as store_desccredit,AVG(seval_servicecredit) as store_servicecredit,AVG(seval_deliverycredit) as store_deliverycredit,COUNT(seval_id) as count FROM `33hao_evaluate_store` WHERE ( seval_storeid IN ('16','17','18','19','20','21','22','24','25','26','27','28','29','32','33','34','35','36','37','39','41','43','') ) LIMIT 1   [ RunTime:1,461,904,875.896534s ]SELECT AVG(seval_desccredit) as store_desccredit,AVG(seval_servicecredit) as store_servicecredit,AVG(seval_deliverycredit) as store_deliverycredit,COUNT(seval_id) as count FROM `33hao_evaluate_store` WHERE ( seval_storeid IN ('16','17','18','19','20','21','22','24','25','26','27','28','29','32','33','34','35','36','37','39','41','43','') ) LIMIT 1  
[2016-04-29 12:41:16] /33hao/mobile/index.php?act=store&op=sns&sid=17 ( act=store&op=sns ) 
ERR: SELECT COUNT(*) AS nc_count FROM `33hao_store_sns_tracelog` WHERE ( strace_state = '1' ) AND ( strace_type = '2' ) AND ( strace_storeid = '17' ) ORDER BY strace_id desc LIMIT 1   [ RunTime:1,461,904,875.896534s ]SELECT COUNT(*) AS nc_count FROM `33hao_store_sns_tracelog` WHERE ( strace_state = '1' ) AND ( strace_type = '2' ) AND ( strace_storeid = '17' ) ORDER BY strace_id desc LIMIT 1  
[2016-04-29 12:41:16] /33hao/mobile/index.php?act=store&op=sns&sid=17 ( act=store&op=sns ) 
ERR: SELECT * FROM `33hao_store_sns_tracelog` WHERE ( strace_state = '1' ) AND ( strace_type = '2' ) AND ( strace_storeid = '17' ) ORDER BY strace_id desc LIMIT 0,5   [ RunTime:1,461,904,875.896534s ]SELECT * FROM `33hao_store_sns_tracelog` WHERE ( strace_state = '1' ) AND ( strace_type = '2' ) AND ( strace_storeid = '17' ) ORDER BY strace_id desc LIMIT 0,5  
[2016-04-29 12:41:16] /33hao/mobile/index.php?act=store&op=sns&sid=17 ( act=store&op=sns ) 
ERR: SELECT COUNT(*) AS nc_count FROM `33hao_store_sns_tracelog` WHERE ( strace_state = '1' ) AND ( strace_type = '2' ) AND ( strace_storeid = '17' ) LIMIT 1   [ RunTime:1,461,904,875.896534s ]SELECT COUNT(*) AS nc_count FROM `33hao_store_sns_tracelog` WHERE ( strace_state = '1' ) AND ( strace_type = '2' ) AND ( strace_storeid = '17' ) LIMIT 1  
[2016-04-29 12:41:21] /33hao/mobile/index.php?act=store&op=sns&sid=16 ( act=store&op=sns ) 
ERR: SELECT * FROM `33hao_member` WHERE ( member_id = NULL ) LIMIT 1   [ RunTime:1,461,904,881.569633s ]SELECT * FROM `33hao_member` WHERE ( member_id = NULL ) LIMIT 1  
[2016-04-29 12:41:21] /33hao/mobile/index.php?act=store&op=sns&sid=16 ( act=store&op=sns ) 
ERR: SELECT * FROM `33hao_seller` WHERE ( member_id = NULL ) LIMIT 1   [ RunTime:1,461,904,881.569633s ]SELECT * FROM `33hao_seller` WHERE ( member_id = NULL ) LIMIT 1  
[2016-04-29 12:41:21] /33hao/mobile/index.php?act=store&op=sns&sid=16 ( act=store&op=sns ) 
ERR: SELECT * FROM `33hao_store` WHERE ( store_id = '16' ) LIMIT 1   [ RunTime:1,461,904,881.569633s ]SELECT * FROM `33hao_store` WHERE ( store_id = '16' ) LIMIT 1  
[2016-04-29 12:41:21] /33hao/mobile/index.php?act=store&op=sns&sid=16 ( act=store&op=sns ) 
ERR: SELECT COUNT(*) AS nc_count FROM `33hao_goods_common` WHERE ( store_id = '16' ) AND ( goods_state = '1' ) AND ( goods_verify = '1' ) LIMIT 1   [ RunTime:1,461,904,881.569633s ]SELECT COUNT(*) AS nc_count FROM `33hao_goods_common` WHERE ( store_id = '16' ) AND ( goods_state = '1' ) AND ( goods_verify = '1' ) LIMIT 1  
[2016-04-29 12:41:22] /33hao/mobile/index.php?act=store&op=sns&sid=16 ( act=store&op=sns ) 
ERR: SELECT AVG(seval_desccredit) as store_desccredit,AVG(seval_servicecredit) as store_servicecredit,AVG(seval_deliverycredit) as store_deliverycredit,COUNT(seval_id) as count FROM `33hao_evaluate_store` WHERE ( seval_storeid = '16' ) LIMIT 1   [ RunTime:1,461,904,881.569633s ]SELECT AVG(seval_desccredit) as store_desccredit,AVG(seval_servicecredit) as store_servicecredit,AVG(seval_deliverycredit) as store_deliverycredit,COUNT(seval_id) as count FROM `33hao_evaluate_store` WHERE ( seval_storeid = '16' ) LIMIT 1  
[2016-04-29 12:41:22] /33hao/mobile/index.php?act=store&op=sns&sid=16 ( act=store&op=sns ) 
ERR: SELECT * FROM `33hao_store` WHERE ( sc_id = '11' ) AND ( store_state = '1' ) LIMIT 1000   [ RunTime:1,461,904,881.569633s ]SELECT * FROM `33hao_store` WHERE ( sc_id = '11' ) AND ( store_state = '1' ) LIMIT 1000  
[2016-04-29 12:41:22] /33hao/mobile/index.php?act=store&op=sns&sid=16 ( act=store&op=sns ) 
ERR: SELECT AVG(seval_desccredit) as store_desccredit,AVG(seval_servicecredit) as store_servicecredit,AVG(seval_deliverycredit) as store_deliverycredit,COUNT(seval_id) as count FROM `33hao_evaluate_store` WHERE ( seval_storeid IN ('16','17','18','19','20','21','22','24','25','26','27','28','29','32','33','34','35','36','37','39','41','43','') ) LIMIT 1   [ RunTime:1,461,904,881.569633s ]SELECT AVG(seval_desccredit) as store_desccredit,AVG(seval_servicecredit) as store_servicecredit,AVG(seval_deliverycredit) as store_deliverycredit,COUNT(seval_id) as count FROM `33hao_evaluate_store` WHERE ( seval_storeid IN ('16','17','18','19','20','21','22','24','25','26','27','28','29','32','33','34','35','36','37','39','41','43','') ) LIMIT 1  
[2016-04-29 12:41:23] /33hao/mobile/index.php?act=store&op=sns&sid=16 ( act=store&op=sns ) 
ERR: SELECT COUNT(*) AS nc_count FROM `33hao_store_sns_tracelog` WHERE ( strace_state = '1' ) AND ( strace_type = '2' ) AND ( strace_storeid = '16' ) ORDER BY strace_id desc LIMIT 1   [ RunTime:1,461,904,881.569633s ]SELECT COUNT(*) AS nc_count FROM `33hao_store_sns_tracelog` WHERE ( strace_state = '1' ) AND ( strace_type = '2' ) AND ( strace_storeid = '16' ) ORDER BY strace_id desc LIMIT 1  
[2016-04-29 12:41:23] /33hao/mobile/index.php?act=store&op=sns&sid=16 ( act=store&op=sns ) 
ERR: SELECT * FROM `33hao_store_sns_tracelog` WHERE ( strace_state = '1' ) AND ( strace_type = '2' ) AND ( strace_storeid = '16' ) ORDER BY strace_id desc LIMIT 0,5   [ RunTime:1,461,904,881.569633s ]SELECT * FROM `33hao_store_sns_tracelog` WHERE ( strace_state = '1' ) AND ( strace_type = '2' ) AND ( strace_storeid = '16' ) ORDER BY strace_id desc LIMIT 0,5  
[2016-04-29 12:41:23] /33hao/mobile/index.php?act=store&op=sns&sid=16 ( act=store&op=sns ) 
ERR: SELECT COUNT(*) AS nc_count FROM `33hao_store_sns_tracelog` WHERE ( strace_state = '1' ) AND ( strace_type = '2' ) AND ( strace_storeid = '16' ) LIMIT 1   [ RunTime:1,461,904,881.569633s ]SELECT COUNT(*) AS nc_count FROM `33hao_store_sns_tracelog` WHERE ( strace_state = '1' ) AND ( strace_type = '2' ) AND ( strace_storeid = '16' ) LIMIT 1  
