[2016-04-25 11:13:36] /33hao/mobile/index.php?act=member_buy&op=buy_step1&cart_ids=234|1&token=82f298535b83d774a0824f1058075256 ( act=member_buy&op=buy_step1 ) 
ERR: SELECT * FROM `33hao_mb_user_token` WHERE ( token = '82f298535b83d774a0824f1058075256' ) LIMIT 1   [ RunTime:1,461,554,016.284193s ]SELECT * FROM `33hao_mb_user_token` WHERE ( token = '82f298535b83d774a0824f1058075256' ) LIMIT 1  
[2016-04-25 11:13:36] /33hao/mobile/index.php?act=member_buy&op=buy_step1&cart_ids=234|1&token=82f298535b83d774a0824f1058075256 ( act=member_buy&op=buy_step1 ) 
ERR: SELECT * FROM `33hao_member` WHERE ( member_id = '16' ) LIMIT 1   [ RunTime:1,461,554,016.284193s ]SELECT * FROM `33hao_member` WHERE ( member_id = '16' ) LIMIT 1  
[2016-04-25 11:13:36] /33hao/mobile/index.php?act=member_buy&op=buy_step1&cart_ids=234|1&token=82f298535b83d774a0824f1058075256 ( act=member_buy&op=buy_step1 ) 
ERR: SELECT * FROM `33hao_seller` WHERE ( member_id = '16' ) LIMIT 1   [ RunTime:1,461,554,016.284193s ]SELECT * FROM `33hao_seller` WHERE ( member_id = '16' ) LIMIT 1  
[2016-04-25 11:13:37] /33hao/mobile/index.php?act=member_buy&op=buy_step1&cart_ids=234|1&token=82f298535b83d774a0824f1058075256 ( act=member_buy&op=buy_step1 ) 
ERR: SELECT * FROM `33hao_goods` WHERE ( goods_id = '234' ) LIMIT 1   [ RunTime:1,461,554,016.284193s ]SELECT * FROM `33hao_goods` WHERE ( goods_id = '234' ) LIMIT 1  
[2016-04-25 11:13:37] /33hao/mobile/index.php?act=member_buy&op=buy_step1&cart_ids=234|1&token=82f298535b83d774a0824f1058075256 ( act=member_buy&op=buy_step1 ) 
ERR: SELECT * FROM `33hao_groupbuy` WHERE ( state = '20' ) AND ( end_time > '1461554015' ) AND ( goods_commonid = '100088' ) ORDER BY start_time asc LIMIT 1   [ RunTime:1,461,554,016.284193s ]SELECT * FROM `33hao_groupbuy` WHERE ( state = '20' ) AND ( end_time > '1461554015' ) AND ( goods_commonid = '100088' ) ORDER BY start_time asc LIMIT 1  
[2016-04-25 11:13:37] /33hao/mobile/index.php?act=member_buy&op=buy_step1&cart_ids=234|1&token=82f298535b83d774a0824f1058075256 ( act=member_buy&op=buy_step1 ) 
ERR: SELECT * FROM `33hao_p_xianshi_goods` WHERE ( state = '1' ) AND ( end_time > '1461554015' ) AND ( goods_id = '234' ) ORDER BY start_time asc LIMIT 1   [ RunTime:1,461,554,016.284193s ]SELECT * FROM `33hao_p_xianshi_goods` WHERE ( state = '1' ) AND ( end_time > '1461554015' ) AND ( goods_id = '234' ) ORDER BY start_time asc LIMIT 1  
[2016-04-25 11:13:45] /33hao/mobile/index.php?act=member_buy&op=buy_step1&cart_ids=234|1&token=fea098511f8bcbc448cb7497f03509d0 ( act=member_buy&op=buy_step1 ) 
ERR: SELECT * FROM `33hao_mb_user_token` WHERE ( token = 'fea098511f8bcbc448cb7497f03509d0' ) LIMIT 1   [ RunTime:1,461,554,025.087248s ]SELECT * FROM `33hao_mb_user_token` WHERE ( token = 'fea098511f8bcbc448cb7497f03509d0' ) LIMIT 1  
[2016-04-25 11:13:45] /33hao/mobile/index.php?act=member_buy&op=buy_step1&cart_ids=234|1&token=fea098511f8bcbc448cb7497f03509d0 ( act=member_buy&op=buy_step1 ) 
ERR: SELECT * FROM `33hao_member` WHERE ( member_id = '16' ) LIMIT 1   [ RunTime:1,461,554,025.087248s ]SELECT * FROM `33hao_member` WHERE ( member_id = '16' ) LIMIT 1  
[2016-04-25 11:13:45] /33hao/mobile/index.php?act=member_buy&op=buy_step1&cart_ids=234|1&token=fea098511f8bcbc448cb7497f03509d0 ( act=member_buy&op=buy_step1 ) 
ERR: SELECT * FROM `33hao_seller` WHERE ( member_id = '16' ) LIMIT 1   [ RunTime:1,461,554,025.087248s ]SELECT * FROM `33hao_seller` WHERE ( member_id = '16' ) LIMIT 1  
[2016-04-25 11:13:45] /33hao/mobile/index.php?act=member_buy&op=buy_step1&cart_ids=234|1&token=fea098511f8bcbc448cb7497f03509d0 ( act=member_buy&op=buy_step1 ) 
ERR: SELECT * FROM `33hao_goods` WHERE ( goods_id = '234' ) LIMIT 1   [ RunTime:1,461,554,025.087248s ]SELECT * FROM `33hao_goods` WHERE ( goods_id = '234' ) LIMIT 1  
[2016-04-25 11:13:45] /33hao/mobile/index.php?act=member_buy&op=buy_step1&cart_ids=234|1&token=fea098511f8bcbc448cb7497f03509d0 ( act=member_buy&op=buy_step1 ) 
ERR: SELECT * FROM `33hao_groupbuy` WHERE ( state = '20' ) AND ( end_time > '1461554022' ) AND ( goods_commonid = '100088' ) ORDER BY start_time asc LIMIT 1   [ RunTime:1,461,554,025.087248s ]SELECT * FROM `33hao_groupbuy` WHERE ( state = '20' ) AND ( end_time > '1461554022' ) AND ( goods_commonid = '100088' ) ORDER BY start_time asc LIMIT 1  
[2016-04-25 11:13:45] /33hao/mobile/index.php?act=member_buy&op=buy_step1&cart_ids=234|1&token=fea098511f8bcbc448cb7497f03509d0 ( act=member_buy&op=buy_step1 ) 
ERR: SELECT * FROM `33hao_p_xianshi_goods` WHERE ( state = '1' ) AND ( end_time > '1461554022' ) AND ( goods_id = '234' ) ORDER BY start_time asc LIMIT 1   [ RunTime:1,461,554,025.087248s ]SELECT * FROM `33hao_p_xianshi_goods` WHERE ( state = '1' ) AND ( end_time > '1461554022' ) AND ( goods_id = '234' ) ORDER BY start_time asc LIMIT 1  
[2016-04-25 11:14:00] /33hao/mobile/index.php?act=member_buy&op=buy_step1&cart_ids=234,1&token=fea098511f8bcbc448cb7497f03509d0 ( act=member_buy&op=buy_step1 ) 
ERR: SELECT * FROM `33hao_mb_user_token` WHERE ( token = 'fea098511f8bcbc448cb7497f03509d0' ) LIMIT 1   [ RunTime:1,461,554,040.436962s ]SELECT * FROM `33hao_mb_user_token` WHERE ( token = 'fea098511f8bcbc448cb7497f03509d0' ) LIMIT 1  
[2016-04-25 11:14:00] /33hao/mobile/index.php?act=member_buy&op=buy_step1&cart_ids=234,1&token=fea098511f8bcbc448cb7497f03509d0 ( act=member_buy&op=buy_step1 ) 
ERR: SELECT * FROM `33hao_member` WHERE ( member_id = '16' ) LIMIT 1   [ RunTime:1,461,554,040.436962s ]SELECT * FROM `33hao_member` WHERE ( member_id = '16' ) LIMIT 1  
[2016-04-25 11:14:01] /33hao/mobile/index.php?act=member_buy&op=buy_step1&cart_ids=234,1&token=fea098511f8bcbc448cb7497f03509d0 ( act=member_buy&op=buy_step1 ) 
ERR: SELECT * FROM `33hao_seller` WHERE ( member_id = '16' ) LIMIT 1   [ RunTime:1,461,554,040.436962s ]SELECT * FROM `33hao_seller` WHERE ( member_id = '16' ) LIMIT 1  
[2016-04-25 11:14:35] /33hao/mobile/index.php?act=member_buy&op=buy_step1&cart_ids=234|1&token=fea098511f8bcbc448cb7497f03509d0 ( act=member_buy&op=buy_step1 ) 
ERR: SELECT * FROM `33hao_mb_user_token` WHERE ( token = 'fea098511f8bcbc448cb7497f03509d0' ) LIMIT 1   [ RunTime:1,461,554,075.823707s ]SELECT * FROM `33hao_mb_user_token` WHERE ( token = 'fea098511f8bcbc448cb7497f03509d0' ) LIMIT 1  
[2016-04-25 11:14:35] /33hao/mobile/index.php?act=member_buy&op=buy_step1&cart_ids=234|1&token=fea098511f8bcbc448cb7497f03509d0 ( act=member_buy&op=buy_step1 ) 
ERR: SELECT * FROM `33hao_member` WHERE ( member_id = '16' ) LIMIT 1   [ RunTime:1,461,554,075.823707s ]SELECT * FROM `33hao_member` WHERE ( member_id = '16' ) LIMIT 1  
[2016-04-25 11:14:36] /33hao/mobile/index.php?act=member_buy&op=buy_step1&cart_ids=234|1&token=fea098511f8bcbc448cb7497f03509d0 ( act=member_buy&op=buy_step1 ) 
ERR: SELECT * FROM `33hao_seller` WHERE ( member_id = '16' ) LIMIT 1   [ RunTime:1,461,554,075.823707s ]SELECT * FROM `33hao_seller` WHERE ( member_id = '16' ) LIMIT 1  
[2016-04-25 11:14:36] /33hao/mobile/index.php?act=member_buy&op=buy_step1&cart_ids=234|1&token=fea098511f8bcbc448cb7497f03509d0 ( act=member_buy&op=buy_step1 ) 
ERR: SELECT * FROM `33hao_goods` WHERE ( goods_id = '234' ) LIMIT 1   [ RunTime:1,461,554,075.823707s ]SELECT * FROM `33hao_goods` WHERE ( goods_id = '234' ) LIMIT 1  
[2016-04-25 11:14:36] /33hao/mobile/index.php?act=member_buy&op=buy_step1&cart_ids=234|1&token=fea098511f8bcbc448cb7497f03509d0 ( act=member_buy&op=buy_step1 ) 
ERR: SELECT * FROM `33hao_groupbuy` WHERE ( state = '20' ) AND ( end_time > '1461554074' ) AND ( goods_commonid = '100088' ) ORDER BY start_time asc LIMIT 1   [ RunTime:1,461,554,075.823707s ]SELECT * FROM `33hao_groupbuy` WHERE ( state = '20' ) AND ( end_time > '1461554074' ) AND ( goods_commonid = '100088' ) ORDER BY start_time asc LIMIT 1  
[2016-04-25 11:14:36] /33hao/mobile/index.php?act=member_buy&op=buy_step1&cart_ids=234|1&token=fea098511f8bcbc448cb7497f03509d0 ( act=member_buy&op=buy_step1 ) 
ERR: SELECT * FROM `33hao_p_xianshi_goods` WHERE ( state = '1' ) AND ( end_time > '1461554074' ) AND ( goods_id = '234' ) ORDER BY start_time asc LIMIT 1   [ RunTime:1,461,554,075.823707s ]SELECT * FROM `33hao_p_xianshi_goods` WHERE ( state = '1' ) AND ( end_time > '1461554074' ) AND ( goods_id = '234' ) ORDER BY start_time asc LIMIT 1  
[2016-04-25 11:15:16] /33hao/mobile/index.php?act=member_buy&op=buy_step1&cart_ids=857|1&token=fea098511f8bcbc448cb7497f03509d0 ( act=member_buy&op=buy_step1 ) 
ERR: SELECT * FROM `33hao_mb_user_token` WHERE ( token = 'fea098511f8bcbc448cb7497f03509d0' ) LIMIT 1   [ RunTime:1,461,554,116.170760s ]SELECT * FROM `33hao_mb_user_token` WHERE ( token = 'fea098511f8bcbc448cb7497f03509d0' ) LIMIT 1  
[2016-04-25 11:15:16] /33hao/mobile/index.php?act=member_buy&op=buy_step1&cart_ids=857|1&token=fea098511f8bcbc448cb7497f03509d0 ( act=member_buy&op=buy_step1 ) 
ERR: SELECT * FROM `33hao_member` WHERE ( member_id = '16' ) LIMIT 1   [ RunTime:1,461,554,116.170760s ]SELECT * FROM `33hao_member` WHERE ( member_id = '16' ) LIMIT 1  
[2016-04-25 11:15:17] /33hao/mobile/index.php?act=member_buy&op=buy_step1&cart_ids=857|1&token=fea098511f8bcbc448cb7497f03509d0 ( act=member_buy&op=buy_step1 ) 
ERR: SELECT * FROM `33hao_seller` WHERE ( member_id = '16' ) LIMIT 1   [ RunTime:1,461,554,116.170760s ]SELECT * FROM `33hao_seller` WHERE ( member_id = '16' ) LIMIT 1  
[2016-04-25 11:15:18] /33hao/mobile/index.php?act=member_buy&op=buy_step1&cart_ids=857|1&token=fea098511f8bcbc448cb7497f03509d0 ( act=member_buy&op=buy_step1 ) 
ERR: SELECT * FROM `33hao_goods` WHERE ( goods_id = '857' ) LIMIT 1   [ RunTime:1,461,554,116.170760s ]SELECT * FROM `33hao_goods` WHERE ( goods_id = '857' ) LIMIT 1  
[2016-04-25 11:15:18] /33hao/mobile/index.php?act=member_buy&op=buy_step1&cart_ids=857|1&token=fea098511f8bcbc448cb7497f03509d0 ( act=member_buy&op=buy_step1 ) 
ERR: SELECT * FROM `33hao_groupbuy` WHERE ( state = '20' ) AND ( end_time > '1461554106' ) AND ( goods_commonid = '100390' ) ORDER BY start_time asc LIMIT 1   [ RunTime:1,461,554,116.170760s ]SELECT * FROM `33hao_groupbuy` WHERE ( state = '20' ) AND ( end_time > '1461554106' ) AND ( goods_commonid = '100390' ) ORDER BY start_time asc LIMIT 1  
[2016-04-25 11:15:18] /33hao/mobile/index.php?act=member_buy&op=buy_step1&cart_ids=857|1&token=fea098511f8bcbc448cb7497f03509d0 ( act=member_buy&op=buy_step1 ) 
ERR: SELECT * FROM `33hao_p_xianshi_goods` WHERE ( state = '1' ) AND ( end_time > '1461554106' ) AND ( goods_id = '857' ) ORDER BY start_time asc LIMIT 1   [ RunTime:1,461,554,116.170760s ]SELECT * FROM `33hao_p_xianshi_goods` WHERE ( state = '1' ) AND ( end_time > '1461554106' ) AND ( goods_id = '857' ) ORDER BY start_time asc LIMIT 1  
[2016-04-25 11:15:18] /33hao/mobile/index.php?act=member_buy&op=buy_step1&cart_ids=857|1&token=fea098511f8bcbc448cb7497f03509d0 ( act=member_buy&op=buy_step1 ) 
ERR: SELECT * FROM `33hao_p_mansong` WHERE ( state = '1' ) AND ( store_id = '17' ) AND ( end_time > '1461554106' ) ORDER BY start_time asc LIMIT 1   [ RunTime:1,461,554,116.170760s ]SELECT * FROM `33hao_p_mansong` WHERE ( state = '1' ) AND ( store_id = '17' ) AND ( end_time > '1461554106' ) ORDER BY start_time asc LIMIT 1  
[2016-04-25 11:15:18] /33hao/mobile/index.php?act=member_buy&op=buy_step1&cart_ids=857|1&token=fea098511f8bcbc448cb7497f03509d0 ( act=member_buy&op=buy_step1 ) 
ERR: SELECT * FROM `33hao_voucher` WHERE ( voucher_store_id = '17' ) AND ( voucher_owner_id = '16' ) AND ( voucher_end_date > '1461554106' ) AND ( voucher_state = '1' ) LIMIT 1000   [ RunTime:1,461,554,116.170760s ]SELECT * FROM `33hao_voucher` WHERE ( voucher_store_id = '17' ) AND ( voucher_owner_id = '16' ) AND ( voucher_end_date > '1461554106' ) AND ( voucher_state = '1' ) LIMIT 1000  
[2016-04-25 11:15:18] /33hao/mobile/index.php?act=member_buy&op=buy_step1&cart_ids=857|1&token=fea098511f8bcbc448cb7497f03509d0 ( act=member_buy&op=buy_step1 ) 
ERR: SELECT store_id,store_free_price FROM `33hao_store` WHERE ( store_id IN ('17') ) AND ( store_state = '1' ) LIMIT 1000   [ RunTime:1,461,554,116.170760s ]SELECT store_id,store_free_price FROM `33hao_store` WHERE ( store_id IN ('17') ) AND ( store_state = '1' ) LIMIT 1000  
[2016-04-25 11:15:19] /33hao/mobile/index.php?act=member_buy&op=buy_step1&cart_ids=857|1&token=fea098511f8bcbc448cb7497f03509d0 ( act=member_buy&op=buy_step1 ) 
ERR: SELECT * FROM `33hao_address` WHERE ( member_id = '16' ) ORDER BY is_default desc,dlyp_id asc,address_id desc LIMIT 1   [ RunTime:1,461,554,116.170760s ]SELECT * FROM `33hao_address` WHERE ( member_id = '16' ) ORDER BY is_default desc,dlyp_id asc,address_id desc LIMIT 1  
[2016-04-25 11:15:19] /33hao/mobile/index.php?act=member_buy&op=buy_step1&cart_ids=857|1&token=fea098511f8bcbc448cb7497f03509d0 ( act=member_buy&op=buy_step1 ) 
ERR: SELECT * FROM `33hao_payment` WHERE ( payment_code = 'offline' ) AND ( payment_state = '1' ) LIMIT 1   [ RunTime:1,461,554,116.170760s ]SELECT * FROM `33hao_payment` WHERE ( payment_code = 'offline' ) AND ( payment_state = '1' ) LIMIT 1  
[2016-04-25 11:15:19] /33hao/mobile/index.php?act=member_buy&op=buy_step1&cart_ids=857|1&token=fea098511f8bcbc448cb7497f03509d0 ( act=member_buy&op=buy_step1 ) 
ERR: SELECT * FROM `33hao_invoice` WHERE ( member_id = '16' ) ORDER BY inv_state asc LIMIT 1   [ RunTime:1,461,554,116.170760s ]SELECT * FROM `33hao_invoice` WHERE ( member_id = '16' ) ORDER BY inv_state asc LIMIT 1  
[2016-04-25 11:15:19] /33hao/mobile/index.php?act=member_buy&op=buy_step1&cart_ids=857|1&token=fea098511f8bcbc448cb7497f03509d0 ( act=member_buy&op=buy_step1 ) 
ERR: SELECT * FROM `33hao_member` WHERE ( member_id = '16' ) LIMIT 1   [ RunTime:1,461,554,116.170760s ]SELECT * FROM `33hao_member` WHERE ( member_id = '16' ) LIMIT 1  
[2016-04-25 11:16:26] /33hao/mobile/index.php?act=member_buy&op=buy_step1&cart_ids=857|1&token=fea098511f8bcbc448cb7497f03509d0 ( act=member_buy&op=buy_step1 ) 
ERR: SELECT * FROM `33hao_mb_user_token` WHERE ( token = 'fea098511f8bcbc448cb7497f03509d0' ) LIMIT 1   [ RunTime:1,461,554,186.780267s ]SELECT * FROM `33hao_mb_user_token` WHERE ( token = 'fea098511f8bcbc448cb7497f03509d0' ) LIMIT 1  
[2016-04-25 11:16:27] /33hao/mobile/index.php?act=member_buy&op=buy_step1&cart_ids=857|1&token=fea098511f8bcbc448cb7497f03509d0 ( act=member_buy&op=buy_step1 ) 
ERR: SELECT * FROM `33hao_member` WHERE ( member_id = '16' ) LIMIT 1   [ RunTime:1,461,554,186.780267s ]SELECT * FROM `33hao_member` WHERE ( member_id = '16' ) LIMIT 1  
[2016-04-25 11:16:27] /33hao/mobile/index.php?act=member_buy&op=buy_step1&cart_ids=857|1&token=fea098511f8bcbc448cb7497f03509d0 ( act=member_buy&op=buy_step1 ) 
ERR: SELECT * FROM `33hao_seller` WHERE ( member_id = '16' ) LIMIT 1   [ RunTime:1,461,554,186.780267s ]SELECT * FROM `33hao_seller` WHERE ( member_id = '16' ) LIMIT 1  
[2016-04-25 11:16:27] /33hao/mobile/index.php?act=member_buy&op=buy_step1&cart_ids=857|1&token=fea098511f8bcbc448cb7497f03509d0 ( act=member_buy&op=buy_step1 ) 
ERR: SELECT * FROM `33hao_goods` WHERE ( goods_id = '857' ) LIMIT 1   [ RunTime:1,461,554,186.780267s ]SELECT * FROM `33hao_goods` WHERE ( goods_id = '857' ) LIMIT 1  
[2016-04-25 11:16:27] /33hao/mobile/index.php?act=member_buy&op=buy_step1&cart_ids=857|1&token=fea098511f8bcbc448cb7497f03509d0 ( act=member_buy&op=buy_step1 ) 
ERR: SELECT * FROM `33hao_groupbuy` WHERE ( state = '20' ) AND ( end_time > '1461554183' ) AND ( goods_commonid = '100390' ) ORDER BY start_time asc LIMIT 1   [ RunTime:1,461,554,186.780267s ]SELECT * FROM `33hao_groupbuy` WHERE ( state = '20' ) AND ( end_time > '1461554183' ) AND ( goods_commonid = '100390' ) ORDER BY start_time asc LIMIT 1  
[2016-04-25 11:16:27] /33hao/mobile/index.php?act=member_buy&op=buy_step1&cart_ids=857|1&token=fea098511f8bcbc448cb7497f03509d0 ( act=member_buy&op=buy_step1 ) 
ERR: SELECT * FROM `33hao_p_xianshi_goods` WHERE ( state = '1' ) AND ( end_time > '1461554183' ) AND ( goods_id = '857' ) ORDER BY start_time asc LIMIT 1   [ RunTime:1,461,554,186.780267s ]SELECT * FROM `33hao_p_xianshi_goods` WHERE ( state = '1' ) AND ( end_time > '1461554183' ) AND ( goods_id = '857' ) ORDER BY start_time asc LIMIT 1  
[2016-04-25 11:16:28] /33hao/mobile/index.php?act=member_buy&op=buy_step1&cart_ids=857|1&token=fea098511f8bcbc448cb7497f03509d0 ( act=member_buy&op=buy_step1 ) 
ERR: SELECT * FROM `33hao_p_mansong` WHERE ( state = '1' ) AND ( store_id = '17' ) AND ( end_time > '1461554183' ) ORDER BY start_time asc LIMIT 1   [ RunTime:1,461,554,186.780267s ]SELECT * FROM `33hao_p_mansong` WHERE ( state = '1' ) AND ( store_id = '17' ) AND ( end_time > '1461554183' ) ORDER BY start_time asc LIMIT 1  
[2016-04-25 11:16:28] /33hao/mobile/index.php?act=member_buy&op=buy_step1&cart_ids=857|1&token=fea098511f8bcbc448cb7497f03509d0 ( act=member_buy&op=buy_step1 ) 
ERR: SELECT * FROM `33hao_voucher` WHERE ( voucher_store_id = '17' ) AND ( voucher_owner_id = '16' ) AND ( voucher_end_date > '1461554183' ) AND ( voucher_state = '1' ) LIMIT 1000   [ RunTime:1,461,554,186.780267s ]SELECT * FROM `33hao_voucher` WHERE ( voucher_store_id = '17' ) AND ( voucher_owner_id = '16' ) AND ( voucher_end_date > '1461554183' ) AND ( voucher_state = '1' ) LIMIT 1000  
[2016-04-25 11:16:28] /33hao/mobile/index.php?act=member_buy&op=buy_step1&cart_ids=857|1&token=fea098511f8bcbc448cb7497f03509d0 ( act=member_buy&op=buy_step1 ) 
ERR: SELECT store_id,store_free_price FROM `33hao_store` WHERE ( store_id IN ('17') ) AND ( store_state = '1' ) LIMIT 1000   [ RunTime:1,461,554,186.780267s ]SELECT store_id,store_free_price FROM `33hao_store` WHERE ( store_id IN ('17') ) AND ( store_state = '1' ) LIMIT 1000  
[2016-04-25 11:16:28] /33hao/mobile/index.php?act=member_buy&op=buy_step1&cart_ids=857|1&token=fea098511f8bcbc448cb7497f03509d0 ( act=member_buy&op=buy_step1 ) 
ERR: SELECT * FROM `33hao_address` WHERE ( member_id = '16' ) ORDER BY is_default desc,dlyp_id asc,address_id desc LIMIT 1   [ RunTime:1,461,554,186.780267s ]SELECT * FROM `33hao_address` WHERE ( member_id = '16' ) ORDER BY is_default desc,dlyp_id asc,address_id desc LIMIT 1  
[2016-04-25 11:16:28] /33hao/mobile/index.php?act=member_buy&op=buy_step1&cart_ids=857|1&token=fea098511f8bcbc448cb7497f03509d0 ( act=member_buy&op=buy_step1 ) 
ERR: SELECT * FROM `33hao_payment` WHERE ( payment_code = 'offline' ) AND ( payment_state = '1' ) LIMIT 1   [ RunTime:1,461,554,186.780267s ]SELECT * FROM `33hao_payment` WHERE ( payment_code = 'offline' ) AND ( payment_state = '1' ) LIMIT 1  
[2016-04-25 11:16:28] /33hao/mobile/index.php?act=member_buy&op=buy_step1&cart_ids=857|1&token=fea098511f8bcbc448cb7497f03509d0 ( act=member_buy&op=buy_step1 ) 
ERR: SELECT * FROM `33hao_invoice` WHERE ( member_id = '16' ) ORDER BY inv_state asc LIMIT 1   [ RunTime:1,461,554,186.780267s ]SELECT * FROM `33hao_invoice` WHERE ( member_id = '16' ) ORDER BY inv_state asc LIMIT 1  
[2016-04-25 11:16:28] /33hao/mobile/index.php?act=member_buy&op=buy_step1&cart_ids=857|1&token=fea098511f8bcbc448cb7497f03509d0 ( act=member_buy&op=buy_step1 ) 
ERR: SELECT * FROM `33hao_member` WHERE ( member_id = '16' ) LIMIT 1   [ RunTime:1,461,554,186.780267s ]SELECT * FROM `33hao_member` WHERE ( member_id = '16' ) LIMIT 1  
[2016-04-25 12:32:15] /33hao/mobile/index.php?act=member_order&op=search_deliver&token=fea098511f8bcbc448cb7497f03509d0&order_id=312 ( act=member_order&op=search_deliver ) 
ERR: SELECT * FROM `33hao_mb_user_token` WHERE ( token = 'fea098511f8bcbc448cb7497f03509d0' ) LIMIT 1   [ RunTime:1,461,558,735.693048s ]SELECT * FROM `33hao_mb_user_token` WHERE ( token = 'fea098511f8bcbc448cb7497f03509d0' ) LIMIT 1  
[2016-04-25 12:32:15] /33hao/mobile/index.php?act=member_order&op=search_deliver&token=fea098511f8bcbc448cb7497f03509d0&order_id=312 ( act=member_order&op=search_deliver ) 
ERR: SELECT * FROM `33hao_member` WHERE ( member_id = '16' ) LIMIT 1   [ RunTime:1,461,558,735.693048s ]SELECT * FROM `33hao_member` WHERE ( member_id = '16' ) LIMIT 1  
[2016-04-25 12:32:15] /33hao/mobile/index.php?act=member_order&op=search_deliver&token=fea098511f8bcbc448cb7497f03509d0&order_id=312 ( act=member_order&op=search_deliver ) 
ERR: SELECT * FROM `33hao_seller` WHERE ( member_id = '16' ) LIMIT 1   [ RunTime:1,461,558,735.693048s ]SELECT * FROM `33hao_seller` WHERE ( member_id = '16' ) LIMIT 1  
[2016-04-25 12:32:15] /33hao/mobile/index.php?act=member_order&op=search_deliver&token=fea098511f8bcbc448cb7497f03509d0&order_id=312 ( act=member_order&op=search_deliver ) 
ERR: SELECT * FROM `33hao_order` WHERE ( order_id = '312' ) AND ( buyer_id = '16' ) LIMIT 1   [ RunTime:1,461,558,735.693048s ]SELECT * FROM `33hao_order` WHERE ( order_id = '312' ) AND ( buyer_id = '16' ) LIMIT 1  
[2016-04-25 12:32:16] /33hao/mobile/index.php?act=member_order&op=search_deliver&token=fea098511f8bcbc448cb7497f03509d0&order_id=312 ( act=member_order&op=search_deliver ) 
ERR: SELECT * FROM `33hao_order_common` WHERE ( order_id = '312' ) LIMIT 1   [ RunTime:1,461,558,735.693048s ]SELECT * FROM `33hao_order_common` WHERE ( order_id = '312' ) LIMIT 1  
[2016-04-25 12:32:16] /33hao/mobile/index.php?act=member_order&op=search_deliver&token=fea098511f8bcbc448cb7497f03509d0&order_id=312 ( act=member_order&op=search_deliver ) 
ERR: SELECT * FROM `33hao_order_goods` WHERE ( order_id = '312' ) ORDER BY rec_id desc LIMIT 1000   [ RunTime:1,461,558,735.693048s ]SELECT * FROM `33hao_order_goods` WHERE ( order_id = '312' ) ORDER BY rec_id desc LIMIT 1000  
[2016-04-25 12:32:34] /33hao/mobile/index.php?act=member_order&op=search_deliver&token=fea098511f8bcbc448cb7497f03509d0&order_id=11 ( act=member_order&op=search_deliver ) 
ERR: SELECT * FROM `33hao_mb_user_token` WHERE ( token = 'fea098511f8bcbc448cb7497f03509d0' ) LIMIT 1   [ RunTime:1,461,558,754.223153s ]SELECT * FROM `33hao_mb_user_token` WHERE ( token = 'fea098511f8bcbc448cb7497f03509d0' ) LIMIT 1  
[2016-04-25 12:32:34] /33hao/mobile/index.php?act=member_order&op=search_deliver&token=fea098511f8bcbc448cb7497f03509d0&order_id=11 ( act=member_order&op=search_deliver ) 
ERR: SELECT * FROM `33hao_member` WHERE ( member_id = '16' ) LIMIT 1   [ RunTime:1,461,558,754.223153s ]SELECT * FROM `33hao_member` WHERE ( member_id = '16' ) LIMIT 1  
[2016-04-25 12:32:34] /33hao/mobile/index.php?act=member_order&op=search_deliver&token=fea098511f8bcbc448cb7497f03509d0&order_id=11 ( act=member_order&op=search_deliver ) 
ERR: SELECT * FROM `33hao_seller` WHERE ( member_id = '16' ) LIMIT 1   [ RunTime:1,461,558,754.223153s ]SELECT * FROM `33hao_seller` WHERE ( member_id = '16' ) LIMIT 1  
[2016-04-25 12:32:34] /33hao/mobile/index.php?act=member_order&op=search_deliver&token=fea098511f8bcbc448cb7497f03509d0&order_id=11 ( act=member_order&op=search_deliver ) 
ERR: SELECT * FROM `33hao_order` WHERE ( order_id = '11' ) AND ( buyer_id = '16' ) LIMIT 1   [ RunTime:1,461,558,754.223153s ]SELECT * FROM `33hao_order` WHERE ( order_id = '11' ) AND ( buyer_id = '16' ) LIMIT 1  
[2016-04-25 12:32:34] /33hao/mobile/index.php?act=member_order&op=search_deliver&token=fea098511f8bcbc448cb7497f03509d0&order_id=11 ( act=member_order&op=search_deliver ) 
ERR: SELECT * FROM `33hao_order_common` WHERE ( order_id = '11' ) LIMIT 1   [ RunTime:1,461,558,754.223153s ]SELECT * FROM `33hao_order_common` WHERE ( order_id = '11' ) LIMIT 1  
[2016-04-25 12:32:34] /33hao/mobile/index.php?act=member_order&op=search_deliver&token=fea098511f8bcbc448cb7497f03509d0&order_id=11 ( act=member_order&op=search_deliver ) 
ERR: SELECT * FROM `33hao_order_goods` WHERE ( order_id = '11' ) ORDER BY rec_id desc LIMIT 1000   [ RunTime:1,461,558,754.223153s ]SELECT * FROM `33hao_order_goods` WHERE ( order_id = '11' ) ORDER BY rec_id desc LIMIT 1000  
[2016-04-25 12:32:34] /33hao/mobile/index.php?act=member_order&op=search_deliver&token=fea098511f8bcbc448cb7497f03509d0&order_id=11 ( act=member_order&op=search_deliver ) 
ERR: SELECT id,e_name,e_code,e_letter,e_order,e_url,e_zt_state FROM `33hao_express` WHERE ( e_state = '1' ) ORDER BY e_order,e_letter  [ RunTime:1,461,558,754.223153s ]SELECT id,e_name,e_code,e_letter,e_order,e_url,e_zt_state FROM `33hao_express` WHERE ( e_state = '1' ) ORDER BY e_order,e_letter 
[2016-04-25 12:33:01] /33hao/mobile/index.php?act=member_order&op=search_deliver&token=fea098511f8bcbc448cb7497f03509d0&order_id=11 ( act=member_order&op=search_deliver ) 
ERR: SELECT * FROM `33hao_mb_user_token` WHERE ( token = 'fea098511f8bcbc448cb7497f03509d0' ) LIMIT 1   [ RunTime:1,461,558,781.316213s ]SELECT * FROM `33hao_mb_user_token` WHERE ( token = 'fea098511f8bcbc448cb7497f03509d0' ) LIMIT 1  
[2016-04-25 12:33:01] /33hao/mobile/index.php?act=member_order&op=search_deliver&token=fea098511f8bcbc448cb7497f03509d0&order_id=11 ( act=member_order&op=search_deliver ) 
ERR: SELECT * FROM `33hao_member` WHERE ( member_id = '16' ) LIMIT 1   [ RunTime:1,461,558,781.316213s ]SELECT * FROM `33hao_member` WHERE ( member_id = '16' ) LIMIT 1  
[2016-04-25 12:33:01] /33hao/mobile/index.php?act=member_order&op=search_deliver&token=fea098511f8bcbc448cb7497f03509d0&order_id=11 ( act=member_order&op=search_deliver ) 
ERR: SELECT * FROM `33hao_seller` WHERE ( member_id = '16' ) LIMIT 1   [ RunTime:1,461,558,781.316213s ]SELECT * FROM `33hao_seller` WHERE ( member_id = '16' ) LIMIT 1  
[2016-04-25 12:33:01] /33hao/mobile/index.php?act=member_order&op=search_deliver&token=fea098511f8bcbc448cb7497f03509d0&order_id=11 ( act=member_order&op=search_deliver ) 
ERR: SELECT * FROM `33hao_order` WHERE ( order_id = '11' ) AND ( buyer_id = '16' ) LIMIT 1   [ RunTime:1,461,558,781.316213s ]SELECT * FROM `33hao_order` WHERE ( order_id = '11' ) AND ( buyer_id = '16' ) LIMIT 1  
[2016-04-25 12:33:01] /33hao/mobile/index.php?act=member_order&op=search_deliver&token=fea098511f8bcbc448cb7497f03509d0&order_id=11 ( act=member_order&op=search_deliver ) 
ERR: SELECT * FROM `33hao_order_common` WHERE ( order_id = '11' ) LIMIT 1   [ RunTime:1,461,558,781.316213s ]SELECT * FROM `33hao_order_common` WHERE ( order_id = '11' ) LIMIT 1  
[2016-04-25 12:33:01] /33hao/mobile/index.php?act=member_order&op=search_deliver&token=fea098511f8bcbc448cb7497f03509d0&order_id=11 ( act=member_order&op=search_deliver ) 
ERR: SELECT * FROM `33hao_order_goods` WHERE ( order_id = '11' ) ORDER BY rec_id desc LIMIT 1000   [ RunTime:1,461,558,781.316213s ]SELECT * FROM `33hao_order_goods` WHERE ( order_id = '11' ) ORDER BY rec_id desc LIMIT 1000  
[2016-04-25 12:35:35] /33hao/mobile/index.php?act=member_order&op=search_deliver&token=fea098511f8bcbc448cb7497f03509d0&order_id=11 ( act=member_order&op=search_deliver ) 
ERR: SELECT * FROM `33hao_mb_user_token` WHERE ( token = 'fea098511f8bcbc448cb7497f03509d0' ) LIMIT 1   [ RunTime:1,461,558,935.838668s ]SELECT * FROM `33hao_mb_user_token` WHERE ( token = 'fea098511f8bcbc448cb7497f03509d0' ) LIMIT 1  
[2016-04-25 12:35:35] /33hao/mobile/index.php?act=member_order&op=search_deliver&token=fea098511f8bcbc448cb7497f03509d0&order_id=11 ( act=member_order&op=search_deliver ) 
ERR: SELECT * FROM `33hao_member` WHERE ( member_id = '16' ) LIMIT 1   [ RunTime:1,461,558,935.838668s ]SELECT * FROM `33hao_member` WHERE ( member_id = '16' ) LIMIT 1  
[2016-04-25 12:35:36] /33hao/mobile/index.php?act=member_order&op=search_deliver&token=fea098511f8bcbc448cb7497f03509d0&order_id=11 ( act=member_order&op=search_deliver ) 
ERR: SELECT * FROM `33hao_seller` WHERE ( member_id = '16' ) LIMIT 1   [ RunTime:1,461,558,935.838668s ]SELECT * FROM `33hao_seller` WHERE ( member_id = '16' ) LIMIT 1  
[2016-04-25 12:35:36] /33hao/mobile/index.php?act=member_order&op=search_deliver&token=fea098511f8bcbc448cb7497f03509d0&order_id=11 ( act=member_order&op=search_deliver ) 
ERR: SELECT * FROM `33hao_order` WHERE ( order_id = '11' ) AND ( buyer_id = '16' ) LIMIT 1   [ RunTime:1,461,558,935.838668s ]SELECT * FROM `33hao_order` WHERE ( order_id = '11' ) AND ( buyer_id = '16' ) LIMIT 1  
[2016-04-25 12:35:36] /33hao/mobile/index.php?act=member_order&op=search_deliver&token=fea098511f8bcbc448cb7497f03509d0&order_id=11 ( act=member_order&op=search_deliver ) 
ERR: SELECT * FROM `33hao_order_common` WHERE ( order_id = '11' ) LIMIT 1   [ RunTime:1,461,558,935.838668s ]SELECT * FROM `33hao_order_common` WHERE ( order_id = '11' ) LIMIT 1  
[2016-04-25 12:35:36] /33hao/mobile/index.php?act=member_order&op=search_deliver&token=fea098511f8bcbc448cb7497f03509d0&order_id=11 ( act=member_order&op=search_deliver ) 
ERR: SELECT * FROM `33hao_order_goods` WHERE ( order_id = '11' ) ORDER BY rec_id desc LIMIT 1000   [ RunTime:1,461,558,935.838668s ]SELECT * FROM `33hao_order_goods` WHERE ( order_id = '11' ) ORDER BY rec_id desc LIMIT 1000  
[2016-04-25 12:36:56] /33hao/mobile/index.php?act=member_order&op=search_deliver&token=fea098511f8bcbc448cb7497f03509d0&order_id=11 ( act=member_order&op=search_deliver ) 
ERR: SELECT * FROM `33hao_mb_user_token` WHERE ( token = 'fea098511f8bcbc448cb7497f03509d0' ) LIMIT 1   [ RunTime:1,461,559,016.939291s ]SELECT * FROM `33hao_mb_user_token` WHERE ( token = 'fea098511f8bcbc448cb7497f03509d0' ) LIMIT 1  
[2016-04-25 12:36:57] /33hao/mobile/index.php?act=member_order&op=search_deliver&token=fea098511f8bcbc448cb7497f03509d0&order_id=11 ( act=member_order&op=search_deliver ) 
ERR: SELECT * FROM `33hao_member` WHERE ( member_id = '16' ) LIMIT 1   [ RunTime:1,461,559,016.939291s ]SELECT * FROM `33hao_member` WHERE ( member_id = '16' ) LIMIT 1  
[2016-04-25 12:36:57] /33hao/mobile/index.php?act=member_order&op=search_deliver&token=fea098511f8bcbc448cb7497f03509d0&order_id=11 ( act=member_order&op=search_deliver ) 
ERR: SELECT * FROM `33hao_seller` WHERE ( member_id = '16' ) LIMIT 1   [ RunTime:1,461,559,016.939291s ]SELECT * FROM `33hao_seller` WHERE ( member_id = '16' ) LIMIT 1  
[2016-04-25 12:36:57] /33hao/mobile/index.php?act=member_order&op=search_deliver&token=fea098511f8bcbc448cb7497f03509d0&order_id=11 ( act=member_order&op=search_deliver ) 
ERR: SELECT * FROM `33hao_order` WHERE ( order_id = '11' ) AND ( buyer_id = '16' ) LIMIT 1   [ RunTime:1,461,559,016.939291s ]SELECT * FROM `33hao_order` WHERE ( order_id = '11' ) AND ( buyer_id = '16' ) LIMIT 1  
[2016-04-25 12:36:57] /33hao/mobile/index.php?act=member_order&op=search_deliver&token=fea098511f8bcbc448cb7497f03509d0&order_id=11 ( act=member_order&op=search_deliver ) 
ERR: SELECT * FROM `33hao_order_common` WHERE ( order_id = '11' ) LIMIT 1   [ RunTime:1,461,559,016.939291s ]SELECT * FROM `33hao_order_common` WHERE ( order_id = '11' ) LIMIT 1  
[2016-04-25 12:36:57] /33hao/mobile/index.php?act=member_order&op=search_deliver&token=fea098511f8bcbc448cb7497f03509d0&order_id=11 ( act=member_order&op=search_deliver ) 
ERR: SELECT * FROM `33hao_order_goods` WHERE ( order_id = '11' ) ORDER BY rec_id desc LIMIT 1000   [ RunTime:1,461,559,016.939291s ]SELECT * FROM `33hao_order_goods` WHERE ( order_id = '11' ) ORDER BY rec_id desc LIMIT 1000  
[2016-04-25 12:37:03] /33hao/mobile/index.php?act=member_order&op=search_deliver&token=fea098511f8bcbc448cb7497f03509d0&order_id=11 ( act=member_order&op=search_deliver ) 
ERR: SELECT * FROM `33hao_mb_user_token` WHERE ( token = 'fea098511f8bcbc448cb7497f03509d0' ) LIMIT 1   [ RunTime:1,461,559,023.866564s ]SELECT * FROM `33hao_mb_user_token` WHERE ( token = 'fea098511f8bcbc448cb7497f03509d0' ) LIMIT 1  
[2016-04-25 12:37:03] /33hao/mobile/index.php?act=member_order&op=search_deliver&token=fea098511f8bcbc448cb7497f03509d0&order_id=11 ( act=member_order&op=search_deliver ) 
ERR: SELECT * FROM `33hao_member` WHERE ( member_id = '16' ) LIMIT 1   [ RunTime:1,461,559,023.866564s ]SELECT * FROM `33hao_member` WHERE ( member_id = '16' ) LIMIT 1  
[2016-04-25 12:37:04] /33hao/mobile/index.php?act=member_order&op=search_deliver&token=fea098511f8bcbc448cb7497f03509d0&order_id=11 ( act=member_order&op=search_deliver ) 
ERR: SELECT * FROM `33hao_seller` WHERE ( member_id = '16' ) LIMIT 1   [ RunTime:1,461,559,023.866564s ]SELECT * FROM `33hao_seller` WHERE ( member_id = '16' ) LIMIT 1  
[2016-04-25 12:37:04] /33hao/mobile/index.php?act=member_order&op=search_deliver&token=fea098511f8bcbc448cb7497f03509d0&order_id=11 ( act=member_order&op=search_deliver ) 
ERR: SELECT * FROM `33hao_order` WHERE ( order_id = '11' ) AND ( buyer_id = '16' ) LIMIT 1   [ RunTime:1,461,559,023.866564s ]SELECT * FROM `33hao_order` WHERE ( order_id = '11' ) AND ( buyer_id = '16' ) LIMIT 1  
[2016-04-25 12:37:04] /33hao/mobile/index.php?act=member_order&op=search_deliver&token=fea098511f8bcbc448cb7497f03509d0&order_id=11 ( act=member_order&op=search_deliver ) 
ERR: SELECT * FROM `33hao_order_common` WHERE ( order_id = '11' ) LIMIT 1   [ RunTime:1,461,559,023.866564s ]SELECT * FROM `33hao_order_common` WHERE ( order_id = '11' ) LIMIT 1  
[2016-04-25 12:37:04] /33hao/mobile/index.php?act=member_order&op=search_deliver&token=fea098511f8bcbc448cb7497f03509d0&order_id=11 ( act=member_order&op=search_deliver ) 
ERR: SELECT * FROM `33hao_order_goods` WHERE ( order_id = '11' ) ORDER BY rec_id desc LIMIT 1000   [ RunTime:1,461,559,023.866564s ]SELECT * FROM `33hao_order_goods` WHERE ( order_id = '11' ) ORDER BY rec_id desc LIMIT 1000  
[2016-04-25 12:37:59] /33hao/mobile/index.php?act=member_order&op=search_deliver&token=fea098511f8bcbc448cb7497f03509d0&order_id=11 ( act=member_order&op=search_deliver ) 
ERR: SELECT * FROM `33hao_mb_user_token` WHERE ( token = 'fea098511f8bcbc448cb7497f03509d0' ) LIMIT 1   [ RunTime:1,461,559,079.603435s ]SELECT * FROM `33hao_mb_user_token` WHERE ( token = 'fea098511f8bcbc448cb7497f03509d0' ) LIMIT 1  
[2016-04-25 12:37:59] /33hao/mobile/index.php?act=member_order&op=search_deliver&token=fea098511f8bcbc448cb7497f03509d0&order_id=11 ( act=member_order&op=search_deliver ) 
ERR: SELECT * FROM `33hao_member` WHERE ( member_id = '16' ) LIMIT 1   [ RunTime:1,461,559,079.603435s ]SELECT * FROM `33hao_member` WHERE ( member_id = '16' ) LIMIT 1  
[2016-04-25 12:37:59] /33hao/mobile/index.php?act=member_order&op=search_deliver&token=fea098511f8bcbc448cb7497f03509d0&order_id=11 ( act=member_order&op=search_deliver ) 
ERR: SELECT * FROM `33hao_seller` WHERE ( member_id = '16' ) LIMIT 1   [ RunTime:1,461,559,079.603435s ]SELECT * FROM `33hao_seller` WHERE ( member_id = '16' ) LIMIT 1  
[2016-04-25 12:37:59] /33hao/mobile/index.php?act=member_order&op=search_deliver&token=fea098511f8bcbc448cb7497f03509d0&order_id=11 ( act=member_order&op=search_deliver ) 
ERR: SELECT * FROM `33hao_order` WHERE ( order_id = '11' ) AND ( buyer_id = '16' ) LIMIT 1   [ RunTime:1,461,559,079.603435s ]SELECT * FROM `33hao_order` WHERE ( order_id = '11' ) AND ( buyer_id = '16' ) LIMIT 1  
[2016-04-25 12:38:00] /33hao/mobile/index.php?act=member_order&op=search_deliver&token=fea098511f8bcbc448cb7497f03509d0&order_id=11 ( act=member_order&op=search_deliver ) 
ERR: SELECT * FROM `33hao_order_common` WHERE ( order_id = '11' ) LIMIT 1   [ RunTime:1,461,559,079.603435s ]SELECT * FROM `33hao_order_common` WHERE ( order_id = '11' ) LIMIT 1  
[2016-04-25 12:38:00] /33hao/mobile/index.php?act=member_order&op=search_deliver&token=fea098511f8bcbc448cb7497f03509d0&order_id=11 ( act=member_order&op=search_deliver ) 
ERR: SELECT * FROM `33hao_order_goods` WHERE ( order_id = '11' ) ORDER BY rec_id desc LIMIT 1000   [ RunTime:1,461,559,079.603435s ]SELECT * FROM `33hao_order_goods` WHERE ( order_id = '11' ) ORDER BY rec_id desc LIMIT 1000  
[2016-04-25 12:38:09] /33hao/mobile/index.php?act=member_order&op=search_deliver&token=fea098511f8bcbc448cb7497f03509d0&order_id=11 ( act=member_order&op=search_deliver ) 
ERR: SELECT * FROM `33hao_mb_user_token` WHERE ( token = 'fea098511f8bcbc448cb7497f03509d0' ) LIMIT 1   [ RunTime:1,461,559,089.612383s ]SELECT * FROM `33hao_mb_user_token` WHERE ( token = 'fea098511f8bcbc448cb7497f03509d0' ) LIMIT 1  
[2016-04-25 12:38:09] /33hao/mobile/index.php?act=member_order&op=search_deliver&token=fea098511f8bcbc448cb7497f03509d0&order_id=11 ( act=member_order&op=search_deliver ) 
ERR: SELECT * FROM `33hao_member` WHERE ( member_id = '16' ) LIMIT 1   [ RunTime:1,461,559,089.612383s ]SELECT * FROM `33hao_member` WHERE ( member_id = '16' ) LIMIT 1  
[2016-04-25 12:38:09] /33hao/mobile/index.php?act=member_order&op=search_deliver&token=fea098511f8bcbc448cb7497f03509d0&order_id=11 ( act=member_order&op=search_deliver ) 
ERR: SELECT * FROM `33hao_seller` WHERE ( member_id = '16' ) LIMIT 1   [ RunTime:1,461,559,089.612383s ]SELECT * FROM `33hao_seller` WHERE ( member_id = '16' ) LIMIT 1  
[2016-04-25 12:38:09] /33hao/mobile/index.php?act=member_order&op=search_deliver&token=fea098511f8bcbc448cb7497f03509d0&order_id=11 ( act=member_order&op=search_deliver ) 
ERR: SELECT * FROM `33hao_order` WHERE ( order_id = '11' ) AND ( buyer_id = '16' ) LIMIT 1   [ RunTime:1,461,559,089.612383s ]SELECT * FROM `33hao_order` WHERE ( order_id = '11' ) AND ( buyer_id = '16' ) LIMIT 1  
[2016-04-25 12:38:09] /33hao/mobile/index.php?act=member_order&op=search_deliver&token=fea098511f8bcbc448cb7497f03509d0&order_id=11 ( act=member_order&op=search_deliver ) 
ERR: SELECT * FROM `33hao_order_common` WHERE ( order_id = '11' ) LIMIT 1   [ RunTime:1,461,559,089.612383s ]SELECT * FROM `33hao_order_common` WHERE ( order_id = '11' ) LIMIT 1  
[2016-04-25 12:38:10] /33hao/mobile/index.php?act=member_order&op=search_deliver&token=fea098511f8bcbc448cb7497f03509d0&order_id=11 ( act=member_order&op=search_deliver ) 
ERR: SELECT * FROM `33hao_order_goods` WHERE ( order_id = '11' ) ORDER BY rec_id desc LIMIT 1000   [ RunTime:1,461,559,089.612383s ]SELECT * FROM `33hao_order_goods` WHERE ( order_id = '11' ) ORDER BY rec_id desc LIMIT 1000  
