[2016-04-08 15:48:10] /33hao/admin/index.php?act=login&op=login ( act=login&op=login ) 
ERR: SELECT * FROM `33hao_lock` WHERE ( pid = '000000000005' ) LIMIT 1   [ RunTime:1,460,101,690.490365s ]SELECT * FROM `33hao_lock` WHERE ( pid = '000000000005' ) LIMIT 1  
[2016-04-08 15:48:10] /33hao/admin/index.php?act=login&op=login ( act=login&op=login ) 
ERR: SELECT * FROM `33hao_admin` as `admin`  WHERE  admin_name = 'admin' and admin_password = 'e10adc3949ba59abbe56e057f20f883e' [ RunTime:1,460,101,690.490365s ]SELECT * FROM `33hao_admin` as `admin`  WHERE  admin_name = 'admin' and admin_password = 'e10adc3949ba59abbe56e057f20f883e'
[2016-04-08 15:48:10] /33hao/admin/index.php?act=login&op=login ( act=login&op=login ) 
ERR: UPDATE `33hao_admin` AS `admin` SET admin_id = '1', admin_login_num = '457', admin_login_time = '1460101689'  WHERE  admin_id = '1' [ RunTime:1,460,101,690.490365s ]UPDATE `33hao_admin` AS `admin` SET admin_id = '1', admin_login_num = '457', admin_login_time = '1460101689'  WHERE  admin_id = '1'
[2016-04-08 15:48:10] /33hao/admin/index.php?act=login&op=login ( act=login&op=login ) 
ERR: INSERT  INTO `33hao_admin_log` (content,admin_name,createtime,admin_id,ip,url) VALUES ('','admin','1460101689','1','','login&login') [ RunTime:1,460,101,690.490365s ]INSERT  INTO `33hao_admin_log` (content,admin_name,createtime,admin_id,ip,url) VALUES ('','admin','1460101689','1','','login&login')
[2016-04-08 15:48:10] /33hao/admin/index.php?act=login&op=login ( act=login&op=login ) 
ERR: DELETE  FROM `33hao_lock` WHERE ( pid = '000000000005' ) [ RunTime:1,460,101,690.490365s ]DELETE  FROM `33hao_lock` WHERE ( pid = '000000000005' )
[2016-04-08 15:48:10] /33hao/admin/index.php?act=login&op=login ( act=login&op=login ) 
ERR: DELETE  FROM `33hao_lock` WHERE ( pid = '00000000005' ) [ RunTime:1,460,101,690.490365s ]DELETE  FROM `33hao_lock` WHERE ( pid = '00000000005' )
[2016-04-08 15:48:11] /33hao/admin/index.php?act=login&op=login ( act=login&op=login ) 
ERR: SELECT * FROM `33hao_lock` WHERE ( pid = '000000000005' ) LIMIT 1   [ RunTime:1,460,101,691.339054s ]SELECT * FROM `33hao_lock` WHERE ( pid = '000000000005' ) LIMIT 1  
[2016-04-08 15:48:11] /33hao/admin/index.php?act=login&op=login ( act=login&op=login ) 
ERR: SELECT * FROM `33hao_admin` as `admin`  WHERE  admin_name = 'admin' and admin_password = 'e10adc3949ba59abbe56e057f20f883e' [ RunTime:1,460,101,691.339054s ]SELECT * FROM `33hao_admin` as `admin`  WHERE  admin_name = 'admin' and admin_password = 'e10adc3949ba59abbe56e057f20f883e'
[2016-04-08 15:48:11] /33hao/admin/index.php?act=login&op=login ( act=login&op=login ) 
ERR: UPDATE `33hao_admin` AS `admin` SET admin_id = '1', admin_login_num = '458', admin_login_time = '1460101690'  WHERE  admin_id = '1' [ RunTime:1,460,101,691.339054s ]UPDATE `33hao_admin` AS `admin` SET admin_id = '1', admin_login_num = '458', admin_login_time = '1460101690'  WHERE  admin_id = '1'
[2016-04-08 15:48:11] /33hao/admin/index.php?act=login&op=login ( act=login&op=login ) 
ERR: INSERT  INTO `33hao_admin_log` (content,admin_name,createtime,admin_id,ip,url) VALUES ('','admin','1460101690','1','','login&login') [ RunTime:1,460,101,691.339054s ]INSERT  INTO `33hao_admin_log` (content,admin_name,createtime,admin_id,ip,url) VALUES ('','admin','1460101690','1','','login&login')
[2016-04-08 15:48:11] /33hao/admin/index.php?act=login&op=login ( act=login&op=login ) 
ERR: DELETE  FROM `33hao_lock` WHERE ( pid = '000000000005' ) [ RunTime:1,460,101,691.339054s ]DELETE  FROM `33hao_lock` WHERE ( pid = '000000000005' )
[2016-04-08 15:48:11] /33hao/admin/index.php?act=login&op=login ( act=login&op=login ) 
ERR: DELETE  FROM `33hao_lock` WHERE ( pid = '00000000005' ) [ RunTime:1,460,101,691.339054s ]DELETE  FROM `33hao_lock` WHERE ( pid = '00000000005' )
[2016-04-08 15:48:12] /33hao/admin/index.php?act=login&op=login ( act=login&op=login ) 
ERR: SELECT * FROM `33hao_lock` WHERE ( pid = '000000000005' ) LIMIT 1   [ RunTime:1,460,101,692.126221s ]SELECT * FROM `33hao_lock` WHERE ( pid = '000000000005' ) LIMIT 1  
[2016-04-08 15:48:12] /33hao/admin/index.php?act=login&op=login ( act=login&op=login ) 
ERR: SELECT * FROM `33hao_admin` as `admin`  WHERE  admin_name = 'admin' and admin_password = 'e10adc3949ba59abbe56e057f20f883e' [ RunTime:1,460,101,692.126221s ]SELECT * FROM `33hao_admin` as `admin`  WHERE  admin_name = 'admin' and admin_password = 'e10adc3949ba59abbe56e057f20f883e'
[2016-04-08 15:48:12] /33hao/admin/index.php?act=login&op=login ( act=login&op=login ) 
ERR: UPDATE `33hao_admin` AS `admin` SET admin_id = '1', admin_login_num = '459', admin_login_time = '1460101691'  WHERE  admin_id = '1' [ RunTime:1,460,101,692.126221s ]UPDATE `33hao_admin` AS `admin` SET admin_id = '1', admin_login_num = '459', admin_login_time = '1460101691'  WHERE  admin_id = '1'
[2016-04-08 15:48:12] /33hao/admin/index.php?act=login&op=login ( act=login&op=login ) 
ERR: INSERT  INTO `33hao_admin_log` (content,admin_name,createtime,admin_id,ip,url) VALUES ('','admin','1460101691','1','','login&login') [ RunTime:1,460,101,692.126221s ]INSERT  INTO `33hao_admin_log` (content,admin_name,createtime,admin_id,ip,url) VALUES ('','admin','1460101691','1','','login&login')
[2016-04-08 15:48:12] /33hao/admin/index.php?act=login&op=login ( act=login&op=login ) 
ERR: DELETE  FROM `33hao_lock` WHERE ( pid = '000000000005' ) [ RunTime:1,460,101,692.126221s ]DELETE  FROM `33hao_lock` WHERE ( pid = '000000000005' )
[2016-04-08 15:48:12] /33hao/admin/index.php?act=login&op=login ( act=login&op=login ) 
ERR: DELETE  FROM `33hao_lock` WHERE ( pid = '00000000005' ) [ RunTime:1,460,101,692.126221s ]DELETE  FROM `33hao_lock` WHERE ( pid = '00000000005' )
[2016-04-08 15:48:13] /33hao/admin/index.php?act=mb_special&op=special_list ( act=mb_special&op=special_list ) 
ERR: SELECT COUNT(*) AS nc_count FROM `33hao_mb_special` LIMIT 1   [ RunTime:1,460,101,693.274894s ]SELECT COUNT(*) AS nc_count FROM `33hao_mb_special` LIMIT 1  
[2016-04-08 15:48:13] /33hao/admin/index.php?act=mb_special&op=special_list ( act=mb_special&op=special_list ) 
ERR: SELECT * FROM `33hao_mb_special` ORDER BY special_id desc LIMIT 0,10   [ RunTime:1,460,101,693.274894s ]SELECT * FROM `33hao_mb_special` ORDER BY special_id desc LIMIT 0,10  
[2016-04-08 15:48:21] /33hao/shop/ ( act=index&op=index ) 
ERR: SELECT * FROM `33hao_groupbuy` WHERE ( state = '20' ) AND ( start_time < '1460101701' ) AND ( end_time > '1460101701' ) ORDER BY recommended desc LIMIT 4   [ RunTime:1,460,101,701.610471s ]SELECT * FROM `33hao_groupbuy` WHERE ( state = '20' ) AND ( start_time < '1460101701' ) AND ( end_time > '1460101701' ) ORDER BY recommended desc LIMIT 4  
[2016-04-08 15:48:21] /33hao/shop/ ( act=index&op=index ) 
ERR: SELECT * FROM `33hao_link` as `link`   order by link_id [ RunTime:1,460,101,701.610471s ]SELECT * FROM `33hao_link` as `link`   order by link_id
[2016-04-08 15:48:21] /33hao/shop/ ( act=index&op=index ) 
ERR: SELECT * FROM `33hao_p_xianshi_goods` WHERE ( state = '1' ) AND ( start_time < '1460101701' ) AND ( end_time > '1460101701' ) ORDER BY xianshi_recommend desc LIMIT 4   [ RunTime:1,460,101,701.610471s ]SELECT * FROM `33hao_p_xianshi_goods` WHERE ( state = '1' ) AND ( start_time < '1460101701' ) AND ( end_time > '1460101701' ) ORDER BY xianshi_recommend desc LIMIT 4  
[2016-04-08 15:48:22] /33hao/shop/ ( act=index&op=index ) 
ERR: SELECT * FROM `33hao_web` WHERE ( web_show = '1' ) AND ( web_page LIKE 'index%' ) ORDER BY web_sort LIMIT 1000   [ RunTime:1,460,101,701.610471s ]SELECT * FROM `33hao_web` WHERE ( web_show = '1' ) AND ( web_page LIKE 'index%' ) ORDER BY web_sort LIMIT 1000  
[2016-04-08 15:48:22] /33hao/shop/ ( act=index&op=index ) 
ERR: SELECT * FROM `33hao_brand` WHERE ( brand_recommend = '1' ) AND ( class_id = '1057' ) LIMIT 1000   [ RunTime:1,460,101,701.610471s ]SELECT * FROM `33hao_brand` WHERE ( brand_recommend = '1' ) AND ( class_id = '1057' ) LIMIT 1000  
[2016-04-08 15:48:22] /33hao/shop/ ( act=index&op=index ) 
ERR: SELECT * FROM `33hao_brand` WHERE ( brand_recommend = '1' ) AND ( class_id = '1058' ) LIMIT 1000   [ RunTime:1,460,101,701.610471s ]SELECT * FROM `33hao_brand` WHERE ( brand_recommend = '1' ) AND ( class_id = '1058' ) LIMIT 1000  
[2016-04-08 15:48:22] /33hao/shop/ ( act=index&op=index ) 
ERR: SELECT * FROM `33hao_brand` WHERE ( brand_recommend = '1' ) AND ( class_id = '1073' ) LIMIT 1000   [ RunTime:1,460,101,701.610471s ]SELECT * FROM `33hao_brand` WHERE ( brand_recommend = '1' ) AND ( class_id = '1073' ) LIMIT 1000  
[2016-04-08 15:48:22] /33hao/shop/ ( act=index&op=index ) 
ERR: SELECT * FROM `33hao_brand` WHERE ( brand_recommend = '1' ) AND ( class_id = '1060' ) LIMIT 1000   [ RunTime:1,460,101,701.610471s ]SELECT * FROM `33hao_brand` WHERE ( brand_recommend = '1' ) AND ( class_id = '1060' ) LIMIT 1000  
[2016-04-08 15:48:34] /33hao/shop/index.php?act=seller_login&op=login ( act=seller_login&op=login ) 
ERR: SELECT * FROM `33hao_seller` WHERE ( seller_name = 'jeffer_01' ) LIMIT 1   [ RunTime:1,460,101,714.961357s ]SELECT * FROM `33hao_seller` WHERE ( seller_name = 'jeffer_01' ) LIMIT 1  
[2016-04-08 15:48:46] /33hao/shop/index.php?act=seller_login&op=login ( act=seller_login&op=login ) 
ERR: SELECT * FROM `33hao_seller` WHERE ( seller_name = 'jeffery_01' ) LIMIT 1   [ RunTime:1,460,101,726.718095s ]SELECT * FROM `33hao_seller` WHERE ( seller_name = 'jeffery_01' ) LIMIT 1  
[2016-04-08 15:48:46] /33hao/shop/index.php?act=seller_login&op=login ( act=seller_login&op=login ) 
ERR: SELECT * FROM `33hao_member` WHERE ( member_id = '43' ) AND ( member_passwd = 'e10adc3949ba59abbe56e057f20f883e' ) LIMIT 1   [ RunTime:1,460,101,726.718095s ]SELECT * FROM `33hao_member` WHERE ( member_id = '43' ) AND ( member_passwd = 'e10adc3949ba59abbe56e057f20f883e' ) LIMIT 1  
[2016-04-08 15:48:46] /33hao/shop/index.php?act=seller_login&op=login ( act=seller_login&op=login ) 
ERR: UPDATE `33hao_seller` SET last_login_time='1460101726' WHERE ( seller_id = '18' ) [ RunTime:1,460,101,726.718095s ]UPDATE `33hao_seller` SET last_login_time='1460101726' WHERE ( seller_id = '18' )
[2016-04-08 15:48:47] /33hao/shop/index.php?act=seller_login&op=login ( act=seller_login&op=login ) 
ERR: SELECT * FROM `33hao_seller_group` WHERE ( group_id = '0' ) LIMIT 1   [ RunTime:1,460,101,726.718095s ]SELECT * FROM `33hao_seller_group` WHERE ( group_id = '0' ) LIMIT 1  
[2016-04-08 15:48:47] /33hao/shop/index.php?act=seller_login&op=login ( act=seller_login&op=login ) 
ERR: SELECT * FROM `33hao_store` WHERE ( store_id = '17' ) LIMIT 1   [ RunTime:1,460,101,726.718095s ]SELECT * FROM `33hao_store` WHERE ( store_id = '17' ) LIMIT 1  
[2016-04-08 15:48:47] /33hao/shop/index.php?act=seller_login&op=login ( act=seller_login&op=login ) 
ERR: SELECT COUNT(*) AS nc_count FROM `33hao_goods_common` WHERE ( store_id = '17' ) AND ( goods_state = '1' ) AND ( goods_verify = '1' ) LIMIT 1   [ RunTime:1,460,101,726.718095s ]SELECT COUNT(*) AS nc_count FROM `33hao_goods_common` WHERE ( store_id = '17' ) AND ( goods_state = '1' ) AND ( goods_verify = '1' ) LIMIT 1  
[2016-04-08 15:48:47] /33hao/shop/index.php?act=seller_login&op=login ( act=seller_login&op=login ) 
ERR: SELECT AVG(seval_desccredit) as store_desccredit,AVG(seval_servicecredit) as store_servicecredit,AVG(seval_deliverycredit) as store_deliverycredit,COUNT(seval_id) as count FROM `33hao_evaluate_store` WHERE ( seval_storeid = '17' ) LIMIT 1   [ RunTime:1,460,101,726.718095s ]SELECT AVG(seval_desccredit) as store_desccredit,AVG(seval_servicecredit) as store_servicecredit,AVG(seval_deliverycredit) as store_deliverycredit,COUNT(seval_id) as count FROM `33hao_evaluate_store` WHERE ( seval_storeid = '17' ) LIMIT 1  
[2016-04-08 15:48:47] /33hao/shop/index.php?act=seller_login&op=login ( act=seller_login&op=login ) 
ERR: SELECT * FROM `33hao_store` WHERE ( sc_id = '11' ) AND ( store_state = '1' ) LIMIT 1000   [ RunTime:1,460,101,726.718095s ]SELECT * FROM `33hao_store` WHERE ( sc_id = '11' ) AND ( store_state = '1' ) LIMIT 1000  
[2016-04-08 15:48:47] /33hao/shop/index.php?act=seller_login&op=login ( act=seller_login&op=login ) 
ERR: SELECT AVG(seval_desccredit) as store_desccredit,AVG(seval_servicecredit) as store_servicecredit,AVG(seval_deliverycredit) as store_deliverycredit,COUNT(seval_id) as count FROM `33hao_evaluate_store` WHERE ( seval_storeid IN ('16','17','18','19','20','21','22','24','25','26','27','28','29','32','33','34','35','36','37','39','41','43','') ) LIMIT 1   [ RunTime:1,460,101,726.718095s ]SELECT AVG(seval_desccredit) as store_desccredit,AVG(seval_servicecredit) as store_servicecredit,AVG(seval_deliverycredit) as store_deliverycredit,COUNT(seval_id) as count FROM `33hao_evaluate_store` WHERE ( seval_storeid IN ('16','17','18','19','20','21','22','24','25','26','27','28','29','32','33','34','35','36','37','39','41','43','') ) LIMIT 1  
[2016-04-08 15:48:47] /33hao/shop/index.php?act=seller_login&op=login ( act=seller_login&op=login ) 
ERR: INSERT  INTO `33hao_seller_log` (log_content,log_time,log_seller_id,log_seller_name,log_store_id,log_seller_ip,log_url,log_state) VALUES ('登录成功','1460101726','18','jeffery_01','17','','seller_login&login','1') [ RunTime:1,460,101,726.718095s ]INSERT  INTO `33hao_seller_log` (log_content,log_time,log_seller_id,log_seller_name,log_store_id,log_seller_ip,log_url,log_state) VALUES ('登录成功','1460101726','18','jeffery_01','17','','seller_login&login','1')
[2016-04-08 15:48:48] /33hao/shop/index.php?act=seller_center ( act=seller_center&op=index ) 
ERR: SELECT * FROM `33hao_member` WHERE ( member_id = '43' ) LIMIT 1   [ RunTime:1,460,101,728.278817s ]SELECT * FROM `33hao_member` WHERE ( member_id = '43' ) LIMIT 1  
[2016-04-08 15:48:48] /33hao/shop/index.php?act=seller_center ( act=seller_center&op=index ) 
ERR: SELECT * FROM `33hao_store` WHERE ( store_id = '17' ) LIMIT 1   [ RunTime:1,460,101,728.278817s ]SELECT * FROM `33hao_store` WHERE ( store_id = '17' ) LIMIT 1  
[2016-04-08 15:48:48] /33hao/shop/index.php?act=seller_center ( act=seller_center&op=index ) 
ERR: SELECT COUNT(*) AS nc_count FROM `33hao_goods_common` WHERE ( store_id = '17' ) AND ( goods_state = '1' ) AND ( goods_verify = '1' ) LIMIT 1   [ RunTime:1,460,101,728.278817s ]SELECT COUNT(*) AS nc_count FROM `33hao_goods_common` WHERE ( store_id = '17' ) AND ( goods_state = '1' ) AND ( goods_verify = '1' ) LIMIT 1  
[2016-04-08 15:48:48] /33hao/shop/index.php?act=seller_center ( act=seller_center&op=index ) 
ERR: SELECT AVG(seval_desccredit) as store_desccredit,AVG(seval_servicecredit) as store_servicecredit,AVG(seval_deliverycredit) as store_deliverycredit,COUNT(seval_id) as count FROM `33hao_evaluate_store` WHERE ( seval_storeid = '17' ) LIMIT 1   [ RunTime:1,460,101,728.278817s ]SELECT AVG(seval_desccredit) as store_desccredit,AVG(seval_servicecredit) as store_servicecredit,AVG(seval_deliverycredit) as store_deliverycredit,COUNT(seval_id) as count FROM `33hao_evaluate_store` WHERE ( seval_storeid = '17' ) LIMIT 1  
[2016-04-08 15:48:48] /33hao/shop/index.php?act=seller_center ( act=seller_center&op=index ) 
ERR: SELECT * FROM `33hao_store` WHERE ( sc_id = '11' ) AND ( store_state = '1' ) LIMIT 1000   [ RunTime:1,460,101,728.278817s ]SELECT * FROM `33hao_store` WHERE ( sc_id = '11' ) AND ( store_state = '1' ) LIMIT 1000  
[2016-04-08 15:48:48] /33hao/shop/index.php?act=seller_center ( act=seller_center&op=index ) 
ERR: SELECT AVG(seval_desccredit) as store_desccredit,AVG(seval_servicecredit) as store_servicecredit,AVG(seval_deliverycredit) as store_deliverycredit,COUNT(seval_id) as count FROM `33hao_evaluate_store` WHERE ( seval_storeid IN ('16','17','18','19','20','21','22','24','25','26','27','28','29','32','33','34','35','36','37','39','41','43','') ) LIMIT 1   [ RunTime:1,460,101,728.278817s ]SELECT AVG(seval_desccredit) as store_desccredit,AVG(seval_servicecredit) as store_servicecredit,AVG(seval_deliverycredit) as store_deliverycredit,COUNT(seval_id) as count FROM `33hao_evaluate_store` WHERE ( seval_storeid IN ('16','17','18','19','20','21','22','24','25','26','27','28','29','32','33','34','35','36','37','39','41','43','') ) LIMIT 1  
[2016-04-08 15:48:48] /33hao/shop/index.php?act=seller_center ( act=seller_center&op=index ) 
ERR: SELECT COUNT(*) AS nc_count FROM `33hao_store_msg` WHERE ( store_id = '17' ) AND ( sm_readids NOT LIKE '%,18,%' ) LIMIT 1   [ RunTime:1,460,101,728.278817s ]SELECT COUNT(*) AS nc_count FROM `33hao_store_msg` WHERE ( store_id = '17' ) AND ( sm_readids NOT LIKE '%,18,%' ) LIMIT 1  
[2016-04-08 15:48:49] /33hao/shop/index.php?act=seller_center ( act=seller_center&op=index ) 
ERR: SELECT * FROM `33hao_help_type` WHERE ( help_show = '1' ) AND ( page_show = '1' ) ORDER BY type_sort asc,type_id desc LIMIT 6   [ RunTime:1,460,101,728.278817s ]SELECT * FROM `33hao_help_type` WHERE ( help_show = '1' ) AND ( page_show = '1' ) ORDER BY type_sort asc,type_id desc LIMIT 6  
[2016-04-08 15:48:49] /33hao/shop/index.php?act=seller_center ( act=seller_center&op=index ) 
ERR: SELECT  COUNT(*) as ordernum,SUM(order_amount) as orderamount  FROM `33hao_stat_order` WHERE ( store_id = '17' ) AND ( order_isvalid = '1' ) AND (  (order_add_time BETWEEN '1459958400' AND '1460044799' ) ) LIMIT 1   [ RunTime:1,460,101,728.278817s ]SELECT  COUNT(*) as ordernum,SUM(order_amount) as orderamount  FROM `33hao_stat_order` WHERE ( store_id = '17' ) AND ( order_isvalid = '1' ) AND (  (order_add_time BETWEEN '1459958400' AND '1460044799' ) ) LIMIT 1  
[2016-04-08 15:48:49] /33hao/shop/index.php?act=seller_center ( act=seller_center&op=index ) 
ERR: SELECT  COUNT(*) as ordernum,SUM(order_amount) as orderamount  FROM `33hao_stat_order` WHERE ( store_id = '17' ) AND ( order_isvalid = '1' ) AND ( order_add_time > '1459440000' ) LIMIT 1   [ RunTime:1,460,101,728.278817s ]SELECT  COUNT(*) as ordernum,SUM(order_amount) as orderamount  FROM `33hao_stat_order` WHERE ( store_id = '17' ) AND ( order_isvalid = '1' ) AND ( order_add_time > '1459440000' ) LIMIT 1  
[2016-04-08 15:48:49] /33hao/shop/index.php?act=seller_center ( act=seller_center&op=index ) 
ERR: SELECT  goods_id,goods_name,SUM(goods_num) as goodsnum,goods_image  FROM `33hao_stat_ordergoods` WHERE ( store_id = '17' ) AND ( order_isvalid = '1' ) AND (  (order_add_time BETWEEN '1457452800' AND '1460044799' ) ) GROUP BY goods_id ORDER BY goodsnum desc,goods_id LIMIT 8   [ RunTime:1,460,101,728.278817s ]SELECT  goods_id,goods_name,SUM(goods_num) as goodsnum,goods_image  FROM `33hao_stat_ordergoods` WHERE ( store_id = '17' ) AND ( order_isvalid = '1' ) AND (  (order_add_time BETWEEN '1457452800' AND '1460044799' ) ) GROUP BY goods_id ORDER BY goodsnum desc,goods_id LIMIT 8  
[2016-04-08 15:48:49] /33hao/shop/index.php?act=seller_center ( act=seller_center&op=index ) 
ERR: SELECT * FROM `33hao_groupbuy_quota` WHERE ( store_id = '17' ) AND ( end_time > '1460101727' ) LIMIT 1   [ RunTime:1,460,101,728.278817s ]SELECT * FROM `33hao_groupbuy_quota` WHERE ( store_id = '17' ) AND ( end_time > '1460101727' ) LIMIT 1  
[2016-04-08 15:48:49] /33hao/shop/index.php?act=seller_center ( act=seller_center&op=index ) 
ERR: SELECT * FROM `33hao_p_xianshi_quota` WHERE ( store_id = '17' ) AND ( end_time > '1460101727' ) LIMIT 1   [ RunTime:1,460,101,728.278817s ]SELECT * FROM `33hao_p_xianshi_quota` WHERE ( store_id = '17' ) AND ( end_time > '1460101727' ) LIMIT 1  
[2016-04-08 15:48:49] /33hao/shop/index.php?act=seller_center ( act=seller_center&op=index ) 
ERR: SELECT * FROM `33hao_p_mansong_quota` WHERE ( store_id = '17' ) AND ( end_time > '1460101727' ) LIMIT 1   [ RunTime:1,460,101,728.278817s ]SELECT * FROM `33hao_p_mansong_quota` WHERE ( store_id = '17' ) AND ( end_time > '1460101727' ) LIMIT 1  
[2016-04-08 15:48:49] /33hao/shop/index.php?act=seller_center ( act=seller_center&op=index ) 
ERR: SELECT * FROM `33hao_p_bundling_quota` WHERE ( store_id = '17' ) AND ( bl_quota_endtime > '1460101727' ) AND ( bl_state = '1' ) LIMIT 1   [ RunTime:1,460,101,728.278817s ]SELECT * FROM `33hao_p_bundling_quota` WHERE ( store_id = '17' ) AND ( bl_quota_endtime > '1460101727' ) AND ( bl_state = '1' ) LIMIT 1  
[2016-04-08 15:48:49] /33hao/shop/index.php?act=seller_center ( act=seller_center&op=index ) 
ERR: SELECT * FROM `33hao_p_booth_quota` WHERE ( store_id = '17' ) AND ( booth_quota_endtime > '1460101727' ) AND ( booth_state = '1' ) LIMIT 1   [ RunTime:1,460,101,728.278817s ]SELECT * FROM `33hao_p_booth_quota` WHERE ( store_id = '17' ) AND ( booth_quota_endtime > '1460101727' ) AND ( booth_state = '1' ) LIMIT 1  
[2016-04-08 15:48:49] /33hao/shop/index.php?act=seller_center ( act=seller_center&op=index ) 
ERR: SELECT * FROM `33hao_voucher_quota` WHERE ( quota_storeid = '17' ) AND ( quota_endtime > '1460101727' ) LIMIT 1   [ RunTime:1,460,101,728.278817s ]SELECT * FROM `33hao_voucher_quota` WHERE ( quota_storeid = '17' ) AND ( quota_endtime > '1460101727' ) LIMIT 1  
[2016-04-08 15:48:51] /33hao/shop/index.php?act=seller_center&op=statistics&rand=24335029 ( act=seller_center&op=statistics ) 
ERR: SELECT * FROM `33hao_member` WHERE ( member_id = '43' ) LIMIT 1   [ RunTime:1,460,101,731.012292s ]SELECT * FROM `33hao_member` WHERE ( member_id = '43' ) LIMIT 1  
[2016-04-08 15:48:51] /33hao/shop/index.php?act=seller_center&op=statistics&rand=24335029 ( act=seller_center&op=statistics ) 
ERR: SELECT * FROM `33hao_store` WHERE ( store_id = '17' ) LIMIT 1   [ RunTime:1,460,101,731.012292s ]SELECT * FROM `33hao_store` WHERE ( store_id = '17' ) LIMIT 1  
[2016-04-08 15:48:51] /33hao/shop/index.php?act=seller_center&op=statistics&rand=24335029 ( act=seller_center&op=statistics ) 
ERR: SELECT COUNT(*) AS nc_count FROM `33hao_goods_common` WHERE ( store_id = '17' ) AND ( goods_state = '1' ) AND ( goods_verify = '1' ) LIMIT 1   [ RunTime:1,460,101,731.012292s ]SELECT COUNT(*) AS nc_count FROM `33hao_goods_common` WHERE ( store_id = '17' ) AND ( goods_state = '1' ) AND ( goods_verify = '1' ) LIMIT 1  
[2016-04-08 15:48:51] /33hao/shop/index.php?act=seller_center&op=statistics&rand=24335029 ( act=seller_center&op=statistics ) 
ERR: SELECT AVG(seval_desccredit) as store_desccredit,AVG(seval_servicecredit) as store_servicecredit,AVG(seval_deliverycredit) as store_deliverycredit,COUNT(seval_id) as count FROM `33hao_evaluate_store` WHERE ( seval_storeid = '17' ) LIMIT 1   [ RunTime:1,460,101,731.012292s ]SELECT AVG(seval_desccredit) as store_desccredit,AVG(seval_servicecredit) as store_servicecredit,AVG(seval_deliverycredit) as store_deliverycredit,COUNT(seval_id) as count FROM `33hao_evaluate_store` WHERE ( seval_storeid = '17' ) LIMIT 1  
[2016-04-08 15:48:51] /33hao/shop/index.php?act=seller_center&op=statistics&rand=24335029 ( act=seller_center&op=statistics ) 
ERR: SELECT * FROM `33hao_store` WHERE ( sc_id = '11' ) AND ( store_state = '1' ) LIMIT 1000   [ RunTime:1,460,101,731.012292s ]SELECT * FROM `33hao_store` WHERE ( sc_id = '11' ) AND ( store_state = '1' ) LIMIT 1000  
[2016-04-08 15:48:51] /33hao/shop/index.php?act=seller_center&op=statistics&rand=24335029 ( act=seller_center&op=statistics ) 
ERR: SELECT AVG(seval_desccredit) as store_desccredit,AVG(seval_servicecredit) as store_servicecredit,AVG(seval_deliverycredit) as store_deliverycredit,COUNT(seval_id) as count FROM `33hao_evaluate_store` WHERE ( seval_storeid IN ('16','17','18','19','20','21','22','24','25','26','27','28','29','32','33','34','35','36','37','39','41','43','') ) LIMIT 1   [ RunTime:1,460,101,731.012292s ]SELECT AVG(seval_desccredit) as store_desccredit,AVG(seval_servicecredit) as store_servicecredit,AVG(seval_deliverycredit) as store_deliverycredit,COUNT(seval_id) as count FROM `33hao_evaluate_store` WHERE ( seval_storeid IN ('16','17','18','19','20','21','22','24','25','26','27','28','29','32','33','34','35','36','37','39','41','43','') ) LIMIT 1  
[2016-04-08 15:48:51] /33hao/shop/index.php?act=seller_center&op=statistics&rand=24335029 ( act=seller_center&op=statistics ) 
ERR: SELECT COUNT(*) AS nc_count FROM `33hao_goods_common` WHERE ( store_id = '17' ) LIMIT 1   [ RunTime:1,460,101,731.012292s ]SELECT COUNT(*) AS nc_count FROM `33hao_goods_common` WHERE ( store_id = '17' ) LIMIT 1  
[2016-04-08 15:48:51] /33hao/shop/index.php?act=seller_center&op=statistics&rand=24335029 ( act=seller_center&op=statistics ) 
ERR: SELECT COUNT(*) AS nc_count FROM `33hao_goods_common` WHERE ( store_id = '17' ) AND ( goods_state = '1' ) AND ( goods_verify = '1' ) LIMIT 1   [ RunTime:1,460,101,731.012292s ]SELECT COUNT(*) AS nc_count FROM `33hao_goods_common` WHERE ( store_id = '17' ) AND ( goods_state = '1' ) AND ( goods_verify = '1' ) LIMIT 1  
[2016-04-08 15:48:51] /33hao/shop/index.php?act=seller_center&op=statistics&rand=24335029 ( act=seller_center&op=statistics ) 
ERR: SELECT COUNT(*) AS nc_count FROM `33hao_goods_common` WHERE ( store_id = '17' ) AND ( goods_state = '0' ) AND ( goods_verify = '1' ) LIMIT 1   [ RunTime:1,460,101,731.012292s ]SELECT COUNT(*) AS nc_count FROM `33hao_goods_common` WHERE ( store_id = '17' ) AND ( goods_state = '0' ) AND ( goods_verify = '1' ) LIMIT 1  
[2016-04-08 15:48:51] /33hao/shop/index.php?act=seller_center&op=statistics&rand=24335029 ( act=seller_center&op=statistics ) 
ERR: SELECT COUNT(*) AS nc_count FROM `33hao_goods_common` WHERE ( store_id = '17' ) AND ( goods_state = '10' ) AND ( goods_verify = '1' ) LIMIT 1   [ RunTime:1,460,101,731.012292s ]SELECT COUNT(*) AS nc_count FROM `33hao_goods_common` WHERE ( store_id = '17' ) AND ( goods_state = '10' ) AND ( goods_verify = '1' ) LIMIT 1  
[2016-04-08 15:48:51] /33hao/shop/index.php?act=seller_center&op=statistics&rand=24335029 ( act=seller_center&op=statistics ) 
ERR: SELECT COUNT(*) AS nc_count FROM `33hao_consult` WHERE ( store_id = '17' ) AND ( consult_reply = '' ) LIMIT 1   [ RunTime:1,460,101,731.012292s ]SELECT COUNT(*) AS nc_count FROM `33hao_consult` WHERE ( store_id = '17' ) AND ( consult_reply = '' ) LIMIT 1  
[2016-04-08 15:48:52] /33hao/shop/index.php?act=seller_center&op=statistics&rand=24335029 ( act=seller_center&op=statistics ) 
ERR: SELECT COUNT(*) AS nc_count FROM `33hao_album_pic` WHERE ( store_id = '17' ) LIMIT 1   [ RunTime:1,460,101,731.012292s ]SELECT COUNT(*) AS nc_count FROM `33hao_album_pic` WHERE ( store_id = '17' ) LIMIT 1  
[2016-04-08 15:48:52] /33hao/shop/index.php?act=seller_center&op=statistics&rand=24335029 ( act=seller_center&op=statistics ) 
ERR: SELECT COUNT(*) AS nc_count FROM `33hao_order` WHERE ( store_id = '17' ) AND ( (order_state <> '0') AND (order_state <> '40')  ) LIMIT 1   [ RunTime:1,460,101,731.012292s ]SELECT COUNT(*) AS nc_count FROM `33hao_order` WHERE ( store_id = '17' ) AND ( (order_state <> '0') AND (order_state <> '40')  ) LIMIT 1  
[2016-04-08 15:48:52] /33hao/shop/index.php?act=seller_center&op=statistics&rand=24335029 ( act=seller_center&op=statistics ) 
ERR: SELECT COUNT(*) AS nc_count FROM `33hao_order` WHERE ( store_id = '17' ) AND ( order_state = '10' ) LIMIT 1   [ RunTime:1,460,101,731.012292s ]SELECT COUNT(*) AS nc_count FROM `33hao_order` WHERE ( store_id = '17' ) AND ( order_state = '10' ) LIMIT 1  
[2016-04-08 15:48:52] /33hao/shop/index.php?act=seller_center&op=statistics&rand=24335029 ( act=seller_center&op=statistics ) 
ERR: SELECT COUNT(*) AS nc_count FROM `33hao_order` WHERE ( store_id = '17' ) AND ( order_state = '20' ) LIMIT 1   [ RunTime:1,460,101,731.012292s ]SELECT COUNT(*) AS nc_count FROM `33hao_order` WHERE ( store_id = '17' ) AND ( order_state = '20' ) LIMIT 1  
[2016-04-08 15:48:52] /33hao/shop/index.php?act=seller_center&op=statistics&rand=24335029 ( act=seller_center&op=statistics ) 
ERR: SELECT COUNT(*) AS nc_count FROM `33hao_refund_return` WHERE ( store_id = '17' ) AND ( refund_type = '1' ) AND ( order_lock = '2' ) AND ( refund_state < '3' ) LIMIT 1   [ RunTime:1,460,101,731.012292s ]SELECT COUNT(*) AS nc_count FROM `33hao_refund_return` WHERE ( store_id = '17' ) AND ( refund_type = '1' ) AND ( order_lock = '2' ) AND ( refund_state < '3' ) LIMIT 1  
[2016-04-08 15:48:52] /33hao/shop/index.php?act=seller_center&op=statistics&rand=24335029 ( act=seller_center&op=statistics ) 
ERR: SELECT COUNT(*) AS nc_count FROM `33hao_refund_return` WHERE ( store_id = '17' ) AND ( refund_type = '1' ) AND ( order_lock = '1' ) AND ( refund_state < '3' ) LIMIT 1   [ RunTime:1,460,101,731.012292s ]SELECT COUNT(*) AS nc_count FROM `33hao_refund_return` WHERE ( store_id = '17' ) AND ( refund_type = '1' ) AND ( order_lock = '1' ) AND ( refund_state < '3' ) LIMIT 1  
[2016-04-08 15:48:52] /33hao/shop/index.php?act=seller_center&op=statistics&rand=24335029 ( act=seller_center&op=statistics ) 
ERR: SELECT COUNT(*) AS nc_count FROM `33hao_refund_return` WHERE ( store_id = '17' ) AND ( refund_type = '2' ) AND ( order_lock = '2' ) AND ( refund_state < '3' ) LIMIT 1   [ RunTime:1,460,101,731.012292s ]SELECT COUNT(*) AS nc_count FROM `33hao_refund_return` WHERE ( store_id = '17' ) AND ( refund_type = '2' ) AND ( order_lock = '2' ) AND ( refund_state < '3' ) LIMIT 1  
[2016-04-08 15:48:52] /33hao/shop/index.php?act=seller_center&op=statistics&rand=24335029 ( act=seller_center&op=statistics ) 
ERR: SELECT COUNT(*) AS nc_count FROM `33hao_refund_return` WHERE ( store_id = '17' ) AND ( refund_type = '2' ) AND ( order_lock = '1' ) AND ( refund_state < '3' ) LIMIT 1   [ RunTime:1,460,101,731.012292s ]SELECT COUNT(*) AS nc_count FROM `33hao_refund_return` WHERE ( store_id = '17' ) AND ( refund_type = '2' ) AND ( order_lock = '1' ) AND ( refund_state < '3' ) LIMIT 1  
[2016-04-08 15:48:52] /33hao/shop/index.php?act=seller_center&op=statistics&rand=24335029 ( act=seller_center&op=statistics ) 
ERR: SELECT COUNT(*) AS nc_count FROM `33hao_complain` WHERE ( accused_id = '17' ) AND ( (complain_state > '10') AND (complain_state < '90')  ) LIMIT 1   [ RunTime:1,460,101,731.012292s ]SELECT COUNT(*) AS nc_count FROM `33hao_complain` WHERE ( accused_id = '17' ) AND ( (complain_state > '10') AND (complain_state < '90')  ) LIMIT 1  
[2016-04-08 15:48:52] /33hao/shop/index.php?act=seller_center&op=statistics&rand=24335029 ( act=seller_center&op=statistics ) 
ERR: SELECT COUNT(*) AS nc_count FROM `33hao_order_bill` WHERE ( ob_store_id = '17' ) AND ( ob_state = '1' ) LIMIT 1   [ RunTime:1,460,101,731.012292s ]SELECT COUNT(*) AS nc_count FROM `33hao_order_bill` WHERE ( ob_store_id = '17' ) AND ( ob_state = '1' ) LIMIT 1  
[2016-04-08 15:49:13] /33hao/shop/index.php?act=store_goods_online&op=index ( act=store_goods_online&op=index ) 
ERR: SELECT * FROM `33hao_member` WHERE ( member_id = '43' ) LIMIT 1   [ RunTime:1,460,101,753.431597s ]SELECT * FROM `33hao_member` WHERE ( member_id = '43' ) LIMIT 1  
[2016-04-08 15:49:13] /33hao/shop/index.php?act=store_goods_online&op=index ( act=store_goods_online&op=index ) 
ERR: SELECT * FROM `33hao_store` WHERE ( store_id = '17' ) LIMIT 1   [ RunTime:1,460,101,753.431597s ]SELECT * FROM `33hao_store` WHERE ( store_id = '17' ) LIMIT 1  
[2016-04-08 15:49:13] /33hao/shop/index.php?act=store_goods_online&op=index ( act=store_goods_online&op=index ) 
ERR: SELECT COUNT(*) AS nc_count FROM `33hao_goods_common` WHERE ( store_id = '17' ) AND ( goods_state = '1' ) AND ( goods_verify = '1' ) LIMIT 1   [ RunTime:1,460,101,753.431597s ]SELECT COUNT(*) AS nc_count FROM `33hao_goods_common` WHERE ( store_id = '17' ) AND ( goods_state = '1' ) AND ( goods_verify = '1' ) LIMIT 1  
[2016-04-08 15:49:13] /33hao/shop/index.php?act=store_goods_online&op=index ( act=store_goods_online&op=index ) 
ERR: SELECT AVG(seval_desccredit) as store_desccredit,AVG(seval_servicecredit) as store_servicecredit,AVG(seval_deliverycredit) as store_deliverycredit,COUNT(seval_id) as count FROM `33hao_evaluate_store` WHERE ( seval_storeid = '17' ) LIMIT 1   [ RunTime:1,460,101,753.431597s ]SELECT AVG(seval_desccredit) as store_desccredit,AVG(seval_servicecredit) as store_servicecredit,AVG(seval_deliverycredit) as store_deliverycredit,COUNT(seval_id) as count FROM `33hao_evaluate_store` WHERE ( seval_storeid = '17' ) LIMIT 1  
[2016-04-08 15:49:13] /33hao/shop/index.php?act=store_goods_online&op=index ( act=store_goods_online&op=index ) 
ERR: SELECT * FROM `33hao_store` WHERE ( sc_id = '11' ) AND ( store_state = '1' ) LIMIT 1000   [ RunTime:1,460,101,753.431597s ]SELECT * FROM `33hao_store` WHERE ( sc_id = '11' ) AND ( store_state = '1' ) LIMIT 1000  
[2016-04-08 15:49:13] /33hao/shop/index.php?act=store_goods_online&op=index ( act=store_goods_online&op=index ) 
ERR: SELECT AVG(seval_desccredit) as store_desccredit,AVG(seval_servicecredit) as store_servicecredit,AVG(seval_deliverycredit) as store_deliverycredit,COUNT(seval_id) as count FROM `33hao_evaluate_store` WHERE ( seval_storeid IN ('16','17','18','19','20','21','22','24','25','26','27','28','29','32','33','34','35','36','37','39','41','43','') ) LIMIT 1   [ RunTime:1,460,101,753.431597s ]SELECT AVG(seval_desccredit) as store_desccredit,AVG(seval_servicecredit) as store_servicecredit,AVG(seval_deliverycredit) as store_deliverycredit,COUNT(seval_id) as count FROM `33hao_evaluate_store` WHERE ( seval_storeid IN ('16','17','18','19','20','21','22','24','25','26','27','28','29','32','33','34','35','36','37','39','41','43','') ) LIMIT 1  
[2016-04-08 15:49:14] /33hao/shop/index.php?act=store_goods_online&op=index ( act=store_goods_online&op=index ) 
ERR: SELECT COUNT(*) AS nc_count FROM `33hao_goods_common` WHERE ( store_id = '17' ) AND ( goods_state = '1' ) AND ( goods_verify = '1' ) ORDER BY goods_commonid desc LIMIT 1   [ RunTime:1,460,101,753.431597s ]SELECT COUNT(*) AS nc_count FROM `33hao_goods_common` WHERE ( store_id = '17' ) AND ( goods_state = '1' ) AND ( goods_verify = '1' ) ORDER BY goods_commonid desc LIMIT 1  
[2016-04-08 15:49:14] /33hao/shop/index.php?act=store_goods_online&op=index ( act=store_goods_online&op=index ) 
ERR: SELECT * FROM `33hao_goods_common` WHERE ( store_id = '17' ) AND ( goods_state = '1' ) AND ( goods_verify = '1' ) ORDER BY goods_commonid desc LIMIT 0,10   [ RunTime:1,460,101,753.431597s ]SELECT * FROM `33hao_goods_common` WHERE ( store_id = '17' ) AND ( goods_state = '1' ) AND ( goods_verify = '1' ) ORDER BY goods_commonid desc LIMIT 0,10  
[2016-04-08 15:49:14] /33hao/shop/index.php?act=store_goods_online&op=index ( act=store_goods_online&op=index ) 
ERR: SELECT goods_storage,goods_commonid,goods_id,goods_storage_alarm FROM `33hao_goods` WHERE ( goods_commonid IN ('100390','100132','100127','100126','100122','100121','100116','100115','100113','100112') ) LIMIT 1000   [ RunTime:1,460,101,753.431597s ]SELECT goods_storage,goods_commonid,goods_id,goods_storage_alarm FROM `33hao_goods` WHERE ( goods_commonid IN ('100390','100132','100127','100126','100122','100121','100116','100115','100113','100112') ) LIMIT 1000  
[2016-04-08 15:49:14] /33hao/shop/index.php?act=store_goods_online&op=index ( act=store_goods_online&op=index ) 
ERR: SELECT * FROM `33hao_store_goods_class` WHERE ( store_id = '17' ) AND ( stc_state = '1' ) ORDER BY stc_parent_id asc,stc_sort asc,stc_id asc LIMIT 1000   [ RunTime:1,460,101,753.431597s ]SELECT * FROM `33hao_store_goods_class` WHERE ( store_id = '17' ) AND ( stc_state = '1' ) ORDER BY stc_parent_id asc,stc_sort asc,stc_id asc LIMIT 1000  
[2016-04-08 15:49:25] /33hao/shop/index.php?act=store_promotion_mansong&op=mansong_list ( act=store_promotion_mansong&op=mansong_list ) 
ERR: SELECT * FROM `33hao_member` WHERE ( member_id = '43' ) LIMIT 1   [ RunTime:1,460,101,765.543804s ]SELECT * FROM `33hao_member` WHERE ( member_id = '43' ) LIMIT 1  
[2016-04-08 15:49:25] /33hao/shop/index.php?act=store_promotion_mansong&op=mansong_list ( act=store_promotion_mansong&op=mansong_list ) 
ERR: SELECT * FROM `33hao_store` WHERE ( store_id = '17' ) LIMIT 1   [ RunTime:1,460,101,765.543804s ]SELECT * FROM `33hao_store` WHERE ( store_id = '17' ) LIMIT 1  
[2016-04-08 15:49:25] /33hao/shop/index.php?act=store_promotion_mansong&op=mansong_list ( act=store_promotion_mansong&op=mansong_list ) 
ERR: SELECT COUNT(*) AS nc_count FROM `33hao_goods_common` WHERE ( store_id = '17' ) AND ( goods_state = '1' ) AND ( goods_verify = '1' ) LIMIT 1   [ RunTime:1,460,101,765.543804s ]SELECT COUNT(*) AS nc_count FROM `33hao_goods_common` WHERE ( store_id = '17' ) AND ( goods_state = '1' ) AND ( goods_verify = '1' ) LIMIT 1  
[2016-04-08 15:49:25] /33hao/shop/index.php?act=store_promotion_mansong&op=mansong_list ( act=store_promotion_mansong&op=mansong_list ) 
ERR: SELECT AVG(seval_desccredit) as store_desccredit,AVG(seval_servicecredit) as store_servicecredit,AVG(seval_deliverycredit) as store_deliverycredit,COUNT(seval_id) as count FROM `33hao_evaluate_store` WHERE ( seval_storeid = '17' ) LIMIT 1   [ RunTime:1,460,101,765.543804s ]SELECT AVG(seval_desccredit) as store_desccredit,AVG(seval_servicecredit) as store_servicecredit,AVG(seval_deliverycredit) as store_deliverycredit,COUNT(seval_id) as count FROM `33hao_evaluate_store` WHERE ( seval_storeid = '17' ) LIMIT 1  
[2016-04-08 15:49:25] /33hao/shop/index.php?act=store_promotion_mansong&op=mansong_list ( act=store_promotion_mansong&op=mansong_list ) 
ERR: SELECT * FROM `33hao_store` WHERE ( sc_id = '11' ) AND ( store_state = '1' ) LIMIT 1000   [ RunTime:1,460,101,765.543804s ]SELECT * FROM `33hao_store` WHERE ( sc_id = '11' ) AND ( store_state = '1' ) LIMIT 1000  
[2016-04-08 15:49:25] /33hao/shop/index.php?act=store_promotion_mansong&op=mansong_list ( act=store_promotion_mansong&op=mansong_list ) 
ERR: SELECT AVG(seval_desccredit) as store_desccredit,AVG(seval_servicecredit) as store_servicecredit,AVG(seval_deliverycredit) as store_deliverycredit,COUNT(seval_id) as count FROM `33hao_evaluate_store` WHERE ( seval_storeid IN ('16','17','18','19','20','21','22','24','25','26','27','28','29','32','33','34','35','36','37','39','41','43','') ) LIMIT 1   [ RunTime:1,460,101,765.543804s ]SELECT AVG(seval_desccredit) as store_desccredit,AVG(seval_servicecredit) as store_servicecredit,AVG(seval_deliverycredit) as store_deliverycredit,COUNT(seval_id) as count FROM `33hao_evaluate_store` WHERE ( seval_storeid IN ('16','17','18','19','20','21','22','24','25','26','27','28','29','32','33','34','35','36','37','39','41','43','') ) LIMIT 1  
[2016-04-08 15:49:26] /33hao/shop/index.php?act=store_promotion_mansong&op=mansong_list ( act=store_promotion_mansong&op=mansong_list ) 
ERR: SELECT * FROM `33hao_p_mansong_quota` WHERE ( store_id = '17' ) AND ( end_time > '1460101765' ) LIMIT 1   [ RunTime:1,460,101,765.543804s ]SELECT * FROM `33hao_p_mansong_quota` WHERE ( store_id = '17' ) AND ( end_time > '1460101765' ) LIMIT 1  
[2016-04-08 15:49:26] /33hao/shop/index.php?act=store_promotion_mansong&op=mansong_list ( act=store_promotion_mansong&op=mansong_list ) 
ERR: SELECT COUNT(*) AS nc_count FROM `33hao_p_mansong` WHERE ( store_id = '17' ) LIMIT 1   [ RunTime:1,460,101,765.543804s ]SELECT COUNT(*) AS nc_count FROM `33hao_p_mansong` WHERE ( store_id = '17' ) LIMIT 1  
[2016-04-08 15:49:26] /33hao/shop/index.php?act=store_promotion_mansong&op=mansong_list ( act=store_promotion_mansong&op=mansong_list ) 
ERR: SELECT * FROM `33hao_p_mansong` WHERE ( store_id = '17' ) ORDER BY state desc, end_time desc LIMIT 0,10   [ RunTime:1,460,101,765.543804s ]SELECT * FROM `33hao_p_mansong` WHERE ( store_id = '17' ) ORDER BY state desc, end_time desc LIMIT 0,10  
[2016-04-08 15:49:29] /33hao/shop/index.php?act=store_promotion_mansong&op=mansong_add ( act=store_promotion_mansong&op=mansong_add ) 
ERR: SELECT * FROM `33hao_member` WHERE ( member_id = '43' ) LIMIT 1   [ RunTime:1,460,101,769.435567s ]SELECT * FROM `33hao_member` WHERE ( member_id = '43' ) LIMIT 1  
[2016-04-08 15:49:29] /33hao/shop/index.php?act=store_promotion_mansong&op=mansong_add ( act=store_promotion_mansong&op=mansong_add ) 
ERR: SELECT * FROM `33hao_store` WHERE ( store_id = '17' ) LIMIT 1   [ RunTime:1,460,101,769.435567s ]SELECT * FROM `33hao_store` WHERE ( store_id = '17' ) LIMIT 1  
[2016-04-08 15:49:29] /33hao/shop/index.php?act=store_promotion_mansong&op=mansong_add ( act=store_promotion_mansong&op=mansong_add ) 
ERR: SELECT COUNT(*) AS nc_count FROM `33hao_goods_common` WHERE ( store_id = '17' ) AND ( goods_state = '1' ) AND ( goods_verify = '1' ) LIMIT 1   [ RunTime:1,460,101,769.435567s ]SELECT COUNT(*) AS nc_count FROM `33hao_goods_common` WHERE ( store_id = '17' ) AND ( goods_state = '1' ) AND ( goods_verify = '1' ) LIMIT 1  
[2016-04-08 15:49:29] /33hao/shop/index.php?act=store_promotion_mansong&op=mansong_add ( act=store_promotion_mansong&op=mansong_add ) 
ERR: SELECT AVG(seval_desccredit) as store_desccredit,AVG(seval_servicecredit) as store_servicecredit,AVG(seval_deliverycredit) as store_deliverycredit,COUNT(seval_id) as count FROM `33hao_evaluate_store` WHERE ( seval_storeid = '17' ) LIMIT 1   [ RunTime:1,460,101,769.435567s ]SELECT AVG(seval_desccredit) as store_desccredit,AVG(seval_servicecredit) as store_servicecredit,AVG(seval_deliverycredit) as store_deliverycredit,COUNT(seval_id) as count FROM `33hao_evaluate_store` WHERE ( seval_storeid = '17' ) LIMIT 1  
[2016-04-08 15:49:29] /33hao/shop/index.php?act=store_promotion_mansong&op=mansong_add ( act=store_promotion_mansong&op=mansong_add ) 
ERR: SELECT * FROM `33hao_store` WHERE ( sc_id = '11' ) AND ( store_state = '1' ) LIMIT 1000   [ RunTime:1,460,101,769.435567s ]SELECT * FROM `33hao_store` WHERE ( sc_id = '11' ) AND ( store_state = '1' ) LIMIT 1000  
[2016-04-08 15:49:29] /33hao/shop/index.php?act=store_promotion_mansong&op=mansong_add ( act=store_promotion_mansong&op=mansong_add ) 
ERR: SELECT AVG(seval_desccredit) as store_desccredit,AVG(seval_servicecredit) as store_servicecredit,AVG(seval_deliverycredit) as store_deliverycredit,COUNT(seval_id) as count FROM `33hao_evaluate_store` WHERE ( seval_storeid IN ('16','17','18','19','20','21','22','24','25','26','27','28','29','32','33','34','35','36','37','39','41','43','') ) LIMIT 1   [ RunTime:1,460,101,769.435567s ]SELECT AVG(seval_desccredit) as store_desccredit,AVG(seval_servicecredit) as store_servicecredit,AVG(seval_deliverycredit) as store_deliverycredit,COUNT(seval_id) as count FROM `33hao_evaluate_store` WHERE ( seval_storeid IN ('16','17','18','19','20','21','22','24','25','26','27','28','29','32','33','34','35','36','37','39','41','43','') ) LIMIT 1  
[2016-04-08 15:49:29] /33hao/shop/index.php?act=store_promotion_mansong&op=mansong_add ( act=store_promotion_mansong&op=mansong_add ) 
ERR: SELECT * FROM `33hao_p_mansong` WHERE ( store_id = '17' ) AND ( state = '1' ) ORDER BY end_time desc LIMIT 1000   [ RunTime:1,460,101,769.435567s ]SELECT * FROM `33hao_p_mansong` WHERE ( store_id = '17' ) AND ( state = '1' ) ORDER BY end_time desc LIMIT 1000  
[2016-04-08 15:49:30] /33hao/shop/index.php?act=store_promotion_mansong&op=mansong_add ( act=store_promotion_mansong&op=mansong_add ) 
ERR: SELECT * FROM `33hao_p_mansong_quota` WHERE ( store_id = '17' ) AND ( end_time > '1460101768' ) LIMIT 1   [ RunTime:1,460,101,769.435567s ]SELECT * FROM `33hao_p_mansong_quota` WHERE ( store_id = '17' ) AND ( end_time > '1460101768' ) LIMIT 1  
[2016-04-08 15:49:46] /33hao/shop/index.php?act=store_promotion_bundling&op=bundling_list ( act=store_promotion_bundling&op=bundling_list ) 
ERR: SELECT * FROM `33hao_member` WHERE ( member_id = '43' ) LIMIT 1   [ RunTime:1,460,101,786.006768s ]SELECT * FROM `33hao_member` WHERE ( member_id = '43' ) LIMIT 1  
[2016-04-08 15:49:46] /33hao/shop/index.php?act=store_promotion_bundling&op=bundling_list ( act=store_promotion_bundling&op=bundling_list ) 
ERR: SELECT * FROM `33hao_store` WHERE ( store_id = '17' ) LIMIT 1   [ RunTime:1,460,101,786.006768s ]SELECT * FROM `33hao_store` WHERE ( store_id = '17' ) LIMIT 1  
[2016-04-08 15:49:46] /33hao/shop/index.php?act=store_promotion_bundling&op=bundling_list ( act=store_promotion_bundling&op=bundling_list ) 
ERR: SELECT COUNT(*) AS nc_count FROM `33hao_goods_common` WHERE ( store_id = '17' ) AND ( goods_state = '1' ) AND ( goods_verify = '1' ) LIMIT 1   [ RunTime:1,460,101,786.006768s ]SELECT COUNT(*) AS nc_count FROM `33hao_goods_common` WHERE ( store_id = '17' ) AND ( goods_state = '1' ) AND ( goods_verify = '1' ) LIMIT 1  
[2016-04-08 15:49:46] /33hao/shop/index.php?act=store_promotion_bundling&op=bundling_list ( act=store_promotion_bundling&op=bundling_list ) 
ERR: SELECT AVG(seval_desccredit) as store_desccredit,AVG(seval_servicecredit) as store_servicecredit,AVG(seval_deliverycredit) as store_deliverycredit,COUNT(seval_id) as count FROM `33hao_evaluate_store` WHERE ( seval_storeid = '17' ) LIMIT 1   [ RunTime:1,460,101,786.006768s ]SELECT AVG(seval_desccredit) as store_desccredit,AVG(seval_servicecredit) as store_servicecredit,AVG(seval_deliverycredit) as store_deliverycredit,COUNT(seval_id) as count FROM `33hao_evaluate_store` WHERE ( seval_storeid = '17' ) LIMIT 1  
[2016-04-08 15:49:46] /33hao/shop/index.php?act=store_promotion_bundling&op=bundling_list ( act=store_promotion_bundling&op=bundling_list ) 
ERR: SELECT * FROM `33hao_store` WHERE ( sc_id = '11' ) AND ( store_state = '1' ) LIMIT 1000   [ RunTime:1,460,101,786.006768s ]SELECT * FROM `33hao_store` WHERE ( sc_id = '11' ) AND ( store_state = '1' ) LIMIT 1000  
[2016-04-08 15:49:46] /33hao/shop/index.php?act=store_promotion_bundling&op=bundling_list ( act=store_promotion_bundling&op=bundling_list ) 
ERR: SELECT AVG(seval_desccredit) as store_desccredit,AVG(seval_servicecredit) as store_servicecredit,AVG(seval_deliverycredit) as store_deliverycredit,COUNT(seval_id) as count FROM `33hao_evaluate_store` WHERE ( seval_storeid IN ('16','17','18','19','20','21','22','24','25','26','27','28','29','32','33','34','35','36','37','39','41','43','') ) LIMIT 1   [ RunTime:1,460,101,786.006768s ]SELECT AVG(seval_desccredit) as store_desccredit,AVG(seval_servicecredit) as store_servicecredit,AVG(seval_deliverycredit) as store_deliverycredit,COUNT(seval_id) as count FROM `33hao_evaluate_store` WHERE ( seval_storeid IN ('16','17','18','19','20','21','22','24','25','26','27','28','29','32','33','34','35','36','37','39','41','43','') ) LIMIT 1  
[2016-04-08 15:49:46] /33hao/shop/index.php?act=store_promotion_bundling&op=bundling_list ( act=store_promotion_bundling&op=bundling_list ) 
ERR: SELECT COUNT(*) AS nc_count FROM `33hao_p_bundling_quota` WHERE ( store_id = '17' ) AND ( bl_quota_endtime < '1460101785' ) ORDER BY bl_quota_id desc LIMIT 1   [ RunTime:1,460,101,786.006768s ]SELECT COUNT(*) AS nc_count FROM `33hao_p_bundling_quota` WHERE ( store_id = '17' ) AND ( bl_quota_endtime < '1460101785' ) ORDER BY bl_quota_id desc LIMIT 1  
[2016-04-08 15:49:46] /33hao/shop/index.php?act=store_promotion_bundling&op=bundling_list ( act=store_promotion_bundling&op=bundling_list ) 
ERR: SELECT * FROM `33hao_p_bundling_quota` WHERE ( store_id = '17' ) AND ( bl_quota_endtime < '1460101785' ) ORDER BY bl_quota_id desc LIMIT 0,10   [ RunTime:1,460,101,786.006768s ]SELECT * FROM `33hao_p_bundling_quota` WHERE ( store_id = '17' ) AND ( bl_quota_endtime < '1460101785' ) ORDER BY bl_quota_id desc LIMIT 0,10  
[2016-04-08 15:49:46] /33hao/shop/index.php?act=store_promotion_bundling&op=bundling_list ( act=store_promotion_bundling&op=bundling_list ) 
ERR: SELECT * FROM `33hao_p_bundling_quota` WHERE ( store_id = '17' ) LIMIT 1   [ RunTime:1,460,101,786.006768s ]SELECT * FROM `33hao_p_bundling_quota` WHERE ( store_id = '17' ) LIMIT 1  
[2016-04-08 15:49:46] /33hao/shop/index.php?act=store_promotion_bundling&op=bundling_list ( act=store_promotion_bundling&op=bundling_list ) 
ERR: SELECT COUNT(*) AS nc_count FROM `33hao_p_bundling` WHERE ( store_id = '17' ) LIMIT 1   [ RunTime:1,460,101,786.006768s ]SELECT COUNT(*) AS nc_count FROM `33hao_p_bundling` WHERE ( store_id = '17' ) LIMIT 1  
[2016-04-08 15:49:46] /33hao/shop/index.php?act=store_promotion_bundling&op=bundling_list ( act=store_promotion_bundling&op=bundling_list ) 
ERR: SELECT * FROM `33hao_p_bundling` WHERE ( store_id = '17' ) ORDER BY bl_id desc LIMIT 0,10   [ RunTime:1,460,101,786.006768s ]SELECT * FROM `33hao_p_bundling` WHERE ( store_id = '17' ) ORDER BY bl_id desc LIMIT 0,10  
[2016-04-08 15:49:47] /33hao/shop/index.php?act=store_promotion_bundling&op=bundling_list ( act=store_promotion_bundling&op=bundling_list ) 
ERR: SELECT bl_id,goods_id,count(*) as count FROM `33hao_p_bundling_goods` WHERE ( bl_id IN ('12','11') ) AND ( bl_appoint = '1' ) GROUP BY bl_id ORDER BY bl_appoint desc LIMIT 0,10   [ RunTime:1,460,101,786.006768s ]SELECT bl_id,goods_id,count(*) as count FROM `33hao_p_bundling_goods` WHERE ( bl_id IN ('12','11') ) AND ( bl_appoint = '1' ) GROUP BY bl_id ORDER BY bl_appoint desc LIMIT 0,10  
[2016-04-08 15:49:47] /33hao/shop/index.php?act=store_promotion_bundling&op=bundling_list ( act=store_promotion_bundling&op=bundling_list ) 
ERR: SELECT goods_id,goods_image FROM `33hao_goods` WHERE ( goods_id IN ('278') ) LIMIT 1000   [ RunTime:1,460,101,786.006768s ]SELECT goods_id,goods_image FROM `33hao_goods` WHERE ( goods_id IN ('278') ) LIMIT 1000  
[2016-04-08 15:49:49] /33hao/shop/index.php?act=goods&op=index&goods_id=278 ( act=goods&op=index ) 
ERR: SELECT  count(message_id) as countnum  FROM `33hao_message` as `message`  WHERE  message.message_state != '2' and message.message_open = '0' and (message.to_member_id ='all' or (message.message_ismore=0 and message.to_member_id='43') or (message.message_ismore=1 and message.to_member_id like '%,43,%')) and message.del_member_id not like '%,43,%'  and message.read_member_id not like '%,43,%' [ RunTime:1,460,101,789.466439s ]SELECT  count(message_id) as countnum  FROM `33hao_message` as `message`  WHERE  message.message_state != '2' and message.message_open = '0' and (message.to_member_id ='all' or (message.message_ismore=0 and message.to_member_id='43') or (message.message_ismore=1 and message.to_member_id like '%,43,%')) and message.del_member_id not like '%,43,%'  and message.read_member_id not like '%,43,%'
[2016-04-08 15:49:49] /33hao/shop/index.php?act=goods&op=index&goods_id=278 ( act=goods&op=index ) 
ERR: SELECT * FROM `33hao_member` WHERE ( member_id = '43' ) LIMIT 1   [ RunTime:1,460,101,789.466439s ]SELECT * FROM `33hao_member` WHERE ( member_id = '43' ) LIMIT 1  
[2016-04-08 15:49:49] /33hao/shop/index.php?act=goods&op=index&goods_id=278 ( act=goods&op=index ) 
ERR: SELECT * FROM `33hao_goods` WHERE ( goods_id = '278' ) LIMIT 1   [ RunTime:1,460,101,789.466439s ]SELECT * FROM `33hao_goods` WHERE ( goods_id = '278' ) LIMIT 1  
[2016-04-08 15:49:49] /33hao/shop/index.php?act=goods&op=index&goods_id=278 ( act=goods&op=index ) 
ERR: SELECT * FROM `33hao_groupbuy` WHERE ( state = '20' ) AND ( end_time > '1460101789' ) AND ( goods_commonid = '100111' ) ORDER BY start_time asc LIMIT 1   [ RunTime:1,460,101,789.466439s ]SELECT * FROM `33hao_groupbuy` WHERE ( state = '20' ) AND ( end_time > '1460101789' ) AND ( goods_commonid = '100111' ) ORDER BY start_time asc LIMIT 1  
[2016-04-08 15:49:49] /33hao/shop/index.php?act=goods&op=index&goods_id=278 ( act=goods&op=index ) 
ERR: SELECT * FROM `33hao_p_xianshi_goods` WHERE ( state = '1' ) AND ( end_time > '1460101789' ) AND ( goods_id = '278' ) ORDER BY start_time asc LIMIT 1   [ RunTime:1,460,101,789.466439s ]SELECT * FROM `33hao_p_xianshi_goods` WHERE ( state = '1' ) AND ( end_time > '1460101789' ) AND ( goods_id = '278' ) ORDER BY start_time asc LIMIT 1  
[2016-04-08 15:49:49] /33hao/shop/index.php?act=goods&op=index&goods_id=278 ( act=goods&op=index ) 
ERR: SELECT * FROM `33hao_goods_common` WHERE ( goods_commonid = '100111' ) LIMIT 1   [ RunTime:1,460,101,789.466439s ]SELECT * FROM `33hao_goods_common` WHERE ( goods_commonid = '100111' ) LIMIT 1  
[2016-04-08 15:49:49] /33hao/shop/index.php?act=goods&op=index&goods_id=278 ( act=goods&op=index ) 
ERR: SELECT goods_spec,goods_id,goods_storage,goods_price,store_id,goods_image,color_id FROM `33hao_goods` WHERE ( goods_commonid = '100111' ) LIMIT 1000   [ RunTime:1,460,101,789.466439s ]SELECT goods_spec,goods_id,goods_storage,goods_price,store_id,goods_image,color_id FROM `33hao_goods` WHERE ( goods_commonid = '100111' ) LIMIT 1000  
[2016-04-08 15:49:50] /33hao/shop/index.php?act=goods&op=index&goods_id=278 ( act=goods&op=index ) 
ERR: SELECT goods_image FROM `33hao_goods_images` WHERE ( goods_commonid = '100111' ) AND ( color_id = '0' ) ORDER BY is_default desc,goods_image_sort asc LIMIT 1000   [ RunTime:1,460,101,789.466439s ]SELECT goods_image FROM `33hao_goods_images` WHERE ( goods_commonid = '100111' ) AND ( color_id = '0' ) ORDER BY is_default desc,goods_image_sort asc LIMIT 1000  
[2016-04-08 15:49:50] /33hao/shop/index.php?act=goods&op=index&goods_id=278 ( act=goods&op=index ) 
ERR: SELECT * FROM `33hao_goods_gift` WHERE ( goods_id = '278' ) LIMIT 1000   [ RunTime:1,460,101,789.466439s ]SELECT * FROM `33hao_goods_gift` WHERE ( goods_id = '278' ) LIMIT 1000  
[2016-04-08 15:49:50] /33hao/shop/index.php?act=goods&op=index&goods_id=278 ( act=goods&op=index ) 
ERR: SELECT * FROM `33hao_p_mansong` WHERE ( state = '1' ) AND ( store_id = '17' ) AND ( end_time > '1460101789' ) ORDER BY start_time asc LIMIT 1   [ RunTime:1,460,101,789.466439s ]SELECT * FROM `33hao_p_mansong` WHERE ( state = '1' ) AND ( store_id = '17' ) AND ( end_time > '1460101789' ) ORDER BY start_time asc LIMIT 1  
[2016-04-08 15:49:50] /33hao/shop/index.php?act=goods&op=index&goods_id=278 ( act=goods&op=index ) 
ERR: UPDATE `33hao_goods` SET goods_click=goods_click + 1,goods_edittime='1460101789' WHERE ( goods_id IN ('278') ) [ RunTime:1,460,101,789.466439s ]UPDATE `33hao_goods` SET goods_click=goods_click + 1,goods_edittime='1460101789' WHERE ( goods_id IN ('278') )
[2016-04-08 15:49:50] /33hao/shop/index.php?act=goods&op=index&goods_id=278 ( act=goods&op=index ) 
ERR: SELECT * FROM `33hao_goods` WHERE ( goods_commonid = '100111' ) LIMIT 1000   [ RunTime:1,460,101,789.466439s ]SELECT * FROM `33hao_goods` WHERE ( goods_commonid = '100111' ) LIMIT 1000  
[2016-04-08 15:49:50] /33hao/shop/index.php?act=goods&op=index&goods_id=278 ( act=goods&op=index ) 
ERR: SELECT * FROM `33hao_store` WHERE ( store_id = '17' ) LIMIT 1   [ RunTime:1,460,101,789.466439s ]SELECT * FROM `33hao_store` WHERE ( store_id = '17' ) LIMIT 1  
[2016-04-08 15:49:50] /33hao/shop/index.php?act=goods&op=index&goods_id=278 ( act=goods&op=index ) 
ERR: SELECT COUNT(*) AS nc_count FROM `33hao_goods_common` WHERE ( store_id = '17' ) AND ( goods_state = '1' ) AND ( goods_verify = '1' ) LIMIT 1   [ RunTime:1,460,101,789.466439s ]SELECT COUNT(*) AS nc_count FROM `33hao_goods_common` WHERE ( store_id = '17' ) AND ( goods_state = '1' ) AND ( goods_verify = '1' ) LIMIT 1  
[2016-04-08 15:49:50] /33hao/shop/index.php?act=goods&op=index&goods_id=278 ( act=goods&op=index ) 
ERR: SELECT AVG(seval_desccredit) as store_desccredit,AVG(seval_servicecredit) as store_servicecredit,AVG(seval_deliverycredit) as store_deliverycredit,COUNT(seval_id) as count FROM `33hao_evaluate_store` WHERE ( seval_storeid = '17' ) LIMIT 1   [ RunTime:1,460,101,789.466439s ]SELECT AVG(seval_desccredit) as store_desccredit,AVG(seval_servicecredit) as store_servicecredit,AVG(seval_deliverycredit) as store_deliverycredit,COUNT(seval_id) as count FROM `33hao_evaluate_store` WHERE ( seval_storeid = '17' ) LIMIT 1  
[2016-04-08 15:49:50] /33hao/shop/index.php?act=goods&op=index&goods_id=278 ( act=goods&op=index ) 
ERR: SELECT * FROM `33hao_store` WHERE ( sc_id = '11' ) AND ( store_state = '1' ) LIMIT 1000   [ RunTime:1,460,101,789.466439s ]SELECT * FROM `33hao_store` WHERE ( sc_id = '11' ) AND ( store_state = '1' ) LIMIT 1000  
[2016-04-08 15:49:50] /33hao/shop/index.php?act=goods&op=index&goods_id=278 ( act=goods&op=index ) 
ERR: SELECT AVG(seval_desccredit) as store_desccredit,AVG(seval_servicecredit) as store_servicecredit,AVG(seval_deliverycredit) as store_deliverycredit,COUNT(seval_id) as count FROM `33hao_evaluate_store` WHERE ( seval_storeid IN ('16','17','18','19','20','21','22','24','25','26','27','28','29','32','33','34','35','36','37','39','41','43','') ) LIMIT 1   [ RunTime:1,460,101,789.466439s ]SELECT AVG(seval_desccredit) as store_desccredit,AVG(seval_servicecredit) as store_servicecredit,AVG(seval_deliverycredit) as store_deliverycredit,COUNT(seval_id) as count FROM `33hao_evaluate_store` WHERE ( seval_storeid IN ('16','17','18','19','20','21','22','24','25','26','27','28','29','32','33','34','35','36','37','39','41','43','') ) LIMIT 1  
[2016-04-08 15:49:50] /33hao/shop/index.php?act=goods&op=index&goods_id=278 ( act=goods&op=index ) 
ERR: SELECT * FROM `33hao_store_goods_class` WHERE ( store_id = '17' ) AND ( stc_state = '1' ) ORDER BY stc_parent_id asc,stc_sort asc,stc_id asc LIMIT 1000   [ RunTime:1,460,101,789.466439s ]SELECT * FROM `33hao_store_goods_class` WHERE ( store_id = '17' ) AND ( stc_state = '1' ) ORDER BY stc_parent_id asc,stc_sort asc,stc_id asc LIMIT 1000  
[2016-04-08 15:49:50] /33hao/shop/index.php?act=goods&op=index&goods_id=278 ( act=goods&op=index ) 
ERR: SELECT * FROM `33hao_goods` WHERE ( store_id = '17' ) AND ( goods_state = '1' ) AND ( goods_verify = '1' ) ORDER BY goods_salenum desc LIMIT 5   [ RunTime:1,460,101,789.466439s ]SELECT * FROM `33hao_goods` WHERE ( store_id = '17' ) AND ( goods_state = '1' ) AND ( goods_verify = '1' ) ORDER BY goods_salenum desc LIMIT 5  
[2016-04-08 15:49:51] /33hao/shop/index.php?act=goods&op=index&goods_id=278 ( act=goods&op=index ) 
ERR: SELECT * FROM `33hao_goods` WHERE ( store_id = '17' ) AND ( goods_state = '1' ) AND ( goods_verify = '1' ) ORDER BY goods_collect desc LIMIT 5   [ RunTime:1,460,101,789.466439s ]SELECT * FROM `33hao_goods` WHERE ( store_id = '17' ) AND ( goods_state = '1' ) AND ( goods_verify = '1' ) ORDER BY goods_collect desc LIMIT 5  
[2016-04-08 15:49:51] /33hao/shop/index.php?act=goods&op=index&goods_id=278 ( act=goods&op=index ) 
ERR: SELECT snsgoods_likenum,snsgoods_sharenum FROM `33hao_sns_goods` WHERE ( snsgoods_goodsid = '278' ) LIMIT 1   [ RunTime:1,460,101,789.466439s ]SELECT snsgoods_likenum,snsgoods_sharenum FROM `33hao_sns_goods` WHERE ( snsgoods_goodsid = '278' ) LIMIT 1  
[2016-04-08 15:49:51] /33hao/shop/index.php?act=goods&op=index&goods_id=278 ( act=goods&op=index ) 
ERR: SELECT * FROM `33hao_transport_extend` WHERE ( transport_id = '5' ) AND ( is_default = '1' ) ORDER BY is_default LIMIT 1000   [ RunTime:1,460,101,789.466439s ]SELECT * FROM `33hao_transport_extend` WHERE ( transport_id = '5' ) AND ( is_default = '1' ) ORDER BY is_default LIMIT 1000  
[2016-04-08 15:49:51] /33hao/shop/index.php?act=goods&op=index&goods_id=278 ( act=goods&op=index ) 
ERR: SELECT goods_id,goods_name,goods_jingle,goods_image,store_id,goods_price FROM `33hao_goods` WHERE ( store_id = '17' ) AND ( goods_commend = '1' ) AND ( goods_state = '1' ) AND ( goods_verify = '1' ) GROUP BY goods_commonid ORDER BY rand() LIMIT 5   [ RunTime:1,460,101,789.466439s ]SELECT goods_id,goods_name,goods_jingle,goods_image,store_id,goods_price FROM `33hao_goods` WHERE ( store_id = '17' ) AND ( goods_commend = '1' ) AND ( goods_state = '1' ) AND ( goods_verify = '1' ) GROUP BY goods_commonid ORDER BY rand() LIMIT 5  
[2016-04-08 15:49:51] /33hao/shop/index.php?act=goods&op=index&goods_id=278 ( act=goods&op=index ) 
ERR: SELECT count(*) as count,geval_scores FROM `33hao_evaluate_goods` WHERE ( geval_goodsid = '278' ) GROUP BY geval_scores LIMIT 1000   [ RunTime:1,460,101,789.466439s ]SELECT count(*) as count,geval_scores FROM `33hao_evaluate_goods` WHERE ( geval_goodsid = '278' ) GROUP BY geval_scores LIMIT 1000  
[2016-04-08 15:49:51] /33hao/shop/index.php?act=goods&op=index&goods_id=278 ( act=goods&op=index ) 
ERR: UPDATE `33hao_goods` SET evaluation_good_star='5',evaluation_count='0',goods_edittime='1460101789' WHERE ( goods_id IN ('278') ) [ RunTime:1,460,101,789.466439s ]UPDATE `33hao_goods` SET evaluation_good_star='5',evaluation_count='0',goods_edittime='1460101789' WHERE ( goods_id IN ('278') )
[2016-04-08 15:49:51] /33hao/shop/index.php?act=goods&op=index&goods_id=278 ( act=goods&op=index ) 
ERR: SELECT * FROM `33hao_brand` WHERE ( brand_recommend = '1' ) AND ( class_id = '1057' ) LIMIT 1000   [ RunTime:1,460,101,789.466439s ]SELECT * FROM `33hao_brand` WHERE ( brand_recommend = '1' ) AND ( class_id = '1057' ) LIMIT 1000  
[2016-04-08 15:49:51] /33hao/shop/index.php?act=goods&op=index&goods_id=278 ( act=goods&op=index ) 
ERR: SELECT * FROM `33hao_brand` WHERE ( brand_recommend = '1' ) AND ( class_id = '1058' ) LIMIT 1000   [ RunTime:1,460,101,789.466439s ]SELECT * FROM `33hao_brand` WHERE ( brand_recommend = '1' ) AND ( class_id = '1058' ) LIMIT 1000  
[2016-04-08 15:49:51] /33hao/shop/index.php?act=goods&op=index&goods_id=278 ( act=goods&op=index ) 
ERR: SELECT * FROM `33hao_brand` WHERE ( brand_recommend = '1' ) AND ( class_id = '1073' ) LIMIT 1000   [ RunTime:1,460,101,789.466439s ]SELECT * FROM `33hao_brand` WHERE ( brand_recommend = '1' ) AND ( class_id = '1073' ) LIMIT 1000  
[2016-04-08 15:49:51] /33hao/shop/index.php?act=goods&op=index&goods_id=278 ( act=goods&op=index ) 
ERR: SELECT * FROM `33hao_brand` WHERE ( brand_recommend = '1' ) AND ( class_id = '1060' ) LIMIT 1000   [ RunTime:1,460,101,789.466439s ]SELECT * FROM `33hao_brand` WHERE ( brand_recommend = '1' ) AND ( class_id = '1060' ) LIMIT 1000  
[2016-04-08 15:49:53] /33hao/shop/index.php?act=show_store&op=ajax_flowstat_record&store_id=17&goods_id=278&act_param=goods&op_param=index ( act=show_store&op=ajax_flowstat_record ) 
ERR: SELECT * FROM `33hao_member` WHERE ( member_id = '43' ) LIMIT 1   [ RunTime:1,460,101,793.176583s ]SELECT * FROM `33hao_member` WHERE ( member_id = '43' ) LIMIT 1  
[2016-04-08 15:49:53] /33hao/shop/index.php?act=show_store&op=ajax_flowstat_record&store_id=17&goods_id=278&act_param=goods&op_param=index ( act=show_store&op=ajax_flowstat_record ) 
ERR: SELECT * FROM `33hao_store` WHERE ( store_id = '17' ) LIMIT 1   [ RunTime:1,460,101,793.176583s ]SELECT * FROM `33hao_store` WHERE ( store_id = '17' ) LIMIT 1  
[2016-04-08 15:49:53] /33hao/shop/index.php?act=show_store&op=ajax_flowstat_record&store_id=17&goods_id=278&act_param=goods&op_param=index ( act=show_store&op=ajax_flowstat_record ) 
ERR: SELECT COUNT(*) AS nc_count FROM `33hao_goods_common` WHERE ( store_id = '17' ) AND ( goods_state = '1' ) AND ( goods_verify = '1' ) LIMIT 1   [ RunTime:1,460,101,793.176583s ]SELECT COUNT(*) AS nc_count FROM `33hao_goods_common` WHERE ( store_id = '17' ) AND ( goods_state = '1' ) AND ( goods_verify = '1' ) LIMIT 1  
[2016-04-08 15:49:53] /33hao/shop/index.php?act=show_store&op=ajax_flowstat_record&store_id=17&goods_id=278&act_param=goods&op_param=index ( act=show_store&op=ajax_flowstat_record ) 
ERR: SELECT AVG(seval_desccredit) as store_desccredit,AVG(seval_servicecredit) as store_servicecredit,AVG(seval_deliverycredit) as store_deliverycredit,COUNT(seval_id) as count FROM `33hao_evaluate_store` WHERE ( seval_storeid = '17' ) LIMIT 1   [ RunTime:1,460,101,793.176583s ]SELECT AVG(seval_desccredit) as store_desccredit,AVG(seval_servicecredit) as store_servicecredit,AVG(seval_deliverycredit) as store_deliverycredit,COUNT(seval_id) as count FROM `33hao_evaluate_store` WHERE ( seval_storeid = '17' ) LIMIT 1  
[2016-04-08 15:49:53] /33hao/shop/index.php?act=show_store&op=ajax_flowstat_record&store_id=17&goods_id=278&act_param=goods&op_param=index ( act=show_store&op=ajax_flowstat_record ) 
ERR: SELECT * FROM `33hao_store` WHERE ( sc_id = '11' ) AND ( store_state = '1' ) LIMIT 1000   [ RunTime:1,460,101,793.176583s ]SELECT * FROM `33hao_store` WHERE ( sc_id = '11' ) AND ( store_state = '1' ) LIMIT 1000  
[2016-04-08 15:49:53] /33hao/shop/index.php?act=show_store&op=ajax_flowstat_record&store_id=17&goods_id=278&act_param=goods&op_param=index ( act=show_store&op=ajax_flowstat_record ) 
ERR: SELECT AVG(seval_desccredit) as store_desccredit,AVG(seval_servicecredit) as store_servicecredit,AVG(seval_deliverycredit) as store_deliverycredit,COUNT(seval_id) as count FROM `33hao_evaluate_store` WHERE ( seval_storeid IN ('16','17','18','19','20','21','22','24','25','26','27','28','29','32','33','34','35','36','37','39','41','43','') ) LIMIT 1   [ RunTime:1,460,101,793.176583s ]SELECT AVG(seval_desccredit) as store_desccredit,AVG(seval_servicecredit) as store_servicecredit,AVG(seval_deliverycredit) as store_deliverycredit,COUNT(seval_id) as count FROM `33hao_evaluate_store` WHERE ( seval_storeid IN ('16','17','18','19','20','21','22','24','25','26','27','28','29','32','33','34','35','36','37','39','41','43','') ) LIMIT 1  
[2016-04-08 15:49:53] /33hao/shop/index.php?act=show_store&op=ajax_flowstat_record&store_id=17&goods_id=278&act_param=goods&op_param=index ( act=show_store&op=ajax_flowstat_record ) 
ERR: SELECT * FROM `33hao_store_goods_class` WHERE ( store_id = '17' ) AND ( stc_state = '1' ) ORDER BY stc_parent_id asc,stc_sort asc,stc_id asc LIMIT 1000   [ RunTime:1,460,101,793.176583s ]SELECT * FROM `33hao_store_goods_class` WHERE ( store_id = '17' ) AND ( stc_state = '1' ) ORDER BY stc_parent_id asc,stc_sort asc,stc_id asc LIMIT 1000  
[2016-04-08 15:49:53] /33hao/shop/index.php?act=show_store&op=ajax_flowstat_record&store_id=17&goods_id=278&act_param=goods&op_param=index ( act=show_store&op=ajax_flowstat_record ) 
ERR: SELECT * FROM `33hao_goods` WHERE ( store_id = '17' ) AND ( goods_state = '1' ) AND ( goods_verify = '1' ) ORDER BY goods_salenum desc LIMIT 5   [ RunTime:1,460,101,793.176583s ]SELECT * FROM `33hao_goods` WHERE ( store_id = '17' ) AND ( goods_state = '1' ) AND ( goods_verify = '1' ) ORDER BY goods_salenum desc LIMIT 5  
[2016-04-08 15:49:53] /33hao/shop/index.php?act=show_store&op=ajax_flowstat_record&store_id=17&goods_id=278&act_param=goods&op_param=index ( act=show_store&op=ajax_flowstat_record ) 
ERR: SELECT * FROM `33hao_goods` WHERE ( store_id = '17' ) AND ( goods_state = '1' ) AND ( goods_verify = '1' ) ORDER BY goods_collect desc LIMIT 5   [ RunTime:1,460,101,793.176583s ]SELECT * FROM `33hao_goods` WHERE ( store_id = '17' ) AND ( goods_state = '1' ) AND ( goods_verify = '1' ) ORDER BY goods_collect desc LIMIT 5  
[2016-04-08 15:49:53] /33hao/shop/index.php?act=show_store&op=ajax_flowstat_record&store_id=17&goods_id=278&act_param=goods&op_param=index ( act=show_store&op=ajax_flowstat_record ) 
ERR: SELECT * FROM `33hao_store_navigation` WHERE ( sn_store_id = '17' ) LIMIT 1000   [ RunTime:1,460,101,793.176583s ]SELECT * FROM `33hao_store_navigation` WHERE ( sn_store_id = '17' ) LIMIT 1000  
[2016-04-08 15:49:54] /33hao/shop/index.php?act=goods&op=get_bundling&goods_id=278 ( act=goods&op=get_bundling ) 
ERR: SELECT * FROM `33hao_member` WHERE ( member_id = '43' ) LIMIT 1   [ RunTime:1,460,101,794.388243s ]SELECT * FROM `33hao_member` WHERE ( member_id = '43' ) LIMIT 1  
[2016-04-08 15:49:54] /33hao/shop/index.php?act=goods&op=get_bundling&goods_id=278 ( act=goods&op=get_bundling ) 
ERR: SELECT * FROM `33hao_goods` WHERE ( goods_id = '278' ) LIMIT 1   [ RunTime:1,460,101,794.388243s ]SELECT * FROM `33hao_goods` WHERE ( goods_id = '278' ) LIMIT 1  
[2016-04-08 15:49:54] /33hao/shop/index.php?act=goods&op=get_bundling&goods_id=278 ( act=goods&op=get_bundling ) 
ERR: SELECT bl_id FROM `33hao_p_bundling_goods` WHERE ( goods_id = '278' ) AND ( bl_appoint = '1' ) ORDER BY bl_goods_id asc LIMIT 1000   [ RunTime:1,460,101,794.388243s ]SELECT bl_id FROM `33hao_p_bundling_goods` WHERE ( goods_id = '278' ) AND ( bl_appoint = '1' ) ORDER BY bl_goods_id asc LIMIT 1000  
[2016-04-08 15:49:54] /33hao/shop/index.php?act=goods&op=get_bundling&goods_id=278 ( act=goods&op=get_bundling ) 
ERR: SELECT * FROM `33hao_p_bundling` WHERE ( bl_id IN ('12','11') ) AND ( bl_state = '1' ) ORDER BY bl_id desc LIMIT 1000   [ RunTime:1,460,101,794.388243s ]SELECT * FROM `33hao_p_bundling` WHERE ( bl_id IN ('12','11') ) AND ( bl_state = '1' ) ORDER BY bl_id desc LIMIT 1000  
[2016-04-08 15:49:54] /33hao/shop/index.php?act=goods&op=get_bundling&goods_id=278 ( act=goods&op=get_bundling ) 
ERR: SELECT * FROM `33hao_p_bundling_goods` WHERE ( bl_id IN ('12','11') ) ORDER BY bl_goods_id asc LIMIT 1000   [ RunTime:1,460,101,794.388243s ]SELECT * FROM `33hao_p_bundling_goods` WHERE ( bl_id IN ('12','11') ) ORDER BY bl_goods_id asc LIMIT 1000  
[2016-04-08 15:49:54] /33hao/shop/index.php?act=goods&op=get_bundling&goods_id=278 ( act=goods&op=get_bundling ) 
ERR: SELECT goods_id,goods_name,goods_price,goods_image FROM `33hao_goods` WHERE ( goods_id IN ('278','279','280','282','278','279','280','282','299') ) LIMIT 1000   [ RunTime:1,460,101,794.388243s ]SELECT goods_id,goods_name,goods_price,goods_image FROM `33hao_goods` WHERE ( goods_id IN ('278','279','280','282','278','279','280','282','299') ) LIMIT 1000  
[2016-04-08 15:49:54] /33hao/shop/index.php?act=goods&op=get_bundling&goods_id=278 ( act=goods&op=get_bundling ) 
ERR: SELECT * FROM `33hao_goods_combo` WHERE ( goods_id = '278' ) LIMIT 1000   [ RunTime:1,460,101,794.388243s ]SELECT * FROM `33hao_goods_combo` WHERE ( goods_id = '278' ) LIMIT 1000  
[2016-04-08 15:49:55] /33hao/shop/index.php?act=goods&op=addbrowse&gid=278 ( act=goods&op=addbrowse ) 
ERR: SELECT * FROM `33hao_member` WHERE ( member_id = '43' ) LIMIT 1   [ RunTime:1,460,101,795.375642s ]SELECT * FROM `33hao_member` WHERE ( member_id = '43' ) LIMIT 1  
[2016-04-08 15:49:55] /33hao/shop/index.php?act=goods&op=addbrowse&gid=278 ( act=goods&op=addbrowse ) 
ERR: SELECT * FROM `33hao_goods` WHERE ( goods_id = '278' ) LIMIT 1   [ RunTime:1,460,101,795.375642s ]SELECT * FROM `33hao_goods` WHERE ( goods_id = '278' ) LIMIT 1  
[2016-04-08 15:49:55] /33hao/shop/index.php?act=goods&op=salelog&goods_id=278&store_id=17&vr=0 ( act=goods&op=salelog ) 
ERR: SELECT * FROM `33hao_member` WHERE ( member_id = '43' ) LIMIT 1   [ RunTime:1,460,101,795.917228s ]SELECT * FROM `33hao_member` WHERE ( member_id = '43' ) LIMIT 1  
[2016-04-08 15:49:56] /33hao/shop/index.php?act=goods&op=salelog&goods_id=278&store_id=17&vr=0 ( act=goods&op=salelog ) 
ERR: SELECT COUNT(*) AS nc_count FROM `33hao_order_goods` AS `order_goods` INNER JOIN `33hao_order` AS `order` ON order_goods.order_id=order.order_id WHERE ( order_goods.goods_id = '278' ) AND ( order_state IN ('20','30','40') ) LIMIT 1   [ RunTime:1,460,101,795.917228s ]SELECT COUNT(*) AS nc_count FROM `33hao_order_goods` AS `order_goods` INNER JOIN `33hao_order` AS `order` ON order_goods.order_id=order.order_id WHERE ( order_goods.goods_id = '278' ) AND ( order_state IN ('20','30','40') ) LIMIT 1  
[2016-04-08 15:49:56] /33hao/shop/index.php?act=goods&op=salelog&goods_id=278&store_id=17&vr=0 ( act=goods&op=salelog ) 
ERR: SELECT order_goods.*, order.buyer_name, order.add_time FROM `33hao_order_goods` AS `order_goods` INNER JOIN `33hao_order` AS `order` ON order_goods.order_id=order.order_id WHERE ( order_goods.goods_id = '278' ) AND ( order_state IN ('20','30','40') ) ORDER BY rec_id desc LIMIT 0,10   [ RunTime:1,460,101,795.917228s ]SELECT order_goods.*, order.buyer_name, order.add_time FROM `33hao_order_goods` AS `order_goods` INNER JOIN `33hao_order` AS `order` ON order_goods.order_id=order.order_id WHERE ( order_goods.goods_id = '278' ) AND ( order_state IN ('20','30','40') ) ORDER BY rec_id desc LIMIT 0,10  
[2016-04-08 15:49:56] /33hao/shop/index.php?act=goods&op=comments&goods_id=278&type=all ( act=goods&op=comments ) 
ERR: SELECT * FROM `33hao_member` WHERE ( member_id = '43' ) LIMIT 1   [ RunTime:1,460,101,796.608712s ]SELECT * FROM `33hao_member` WHERE ( member_id = '43' ) LIMIT 1  
[2016-04-08 15:49:56] /33hao/shop/index.php?act=goods&op=comments&goods_id=278&type=all ( act=goods&op=comments ) 
ERR: SELECT COUNT(*) AS nc_count FROM `33hao_evaluate_goods` WHERE ( geval_goodsid = '278' ) LIMIT 1   [ RunTime:1,460,101,796.608712s ]SELECT COUNT(*) AS nc_count FROM `33hao_evaluate_goods` WHERE ( geval_goodsid = '278' ) LIMIT 1  
[2016-04-08 15:49:56] /33hao/shop/index.php?act=goods&op=comments&goods_id=278&type=all ( act=goods&op=comments ) 
ERR: SELECT * FROM `33hao_evaluate_goods` WHERE ( geval_goodsid = '278' ) ORDER BY geval_id desc LIMIT 0,10   [ RunTime:1,460,101,796.608712s ]SELECT * FROM `33hao_evaluate_goods` WHERE ( geval_goodsid = '278' ) ORDER BY geval_id desc LIMIT 0,10  
[2016-04-08 15:49:57] /33hao/shop/index.php?act=goods&op=consulting&goods_id=278&store_id=17 ( act=goods&op=consulting ) 
ERR: SELECT * FROM `33hao_member` WHERE ( member_id = '43' ) LIMIT 1   [ RunTime:1,460,101,797.359793s ]SELECT * FROM `33hao_member` WHERE ( member_id = '43' ) LIMIT 1  
[2016-04-08 15:49:57] /33hao/shop/index.php?act=goods&op=consulting&goods_id=278&store_id=17 ( act=goods&op=consulting ) 
ERR: SELECT * FROM `33hao_consult` WHERE ( goods_id = '278' ) ORDER BY consult_id desc LIMIT 10   [ RunTime:1,460,101,797.359793s ]SELECT * FROM `33hao_consult` WHERE ( goods_id = '278' ) ORDER BY consult_id desc LIMIT 10  
[2016-04-08 15:49:57] /33hao/shop/index.php?act=goods&op=consulting&goods_id=278&store_id=17 ( act=goods&op=consulting ) 
ERR: SELECT * FROM `33hao_member` WHERE ( member_id = '43' ) LIMIT 1   [ RunTime:1,460,101,797.359793s ]SELECT * FROM `33hao_member` WHERE ( member_id = '43' ) LIMIT 1  
[2016-04-08 15:49:57] /33hao/shop/index.php?act=compare&op=checkcompare ( act=compare&op=checkcompare ) 
ERR: SELECT * FROM `33hao_member` WHERE ( member_id = '43' ) LIMIT 1   [ RunTime:1,460,101,797.953567s ]SELECT * FROM `33hao_member` WHERE ( member_id = '43' ) LIMIT 1  
[2016-04-08 15:59:24] /33hao/mobile/index.php?act=goods&op=goods_detail&goods_id=278 ( act=goods&op=goods_detail ) 
ERR: SELECT * FROM `33hao_goods` WHERE ( goods_id = '278' ) LIMIT 1   [ RunTime:1,460,102,364.711729s ]SELECT * FROM `33hao_goods` WHERE ( goods_id = '278' ) LIMIT 1  
[2016-04-08 15:59:24] /33hao/mobile/index.php?act=goods&op=goods_detail&goods_id=278 ( act=goods&op=goods_detail ) 
ERR: SELECT * FROM `33hao_groupbuy` WHERE ( state = '20' ) AND ( end_time > '1460102364' ) AND ( goods_commonid = '100111' ) ORDER BY start_time asc LIMIT 1   [ RunTime:1,460,102,364.711729s ]SELECT * FROM `33hao_groupbuy` WHERE ( state = '20' ) AND ( end_time > '1460102364' ) AND ( goods_commonid = '100111' ) ORDER BY start_time asc LIMIT 1  
[2016-04-08 15:59:24] /33hao/mobile/index.php?act=goods&op=goods_detail&goods_id=278 ( act=goods&op=goods_detail ) 
ERR: SELECT * FROM `33hao_p_xianshi_goods` WHERE ( state = '1' ) AND ( end_time > '1460102364' ) AND ( goods_id = '278' ) ORDER BY start_time asc LIMIT 1   [ RunTime:1,460,102,364.711729s ]SELECT * FROM `33hao_p_xianshi_goods` WHERE ( state = '1' ) AND ( end_time > '1460102364' ) AND ( goods_id = '278' ) ORDER BY start_time asc LIMIT 1  
[2016-04-08 15:59:25] /33hao/mobile/index.php?act=goods&op=goods_detail&goods_id=278 ( act=goods&op=goods_detail ) 
ERR: SELECT * FROM `33hao_goods_common` WHERE ( goods_commonid = '100111' ) LIMIT 1   [ RunTime:1,460,102,364.711729s ]SELECT * FROM `33hao_goods_common` WHERE ( goods_commonid = '100111' ) LIMIT 1  
[2016-04-08 15:59:25] /33hao/mobile/index.php?act=goods&op=goods_detail&goods_id=278 ( act=goods&op=goods_detail ) 
ERR: SELECT goods_spec,goods_id,goods_storage,goods_price,store_id,goods_image,color_id FROM `33hao_goods` WHERE ( goods_commonid = '100111' ) LIMIT 1000   [ RunTime:1,460,102,364.711729s ]SELECT goods_spec,goods_id,goods_storage,goods_price,store_id,goods_image,color_id FROM `33hao_goods` WHERE ( goods_commonid = '100111' ) LIMIT 1000  
[2016-04-08 15:59:25] /33hao/mobile/index.php?act=goods&op=goods_detail&goods_id=278 ( act=goods&op=goods_detail ) 
ERR: SELECT goods_image FROM `33hao_goods_images` WHERE ( goods_commonid = '100111' ) AND ( color_id = '0' ) ORDER BY is_default desc,goods_image_sort asc LIMIT 1000   [ RunTime:1,460,102,364.711729s ]SELECT goods_image FROM `33hao_goods_images` WHERE ( goods_commonid = '100111' ) AND ( color_id = '0' ) ORDER BY is_default desc,goods_image_sort asc LIMIT 1000  
[2016-04-08 15:59:25] /33hao/mobile/index.php?act=goods&op=goods_detail&goods_id=278 ( act=goods&op=goods_detail ) 
ERR: SELECT * FROM `33hao_goods_gift` WHERE ( goods_id = '278' ) LIMIT 1000   [ RunTime:1,460,102,364.711729s ]SELECT * FROM `33hao_goods_gift` WHERE ( goods_id = '278' ) LIMIT 1000  
[2016-04-08 15:59:25] /33hao/mobile/index.php?act=goods&op=goods_detail&goods_id=278 ( act=goods&op=goods_detail ) 
ERR: SELECT * FROM `33hao_p_mansong` WHERE ( state = '1' ) AND ( store_id = '17' ) AND ( end_time > '1460102364' ) ORDER BY start_time asc LIMIT 1   [ RunTime:1,460,102,364.711729s ]SELECT * FROM `33hao_p_mansong` WHERE ( state = '1' ) AND ( store_id = '17' ) AND ( end_time > '1460102364' ) ORDER BY start_time asc LIMIT 1  
[2016-04-08 15:59:25] /33hao/mobile/index.php?act=goods&op=goods_detail&goods_id=278 ( act=goods&op=goods_detail ) 
ERR: UPDATE `33hao_goods` SET goods_click=goods_click + 1,goods_edittime='1460102364' WHERE ( goods_id IN ('278') ) [ RunTime:1,460,102,364.711729s ]UPDATE `33hao_goods` SET goods_click=goods_click + 1,goods_edittime='1460102364' WHERE ( goods_id IN ('278') )
[2016-04-08 15:59:25] /33hao/mobile/index.php?act=goods&op=goods_detail&goods_id=278 ( act=goods&op=goods_detail ) 
ERR: SELECT * FROM `33hao_goods` WHERE ( store_id = '17' ) AND ( goods_state = '1' ) AND ( goods_verify = '1' ) ORDER BY goods_salenum desc LIMIT 6   [ RunTime:1,460,102,364.711729s ]SELECT * FROM `33hao_goods` WHERE ( store_id = '17' ) AND ( goods_state = '1' ) AND ( goods_verify = '1' ) ORDER BY goods_salenum desc LIMIT 6  
[2016-04-08 15:59:25] /33hao/mobile/index.php?act=goods&op=goods_detail&goods_id=278 ( act=goods&op=goods_detail ) 
ERR: SELECT * FROM `33hao_store` WHERE ( store_id = '17' ) LIMIT 1   [ RunTime:1,460,102,364.711729s ]SELECT * FROM `33hao_store` WHERE ( store_id = '17' ) LIMIT 1  
[2016-04-08 15:59:25] /33hao/mobile/index.php?act=goods&op=goods_detail&goods_id=278 ( act=goods&op=goods_detail ) 
ERR: SELECT COUNT(*) AS nc_count FROM `33hao_goods_common` WHERE ( store_id = '17' ) AND ( goods_state = '1' ) AND ( goods_verify = '1' ) LIMIT 1   [ RunTime:1,460,102,364.711729s ]SELECT COUNT(*) AS nc_count FROM `33hao_goods_common` WHERE ( store_id = '17' ) AND ( goods_state = '1' ) AND ( goods_verify = '1' ) LIMIT 1  
[2016-04-08 15:59:25] /33hao/mobile/index.php?act=goods&op=goods_detail&goods_id=278 ( act=goods&op=goods_detail ) 
ERR: SELECT AVG(seval_desccredit) as store_desccredit,AVG(seval_servicecredit) as store_servicecredit,AVG(seval_deliverycredit) as store_deliverycredit,COUNT(seval_id) as count FROM `33hao_evaluate_store` WHERE ( seval_storeid = '17' ) LIMIT 1   [ RunTime:1,460,102,364.711729s ]SELECT AVG(seval_desccredit) as store_desccredit,AVG(seval_servicecredit) as store_servicecredit,AVG(seval_deliverycredit) as store_deliverycredit,COUNT(seval_id) as count FROM `33hao_evaluate_store` WHERE ( seval_storeid = '17' ) LIMIT 1  
[2016-04-08 15:59:25] /33hao/mobile/index.php?act=goods&op=goods_detail&goods_id=278 ( act=goods&op=goods_detail ) 
ERR: SELECT * FROM `33hao_store` WHERE ( sc_id = '11' ) AND ( store_state = '1' ) LIMIT 1000   [ RunTime:1,460,102,364.711729s ]SELECT * FROM `33hao_store` WHERE ( sc_id = '11' ) AND ( store_state = '1' ) LIMIT 1000  
[2016-04-08 15:59:26] /33hao/mobile/index.php?act=goods&op=goods_detail&goods_id=278 ( act=goods&op=goods_detail ) 
ERR: SELECT AVG(seval_desccredit) as store_desccredit,AVG(seval_servicecredit) as store_servicecredit,AVG(seval_deliverycredit) as store_deliverycredit,COUNT(seval_id) as count FROM `33hao_evaluate_store` WHERE ( seval_storeid IN ('16','17','18','19','20','21','22','24','25','26','27','28','29','32','33','34','35','36','37','39','41','43','') ) LIMIT 1   [ RunTime:1,460,102,364.711729s ]SELECT AVG(seval_desccredit) as store_desccredit,AVG(seval_servicecredit) as store_servicecredit,AVG(seval_deliverycredit) as store_deliverycredit,COUNT(seval_id) as count FROM `33hao_evaluate_store` WHERE ( seval_storeid IN ('16','17','18','19','20','21','22','24','25','26','27','28','29','32','33','34','35','36','37','39','41','43','') ) LIMIT 1  
[2016-04-08 15:59:26] /33hao/mobile/index.php?act=goods&op=goods_detail&goods_id=278 ( act=goods&op=goods_detail ) 
ERR: SELECT bl_id FROM `33hao_p_bundling_goods` WHERE ( goods_id = '278' ) AND ( bl_appoint = '1' ) ORDER BY bl_goods_id asc LIMIT 1000   [ RunTime:1,460,102,364.711729s ]SELECT bl_id FROM `33hao_p_bundling_goods` WHERE ( goods_id = '278' ) AND ( bl_appoint = '1' ) ORDER BY bl_goods_id asc LIMIT 1000  
[2016-04-08 15:59:26] /33hao/mobile/index.php?act=goods&op=goods_detail&goods_id=278 ( act=goods&op=goods_detail ) 
ERR: SELECT * FROM `33hao_p_bundling` WHERE ( bl_id IN ('12','11') ) AND ( bl_state = '1' ) ORDER BY bl_id desc LIMIT 1000   [ RunTime:1,460,102,364.711729s ]SELECT * FROM `33hao_p_bundling` WHERE ( bl_id IN ('12','11') ) AND ( bl_state = '1' ) ORDER BY bl_id desc LIMIT 1000  
[2016-04-08 15:59:26] /33hao/mobile/index.php?act=goods&op=goods_detail&goods_id=278 ( act=goods&op=goods_detail ) 
ERR: SELECT * FROM `33hao_p_bundling_goods` WHERE ( bl_id IN ('12','11') ) ORDER BY bl_goods_id asc LIMIT 1000   [ RunTime:1,460,102,364.711729s ]SELECT * FROM `33hao_p_bundling_goods` WHERE ( bl_id IN ('12','11') ) ORDER BY bl_goods_id asc LIMIT 1000  
[2016-04-08 15:59:26] /33hao/mobile/index.php?act=goods&op=goods_detail&goods_id=278 ( act=goods&op=goods_detail ) 
ERR: SELECT goods_id,goods_name,goods_price,goods_image FROM `33hao_goods` WHERE ( goods_id IN ('278','279','280','282','278','279','280','282','299') ) LIMIT 1000   [ RunTime:1,460,102,364.711729s ]SELECT goods_id,goods_name,goods_price,goods_image FROM `33hao_goods` WHERE ( goods_id IN ('278','279','280','282','278','279','280','282','299') ) LIMIT 1000  
[2016-04-08 15:59:26] /33hao/mobile/index.php?act=goods&op=goods_detail&goods_id=278 ( act=goods&op=goods_detail ) 
ERR: SELECT COUNT(*) AS nc_count FROM `33hao_evaluate_goods` WHERE ( geval_goodsid = '278' ) LIMIT 1   [ RunTime:1,460,102,364.711729s ]SELECT COUNT(*) AS nc_count FROM `33hao_evaluate_goods` WHERE ( geval_goodsid = '278' ) LIMIT 1  
[2016-04-08 15:59:26] /33hao/mobile/index.php?act=goods&op=goods_detail&goods_id=278 ( act=goods&op=goods_detail ) 
ERR: SELECT * FROM `33hao_evaluate_goods` WHERE ( geval_goodsid = '278' ) ORDER BY geval_id desc LIMIT 0,3   [ RunTime:1,460,102,364.711729s ]SELECT * FROM `33hao_evaluate_goods` WHERE ( geval_goodsid = '278' ) ORDER BY geval_id desc LIMIT 0,3  
