[2016-05-03 12:23:22] /33hao/mobile/index.php?act=login&op=index&username=18934488948&password=123456&client=android ( act=login&op=index ) 
ERR: SELECT * FROM `33hao_member` WHERE ( member_id = NULL ) LIMIT 1   [ RunTime:1,462,249,402.425446s ]SELECT * FROM `33hao_member` WHERE ( member_id = NULL ) LIMIT 1  
[2016-05-03 12:23:22] /33hao/mobile/index.php?act=login&op=index&username=18934488948&password=123456&client=android ( act=login&op=index ) 
ERR: SELECT * FROM `33hao_seller` WHERE ( member_id = NULL ) LIMIT 1   [ RunTime:1,462,249,402.425446s ]SELECT * FROM `33hao_seller` WHERE ( member_id = NULL ) LIMIT 1  
[2016-05-03 12:23:22] /33hao/mobile/index.php?act=login&op=index&username=18934488948&password=123456&client=android ( act=login&op=index ) 
ERR: SELECT * FROM `33hao_member` WHERE ( (member_name = '18934488948') OR (member_email = '18934488948') OR (member_mobile = '18934488948') ) AND ( member_passwd = 'e10adc3949ba59abbe56e057f20f883e' ) LIMIT 1   [ RunTime:1,462,249,402.425446s ]SELECT * FROM `33hao_member` WHERE ( (member_name = '18934488948') OR (member_email = '18934488948') OR (member_mobile = '18934488948') ) AND ( member_passwd = 'e10adc3949ba59abbe56e057f20f883e' ) LIMIT 1  
[2016-05-03 12:23:22] /33hao/mobile/index.php?act=login&op=index&username=18934488948&password=123456&client=android ( act=login&op=index ) 
ERR: SELECT COUNT(*) AS nc_count FROM `33hao_order` WHERE ( buyer_id = NULL ) AND ( order_state = '10' ) LIMIT 1   [ RunTime:1,462,249,402.425446s ]SELECT COUNT(*) AS nc_count FROM `33hao_order` WHERE ( buyer_id = NULL ) AND ( order_state = '10' ) LIMIT 1  
[2016-05-03 12:23:22] /33hao/mobile/index.php?act=login&op=index&username=18934488948&password=123456&client=android ( act=login&op=index ) 
ERR: SELECT COUNT(*) AS nc_count FROM `33hao_order` WHERE ( buyer_id = NULL ) AND ( order_state = '30' ) LIMIT 1   [ RunTime:1,462,249,402.425446s ]SELECT COUNT(*) AS nc_count FROM `33hao_order` WHERE ( buyer_id = NULL ) AND ( order_state = '30' ) LIMIT 1  
[2016-05-03 12:23:22] /33hao/mobile/index.php?act=login&op=index&username=18934488948&password=123456&client=android ( act=login&op=index ) 
ERR: SELECT COUNT(*) AS nc_count FROM `33hao_order` WHERE ( buyer_id = NULL ) AND ( order_state = '40' ) AND ( evaluation_state = '0' ) LIMIT 1   [ RunTime:1,462,249,402.425446s ]SELECT COUNT(*) AS nc_count FROM `33hao_order` WHERE ( buyer_id = NULL ) AND ( order_state = '40' ) AND ( evaluation_state = '0' ) LIMIT 1  
[2016-05-03 12:23:22] /33hao/mobile/index.php?act=login&op=index&username=18934488948&password=123456&client=android ( act=login&op=index ) 
ERR: SELECT COUNT(*) AS nc_count FROM `33hao_order` WHERE ( buyer_id = NULL ) AND ( order_state = '20' ) LIMIT 1   [ RunTime:1,462,249,402.425446s ]SELECT COUNT(*) AS nc_count FROM `33hao_order` WHERE ( buyer_id = NULL ) AND ( order_state = '20' ) LIMIT 1  
[2016-05-03 12:23:22] /33hao/mobile/index.php?act=login&op=index&username=18934488948&password=123456&client=android ( act=login&op=index ) 
ERR: INSERT  INTO `33hao_mb_user_token` (member_id,member_name,token,login_time,client_type) VALUES ('16','18934488948','2a354968938f4fb9f40c13ac689ed0c6','1462249401','android') [ RunTime:1,462,249,402.425446s ]INSERT  INTO `33hao_mb_user_token` (member_id,member_name,token,login_time,client_type) VALUES ('16','18934488948','2a354968938f4fb9f40c13ac689ed0c6','1462249401','android')
[2016-05-03 12:24:41] /33hao/mobile/index.php?act=login&op=index&username=18934488948&password=123456&client=android ( act=login&op=index ) 
ERR: SELECT * FROM `33hao_member` WHERE ( member_id = NULL ) LIMIT 1   [ RunTime:1,462,249,481.530992s ]SELECT * FROM `33hao_member` WHERE ( member_id = NULL ) LIMIT 1  
[2016-05-03 12:24:41] /33hao/mobile/index.php?act=login&op=index&username=18934488948&password=123456&client=android ( act=login&op=index ) 
ERR: SELECT * FROM `33hao_seller` WHERE ( member_id = NULL ) LIMIT 1   [ RunTime:1,462,249,481.530992s ]SELECT * FROM `33hao_seller` WHERE ( member_id = NULL ) LIMIT 1  
[2016-05-03 12:24:41] /33hao/mobile/index.php?act=login&op=index&username=18934488948&password=123456&client=android ( act=login&op=index ) 
ERR: SELECT * FROM `33hao_member` WHERE ( (member_name = '18934488948') OR (member_email = '18934488948') OR (member_mobile = '18934488948') ) AND ( member_passwd = 'e10adc3949ba59abbe56e057f20f883e' ) LIMIT 1   [ RunTime:1,462,249,481.530992s ]SELECT * FROM `33hao_member` WHERE ( (member_name = '18934488948') OR (member_email = '18934488948') OR (member_mobile = '18934488948') ) AND ( member_passwd = 'e10adc3949ba59abbe56e057f20f883e' ) LIMIT 1  
[2016-05-03 12:24:41] /33hao/mobile/index.php?act=login&op=index&username=18934488948&password=123456&client=android ( act=login&op=index ) 
ERR: SELECT COUNT(*) AS nc_count FROM `33hao_order` WHERE ( buyer_id = '16' ) AND ( order_state = '10' ) LIMIT 1   [ RunTime:1,462,249,481.530992s ]SELECT COUNT(*) AS nc_count FROM `33hao_order` WHERE ( buyer_id = '16' ) AND ( order_state = '10' ) LIMIT 1  
[2016-05-03 12:24:41] /33hao/mobile/index.php?act=login&op=index&username=18934488948&password=123456&client=android ( act=login&op=index ) 
ERR: SELECT COUNT(*) AS nc_count FROM `33hao_order` WHERE ( buyer_id = '16' ) AND ( order_state = '30' ) LIMIT 1   [ RunTime:1,462,249,481.530992s ]SELECT COUNT(*) AS nc_count FROM `33hao_order` WHERE ( buyer_id = '16' ) AND ( order_state = '30' ) LIMIT 1  
[2016-05-03 12:24:41] /33hao/mobile/index.php?act=login&op=index&username=18934488948&password=123456&client=android ( act=login&op=index ) 
ERR: SELECT COUNT(*) AS nc_count FROM `33hao_order` WHERE ( buyer_id = '16' ) AND ( order_state = '40' ) AND ( evaluation_state = '0' ) LIMIT 1   [ RunTime:1,462,249,481.530992s ]SELECT COUNT(*) AS nc_count FROM `33hao_order` WHERE ( buyer_id = '16' ) AND ( order_state = '40' ) AND ( evaluation_state = '0' ) LIMIT 1  
[2016-05-03 12:24:42] /33hao/mobile/index.php?act=login&op=index&username=18934488948&password=123456&client=android ( act=login&op=index ) 
ERR: SELECT COUNT(*) AS nc_count FROM `33hao_order` WHERE ( buyer_id = '16' ) AND ( order_state = '20' ) LIMIT 1   [ RunTime:1,462,249,481.530992s ]SELECT COUNT(*) AS nc_count FROM `33hao_order` WHERE ( buyer_id = '16' ) AND ( order_state = '20' ) LIMIT 1  
[2016-05-03 12:24:42] /33hao/mobile/index.php?act=login&op=index&username=18934488948&password=123456&client=android ( act=login&op=index ) 
ERR: INSERT  INTO `33hao_mb_user_token` (member_id,member_name,token,login_time,client_type) VALUES ('16','18934488948','09604b4a7e2cbc4dbf81aa3acd61c7bb','1462249481','android') [ RunTime:1,462,249,481.530992s ]INSERT  INTO `33hao_mb_user_token` (member_id,member_name,token,login_time,client_type) VALUES ('16','18934488948','09604b4a7e2cbc4dbf81aa3acd61c7bb','1462249481','android')
