[2016-05-04 08:47:27] /33hao/shop/index.php?act=store_sns ( act=store_sns&op=index ) 
ERR: SELECT * FROM `33hao_member` WHERE ( member_id = '43' ) LIMIT 1   [ RunTime:1,462,322,847.340254s ]SELECT * FROM `33hao_member` WHERE ( member_id = '43' ) LIMIT 1  
[2016-05-04 08:47:27] /33hao/shop/index.php?act=store_sns ( act=store_sns&op=index ) 
ERR: SELECT * FROM `33hao_store` WHERE ( store_id = '17' ) LIMIT 1   [ RunTime:1,462,322,847.340254s ]SELECT * FROM `33hao_store` WHERE ( store_id = '17' ) LIMIT 1  
[2016-05-04 08:47:27] /33hao/shop/index.php?act=store_sns ( act=store_sns&op=index ) 
ERR: SELECT COUNT(*) AS nc_count FROM `33hao_goods_common` WHERE ( store_id = '17' ) AND ( goods_state = '1' ) AND ( goods_verify = '1' ) LIMIT 1   [ RunTime:1,462,322,847.340254s ]SELECT COUNT(*) AS nc_count FROM `33hao_goods_common` WHERE ( store_id = '17' ) AND ( goods_state = '1' ) AND ( goods_verify = '1' ) LIMIT 1  
[2016-05-04 08:47:27] /33hao/shop/index.php?act=store_sns ( act=store_sns&op=index ) 
ERR: SELECT AVG(seval_desccredit) as store_desccredit,AVG(seval_servicecredit) as store_servicecredit,AVG(seval_deliverycredit) as store_deliverycredit,COUNT(seval_id) as count FROM `33hao_evaluate_store` WHERE ( seval_storeid = '17' ) LIMIT 1   [ RunTime:1,462,322,847.340254s ]SELECT AVG(seval_desccredit) as store_desccredit,AVG(seval_servicecredit) as store_servicecredit,AVG(seval_deliverycredit) as store_deliverycredit,COUNT(seval_id) as count FROM `33hao_evaluate_store` WHERE ( seval_storeid = '17' ) LIMIT 1  
[2016-05-04 08:47:27] /33hao/shop/index.php?act=store_sns ( act=store_sns&op=index ) 
ERR: SELECT * FROM `33hao_store` WHERE ( sc_id = '11' ) AND ( store_state = '1' ) LIMIT 1000   [ RunTime:1,462,322,847.340254s ]SELECT * FROM `33hao_store` WHERE ( sc_id = '11' ) AND ( store_state = '1' ) LIMIT 1000  
[2016-05-04 08:47:27] /33hao/shop/index.php?act=store_sns ( act=store_sns&op=index ) 
ERR: SELECT AVG(seval_desccredit) as store_desccredit,AVG(seval_servicecredit) as store_servicecredit,AVG(seval_deliverycredit) as store_deliverycredit,COUNT(seval_id) as count FROM `33hao_evaluate_store` WHERE ( seval_storeid IN ('16','17','18','19','20','21','22','24','25','26','27','28','29','32','33','34','35','36','37','39','41','43','') ) LIMIT 1   [ RunTime:1,462,322,847.340254s ]SELECT AVG(seval_desccredit) as store_desccredit,AVG(seval_servicecredit) as store_servicecredit,AVG(seval_deliverycredit) as store_deliverycredit,COUNT(seval_id) as count FROM `33hao_evaluate_store` WHERE ( seval_storeid IN ('16','17','18','19','20','21','22','24','25','26','27','28','29','32','33','34','35','36','37','39','41','43','') ) LIMIT 1  
[2016-05-04 08:47:27] /33hao/shop/index.php?act=store_sns ( act=store_sns&op=index ) 
ERR: SELECT goods_id,goods_name,goods_image,goods_price,goods_salenum,store_id FROM `33hao_goods` WHERE ( store_id = '17' ) AND ( goods_state = '1' ) AND ( goods_verify = '1' ) ORDER BY goods_salenum desc LIMIT 8   [ RunTime:1,462,322,847.340254s ]SELECT goods_id,goods_name,goods_image,goods_price,goods_salenum,store_id FROM `33hao_goods` WHERE ( store_id = '17' ) AND ( goods_state = '1' ) AND ( goods_verify = '1' ) ORDER BY goods_salenum desc LIMIT 8  
[2016-05-04 08:47:27] /33hao/shop/index.php?act=store_sns ( act=store_sns&op=index ) 
ERR: SELECT goods_id,goods_name,goods_image,goods_price,goods_salenum,store_id FROM `33hao_goods` WHERE ( store_id = '17' ) AND ( goods_state = '1' ) AND ( goods_verify = '1' ) ORDER BY goods_id desc LIMIT 8   [ RunTime:1,462,322,847.340254s ]SELECT goods_id,goods_name,goods_image,goods_price,goods_salenum,store_id FROM `33hao_goods` WHERE ( store_id = '17' ) AND ( goods_state = '1' ) AND ( goods_verify = '1' ) ORDER BY goods_id desc LIMIT 8  
[2016-05-04 08:47:32] /33hao/shop/index.php?act=store_snshome&op=index&sid=17 ( act=store_snshome&op=index ) 
ERR: SELECT * FROM `33hao_store_navigation` WHERE ( sn_store_id = '17' ) LIMIT 1000   [ RunTime:1,462,322,852.078283s ]SELECT * FROM `33hao_store_navigation` WHERE ( sn_store_id = '17' ) LIMIT 1000  
[2016-05-04 08:47:32] /33hao/shop/index.php?act=store_snshome&op=index&sid=17 ( act=store_snshome&op=index ) 
ERR: SELECT  count(message_id) as countnum  FROM `33hao_message` as `message`  WHERE  message.message_state != '2' and message.message_open = '0' and (message.to_member_id ='all' or (message.message_ismore=0 and message.to_member_id='43') or (message.message_ismore=1 and message.to_member_id like '%,43,%')) and message.del_member_id not like '%,43,%'  and message.read_member_id not like '%,43,%' [ RunTime:1,462,322,852.078283s ]SELECT  count(message_id) as countnum  FROM `33hao_message` as `message`  WHERE  message.message_state != '2' and message.message_open = '0' and (message.to_member_id ='all' or (message.message_ismore=0 and message.to_member_id='43') or (message.message_ismore=1 and message.to_member_id like '%,43,%')) and message.del_member_id not like '%,43,%'  and message.read_member_id not like '%,43,%'
[2016-05-04 08:47:32] /33hao/shop/index.php?act=store_snshome&op=index&sid=17 ( act=store_snshome&op=index ) 
ERR: SELECT * FROM `33hao_cart` WHERE ( buyer_id = '43' ) LIMIT 1000   [ RunTime:1,462,322,852.078283s ]SELECT * FROM `33hao_cart` WHERE ( buyer_id = '43' ) LIMIT 1000  
[2016-05-04 08:47:32] /33hao/shop/index.php?act=store_snshome&op=index&sid=17 ( act=store_snshome&op=index ) 
ERR: SELECT * FROM `33hao_member` WHERE ( member_id = '43' ) LIMIT 1   [ RunTime:1,462,322,852.078283s ]SELECT * FROM `33hao_member` WHERE ( member_id = '43' ) LIMIT 1  
[2016-05-04 08:47:32] /33hao/shop/index.php?act=store_snshome&op=index&sid=17 ( act=store_snshome&op=index ) 
ERR: SELECT * FROM `33hao_store` WHERE ( store_id = '17' ) LIMIT 1   [ RunTime:1,462,322,852.078283s ]SELECT * FROM `33hao_store` WHERE ( store_id = '17' ) LIMIT 1  
[2016-05-04 08:47:32] /33hao/shop/index.php?act=store_snshome&op=index&sid=17 ( act=store_snshome&op=index ) 
ERR: SELECT COUNT(*) AS nc_count FROM `33hao_goods_common` WHERE ( store_id = '17' ) AND ( goods_state = '1' ) AND ( goods_verify = '1' ) LIMIT 1   [ RunTime:1,462,322,852.078283s ]SELECT COUNT(*) AS nc_count FROM `33hao_goods_common` WHERE ( store_id = '17' ) AND ( goods_state = '1' ) AND ( goods_verify = '1' ) LIMIT 1  
[2016-05-04 08:47:32] /33hao/shop/index.php?act=store_snshome&op=index&sid=17 ( act=store_snshome&op=index ) 
ERR: SELECT AVG(seval_desccredit) as store_desccredit,AVG(seval_servicecredit) as store_servicecredit,AVG(seval_deliverycredit) as store_deliverycredit,COUNT(seval_id) as count FROM `33hao_evaluate_store` WHERE ( seval_storeid = '17' ) LIMIT 1   [ RunTime:1,462,322,852.078283s ]SELECT AVG(seval_desccredit) as store_desccredit,AVG(seval_servicecredit) as store_servicecredit,AVG(seval_deliverycredit) as store_deliverycredit,COUNT(seval_id) as count FROM `33hao_evaluate_store` WHERE ( seval_storeid = '17' ) LIMIT 1  
[2016-05-04 08:47:32] /33hao/shop/index.php?act=store_snshome&op=index&sid=17 ( act=store_snshome&op=index ) 
ERR: SELECT * FROM `33hao_store` WHERE ( sc_id = '11' ) AND ( store_state = '1' ) LIMIT 1000   [ RunTime:1,462,322,852.078283s ]SELECT * FROM `33hao_store` WHERE ( sc_id = '11' ) AND ( store_state = '1' ) LIMIT 1000  
[2016-05-04 08:47:32] /33hao/shop/index.php?act=store_snshome&op=index&sid=17 ( act=store_snshome&op=index ) 
ERR: SELECT AVG(seval_desccredit) as store_desccredit,AVG(seval_servicecredit) as store_servicecredit,AVG(seval_deliverycredit) as store_deliverycredit,COUNT(seval_id) as count FROM `33hao_evaluate_store` WHERE ( seval_storeid IN ('16','17','18','19','20','21','22','24','25','26','27','28','29','32','33','34','35','36','37','39','41','43','') ) LIMIT 1   [ RunTime:1,462,322,852.078283s ]SELECT AVG(seval_desccredit) as store_desccredit,AVG(seval_servicecredit) as store_servicecredit,AVG(seval_deliverycredit) as store_deliverycredit,COUNT(seval_id) as count FROM `33hao_evaluate_store` WHERE ( seval_storeid IN ('16','17','18','19','20','21','22','24','25','26','27','28','29','32','33','34','35','36','37','39','41','43','') ) LIMIT 1  
[2016-05-04 08:47:32] /33hao/shop/index.php?act=store_snshome&op=index&sid=17 ( act=store_snshome&op=index ) 
ERR: SELECT COUNT(*) AS nc_count FROM `33hao_store_sns_tracelog` WHERE ( strace_state = '1' ) AND ( strace_storeid = '17' ) ORDER BY strace_id desc LIMIT 1   [ RunTime:1,462,322,852.078283s ]SELECT COUNT(*) AS nc_count FROM `33hao_store_sns_tracelog` WHERE ( strace_state = '1' ) AND ( strace_storeid = '17' ) ORDER BY strace_id desc LIMIT 1  
[2016-05-04 08:47:32] /33hao/shop/index.php?act=store_snshome&op=index&sid=17 ( act=store_snshome&op=index ) 
ERR: SELECT * FROM `33hao_store_sns_tracelog` WHERE ( strace_state = '1' ) AND ( strace_storeid = '17' ) ORDER BY strace_id desc LIMIT 0,40   [ RunTime:1,462,322,852.078283s ]SELECT * FROM `33hao_store_sns_tracelog` WHERE ( strace_state = '1' ) AND ( strace_storeid = '17' ) ORDER BY strace_id desc LIMIT 0,40  
[2016-05-04 08:47:32] /33hao/shop/index.php?act=store_snshome&op=index&sid=17 ( act=store_snshome&op=index ) 
ERR: SELECT * FROM `33hao_favorites` WHERE ( fav_id = '17' ) AND ( fav_type = 'store' ) ORDER BY fav_time desc LIMIT 8   [ RunTime:1,462,322,852.078283s ]SELECT * FROM `33hao_favorites` WHERE ( fav_id = '17' ) AND ( fav_type = 'store' ) ORDER BY fav_time desc LIMIT 8  
[2016-05-04 08:47:33] /33hao/shop/index.php?act=store_snshome&op=index&sid=17 ( act=store_snshome&op=index ) 
ERR: SELECT * FROM `33hao_member` WHERE ( member_id IN ('119','16') ) ORDER BY member_id desc LIMIT 1000   [ RunTime:1,462,322,852.078283s ]SELECT * FROM `33hao_member` WHERE ( member_id IN ('119','16') ) ORDER BY member_id desc LIMIT 1000  
[2016-05-04 08:47:43] /33hao/shop/index.php?act=store_sns ( act=store_sns&op=index ) 
ERR: SELECT * FROM `33hao_member` WHERE ( member_id = '43' ) LIMIT 1   [ RunTime:1,462,322,863.148390s ]SELECT * FROM `33hao_member` WHERE ( member_id = '43' ) LIMIT 1  
[2016-05-04 08:47:43] /33hao/shop/index.php?act=store_sns ( act=store_sns&op=index ) 
ERR: SELECT * FROM `33hao_store` WHERE ( store_id = '17' ) LIMIT 1   [ RunTime:1,462,322,863.148390s ]SELECT * FROM `33hao_store` WHERE ( store_id = '17' ) LIMIT 1  
[2016-05-04 08:47:43] /33hao/shop/index.php?act=store_sns ( act=store_sns&op=index ) 
ERR: SELECT COUNT(*) AS nc_count FROM `33hao_goods_common` WHERE ( store_id = '17' ) AND ( goods_state = '1' ) AND ( goods_verify = '1' ) LIMIT 1   [ RunTime:1,462,322,863.148390s ]SELECT COUNT(*) AS nc_count FROM `33hao_goods_common` WHERE ( store_id = '17' ) AND ( goods_state = '1' ) AND ( goods_verify = '1' ) LIMIT 1  
[2016-05-04 08:47:43] /33hao/shop/index.php?act=store_sns ( act=store_sns&op=index ) 
ERR: SELECT AVG(seval_desccredit) as store_desccredit,AVG(seval_servicecredit) as store_servicecredit,AVG(seval_deliverycredit) as store_deliverycredit,COUNT(seval_id) as count FROM `33hao_evaluate_store` WHERE ( seval_storeid = '17' ) LIMIT 1   [ RunTime:1,462,322,863.148390s ]SELECT AVG(seval_desccredit) as store_desccredit,AVG(seval_servicecredit) as store_servicecredit,AVG(seval_deliverycredit) as store_deliverycredit,COUNT(seval_id) as count FROM `33hao_evaluate_store` WHERE ( seval_storeid = '17' ) LIMIT 1  
[2016-05-04 08:47:43] /33hao/shop/index.php?act=store_sns ( act=store_sns&op=index ) 
ERR: SELECT * FROM `33hao_store` WHERE ( sc_id = '11' ) AND ( store_state = '1' ) LIMIT 1000   [ RunTime:1,462,322,863.148390s ]SELECT * FROM `33hao_store` WHERE ( sc_id = '11' ) AND ( store_state = '1' ) LIMIT 1000  
[2016-05-04 08:47:43] /33hao/shop/index.php?act=store_sns ( act=store_sns&op=index ) 
ERR: SELECT AVG(seval_desccredit) as store_desccredit,AVG(seval_servicecredit) as store_servicecredit,AVG(seval_deliverycredit) as store_deliverycredit,COUNT(seval_id) as count FROM `33hao_evaluate_store` WHERE ( seval_storeid IN ('16','17','18','19','20','21','22','24','25','26','27','28','29','32','33','34','35','36','37','39','41','43','') ) LIMIT 1   [ RunTime:1,462,322,863.148390s ]SELECT AVG(seval_desccredit) as store_desccredit,AVG(seval_servicecredit) as store_servicecredit,AVG(seval_deliverycredit) as store_deliverycredit,COUNT(seval_id) as count FROM `33hao_evaluate_store` WHERE ( seval_storeid IN ('16','17','18','19','20','21','22','24','25','26','27','28','29','32','33','34','35','36','37','39','41','43','') ) LIMIT 1  
[2016-05-04 08:47:43] /33hao/shop/index.php?act=store_sns ( act=store_sns&op=index ) 
ERR: SELECT goods_id,goods_name,goods_image,goods_price,goods_salenum,store_id FROM `33hao_goods` WHERE ( store_id = '17' ) AND ( goods_state = '1' ) AND ( goods_verify = '1' ) ORDER BY goods_salenum desc LIMIT 8   [ RunTime:1,462,322,863.148390s ]SELECT goods_id,goods_name,goods_image,goods_price,goods_salenum,store_id FROM `33hao_goods` WHERE ( store_id = '17' ) AND ( goods_state = '1' ) AND ( goods_verify = '1' ) ORDER BY goods_salenum desc LIMIT 8  
[2016-05-04 08:47:43] /33hao/shop/index.php?act=store_sns ( act=store_sns&op=index ) 
ERR: SELECT goods_id,goods_name,goods_image,goods_price,goods_salenum,store_id FROM `33hao_goods` WHERE ( store_id = '17' ) AND ( goods_state = '1' ) AND ( goods_verify = '1' ) ORDER BY goods_id desc LIMIT 8   [ RunTime:1,462,322,863.148390s ]SELECT goods_id,goods_name,goods_image,goods_price,goods_salenum,store_id FROM `33hao_goods` WHERE ( store_id = '17' ) AND ( goods_state = '1' ) AND ( goods_verify = '1' ) ORDER BY goods_id desc LIMIT 8  
[2016-05-04 08:47:44] /33hao/shop/17_05156041224910865.png ( act=index&op=index ) 
ERR: SELECT * FROM `33hao_member` WHERE ( member_id = '43' ) LIMIT 1   [ RunTime:1,462,322,864.137058s ]SELECT * FROM `33hao_member` WHERE ( member_id = '43' ) LIMIT 1  
[2016-05-04 08:47:44] /33hao/shop/17_05156041224910865.png ( act=index&op=index ) 
ERR: SELECT * FROM `33hao_groupbuy` WHERE ( state = '20' ) AND ( start_time < '1462322863' ) AND ( end_time > '1462322863' ) ORDER BY recommended desc LIMIT 4   [ RunTime:1,462,322,864.137058s ]SELECT * FROM `33hao_groupbuy` WHERE ( state = '20' ) AND ( start_time < '1462322863' ) AND ( end_time > '1462322863' ) ORDER BY recommended desc LIMIT 4  
[2016-05-04 08:47:44] /33hao/shop/17_05156041224910865.png ( act=index&op=index ) 
ERR: SELECT * FROM `33hao_link` as `link`   order by link_id [ RunTime:1,462,322,864.137058s ]SELECT * FROM `33hao_link` as `link`   order by link_id
[2016-05-04 08:47:44] /33hao/shop/17_05156041224910865.png ( act=index&op=index ) 
ERR: SELECT * FROM `33hao_p_xianshi_goods` WHERE ( state = '1' ) AND ( start_time < '1462322863' ) AND ( end_time > '1462322863' ) ORDER BY xianshi_recommend desc LIMIT 4   [ RunTime:1,462,322,864.137058s ]SELECT * FROM `33hao_p_xianshi_goods` WHERE ( state = '1' ) AND ( start_time < '1462322863' ) AND ( end_time > '1462322863' ) ORDER BY xianshi_recommend desc LIMIT 4  
[2016-05-04 08:47:44] /33hao/shop/17_05156041224910865.png ( act=index&op=index ) 
ERR: SELECT * FROM `33hao_web` WHERE ( web_show = '1' ) AND ( web_page LIKE 'index%' ) ORDER BY web_sort LIMIT 1000   [ RunTime:1,462,322,864.137058s ]SELECT * FROM `33hao_web` WHERE ( web_show = '1' ) AND ( web_page LIKE 'index%' ) ORDER BY web_sort LIMIT 1000  
[2016-05-04 08:47:44] /33hao/shop/17_05156041224910865.png ( act=index&op=index ) 
ERR: SELECT * FROM `33hao_brand` WHERE ( brand_recommend = '1' ) AND ( class_id = '1057' ) LIMIT 1000   [ RunTime:1,462,322,864.137058s ]SELECT * FROM `33hao_brand` WHERE ( brand_recommend = '1' ) AND ( class_id = '1057' ) LIMIT 1000  
[2016-05-04 08:47:44] /33hao/shop/17_05156041224910865.png ( act=index&op=index ) 
ERR: SELECT * FROM `33hao_brand` WHERE ( brand_recommend = '1' ) AND ( class_id = '1058' ) LIMIT 1000   [ RunTime:1,462,322,864.137058s ]SELECT * FROM `33hao_brand` WHERE ( brand_recommend = '1' ) AND ( class_id = '1058' ) LIMIT 1000  
[2016-05-04 08:47:44] /33hao/shop/17_05156041224910865.png ( act=index&op=index ) 
ERR: SELECT * FROM `33hao_brand` WHERE ( brand_recommend = '1' ) AND ( class_id = '1073' ) LIMIT 1000   [ RunTime:1,462,322,864.137058s ]SELECT * FROM `33hao_brand` WHERE ( brand_recommend = '1' ) AND ( class_id = '1073' ) LIMIT 1000  
[2016-05-04 08:47:45] /33hao/shop/17_05156041224910865.png ( act=index&op=index ) 
ERR: SELECT * FROM `33hao_brand` WHERE ( brand_recommend = '1' ) AND ( class_id = '1060' ) LIMIT 1000   [ RunTime:1,462,322,864.137058s ]SELECT * FROM `33hao_brand` WHERE ( brand_recommend = '1' ) AND ( class_id = '1060' ) LIMIT 1000  
[2016-05-04 08:47:45] /33hao/shop/17_05156030151374412.jpg ( act=index&op=index ) 
ERR: SELECT * FROM `33hao_member` WHERE ( member_id = '43' ) LIMIT 1   [ RunTime:1,462,322,865.488599s ]SELECT * FROM `33hao_member` WHERE ( member_id = '43' ) LIMIT 1  
[2016-05-04 08:47:45] /33hao/shop/17_05156030151374412.jpg ( act=index&op=index ) 
ERR: SELECT * FROM `33hao_groupbuy` WHERE ( state = '20' ) AND ( start_time < '1462322863' ) AND ( end_time > '1462322863' ) ORDER BY recommended desc LIMIT 4   [ RunTime:1,462,322,865.488599s ]SELECT * FROM `33hao_groupbuy` WHERE ( state = '20' ) AND ( start_time < '1462322863' ) AND ( end_time > '1462322863' ) ORDER BY recommended desc LIMIT 4  
[2016-05-04 08:47:45] /33hao/shop/17_05156030151374412.jpg ( act=index&op=index ) 
ERR: SELECT * FROM `33hao_link` as `link`   order by link_id [ RunTime:1,462,322,865.488599s ]SELECT * FROM `33hao_link` as `link`   order by link_id
[2016-05-04 08:47:45] /33hao/shop/17_05156030151374412.jpg ( act=index&op=index ) 
ERR: SELECT * FROM `33hao_p_xianshi_goods` WHERE ( state = '1' ) AND ( start_time < '1462322863' ) AND ( end_time > '1462322863' ) ORDER BY xianshi_recommend desc LIMIT 4   [ RunTime:1,462,322,865.488599s ]SELECT * FROM `33hao_p_xianshi_goods` WHERE ( state = '1' ) AND ( start_time < '1462322863' ) AND ( end_time > '1462322863' ) ORDER BY xianshi_recommend desc LIMIT 4  
[2016-05-04 08:47:45] /33hao/shop/17_05156030151374412.jpg ( act=index&op=index ) 
ERR: SELECT * FROM `33hao_web` WHERE ( web_show = '1' ) AND ( web_page LIKE 'index%' ) ORDER BY web_sort LIMIT 1000   [ RunTime:1,462,322,865.488599s ]SELECT * FROM `33hao_web` WHERE ( web_show = '1' ) AND ( web_page LIKE 'index%' ) ORDER BY web_sort LIMIT 1000  
[2016-05-04 08:47:46] /33hao/shop/17_05156030151374412.jpg ( act=index&op=index ) 
ERR: SELECT * FROM `33hao_brand` WHERE ( brand_recommend = '1' ) AND ( class_id = '1057' ) LIMIT 1000   [ RunTime:1,462,322,865.488599s ]SELECT * FROM `33hao_brand` WHERE ( brand_recommend = '1' ) AND ( class_id = '1057' ) LIMIT 1000  
[2016-05-04 08:47:46] /33hao/shop/17_05156030151374412.jpg ( act=index&op=index ) 
ERR: SELECT * FROM `33hao_brand` WHERE ( brand_recommend = '1' ) AND ( class_id = '1058' ) LIMIT 1000   [ RunTime:1,462,322,865.488599s ]SELECT * FROM `33hao_brand` WHERE ( brand_recommend = '1' ) AND ( class_id = '1058' ) LIMIT 1000  
[2016-05-04 08:47:46] /33hao/shop/17_05156030151374412.jpg ( act=index&op=index ) 
ERR: SELECT * FROM `33hao_brand` WHERE ( brand_recommend = '1' ) AND ( class_id = '1073' ) LIMIT 1000   [ RunTime:1,462,322,865.488599s ]SELECT * FROM `33hao_brand` WHERE ( brand_recommend = '1' ) AND ( class_id = '1073' ) LIMIT 1000  
[2016-05-04 08:47:46] /33hao/shop/17_05156030151374412.jpg ( act=index&op=index ) 
ERR: SELECT * FROM `33hao_brand` WHERE ( brand_recommend = '1' ) AND ( class_id = '1060' ) LIMIT 1000   [ RunTime:1,462,322,865.488599s ]SELECT * FROM `33hao_brand` WHERE ( brand_recommend = '1' ) AND ( class_id = '1060' ) LIMIT 1000  
[2016-05-04 08:47:47] /33hao/shop/index.php?act=show_store&op=ajax_flowstat_record&store_id=17&goods_id=&act_param=store_snshome&op_param=index ( act=show_store&op=ajax_flowstat_record ) 
ERR: SELECT * FROM `33hao_member` WHERE ( member_id = '43' ) LIMIT 1   [ RunTime:1,462,322,867.407277s ]SELECT * FROM `33hao_member` WHERE ( member_id = '43' ) LIMIT 1  
[2016-05-04 08:47:47] /33hao/shop/index.php?act=show_store&op=ajax_flowstat_record&store_id=17&goods_id=&act_param=store_snshome&op_param=index ( act=show_store&op=ajax_flowstat_record ) 
ERR: SELECT * FROM `33hao_store` WHERE ( store_id = '17' ) LIMIT 1   [ RunTime:1,462,322,867.407277s ]SELECT * FROM `33hao_store` WHERE ( store_id = '17' ) LIMIT 1  
[2016-05-04 08:47:47] /33hao/shop/index.php?act=show_store&op=ajax_flowstat_record&store_id=17&goods_id=&act_param=store_snshome&op_param=index ( act=show_store&op=ajax_flowstat_record ) 
ERR: SELECT COUNT(*) AS nc_count FROM `33hao_goods_common` WHERE ( store_id = '17' ) AND ( goods_state = '1' ) AND ( goods_verify = '1' ) LIMIT 1   [ RunTime:1,462,322,867.407277s ]SELECT COUNT(*) AS nc_count FROM `33hao_goods_common` WHERE ( store_id = '17' ) AND ( goods_state = '1' ) AND ( goods_verify = '1' ) LIMIT 1  
[2016-05-04 08:47:47] /33hao/shop/index.php?act=show_store&op=ajax_flowstat_record&store_id=17&goods_id=&act_param=store_snshome&op_param=index ( act=show_store&op=ajax_flowstat_record ) 
ERR: SELECT AVG(seval_desccredit) as store_desccredit,AVG(seval_servicecredit) as store_servicecredit,AVG(seval_deliverycredit) as store_deliverycredit,COUNT(seval_id) as count FROM `33hao_evaluate_store` WHERE ( seval_storeid = '17' ) LIMIT 1   [ RunTime:1,462,322,867.407277s ]SELECT AVG(seval_desccredit) as store_desccredit,AVG(seval_servicecredit) as store_servicecredit,AVG(seval_deliverycredit) as store_deliverycredit,COUNT(seval_id) as count FROM `33hao_evaluate_store` WHERE ( seval_storeid = '17' ) LIMIT 1  
[2016-05-04 08:47:47] /33hao/shop/index.php?act=show_store&op=ajax_flowstat_record&store_id=17&goods_id=&act_param=store_snshome&op_param=index ( act=show_store&op=ajax_flowstat_record ) 
ERR: SELECT * FROM `33hao_store` WHERE ( sc_id = '11' ) AND ( store_state = '1' ) LIMIT 1000   [ RunTime:1,462,322,867.407277s ]SELECT * FROM `33hao_store` WHERE ( sc_id = '11' ) AND ( store_state = '1' ) LIMIT 1000  
[2016-05-04 08:47:47] /33hao/shop/index.php?act=show_store&op=ajax_flowstat_record&store_id=17&goods_id=&act_param=store_snshome&op_param=index ( act=show_store&op=ajax_flowstat_record ) 
ERR: SELECT AVG(seval_desccredit) as store_desccredit,AVG(seval_servicecredit) as store_servicecredit,AVG(seval_deliverycredit) as store_deliverycredit,COUNT(seval_id) as count FROM `33hao_evaluate_store` WHERE ( seval_storeid IN ('16','17','18','19','20','21','22','24','25','26','27','28','29','32','33','34','35','36','37','39','41','43','') ) LIMIT 1   [ RunTime:1,462,322,867.407277s ]SELECT AVG(seval_desccredit) as store_desccredit,AVG(seval_servicecredit) as store_servicecredit,AVG(seval_deliverycredit) as store_deliverycredit,COUNT(seval_id) as count FROM `33hao_evaluate_store` WHERE ( seval_storeid IN ('16','17','18','19','20','21','22','24','25','26','27','28','29','32','33','34','35','36','37','39','41','43','') ) LIMIT 1  
[2016-05-04 08:47:47] /33hao/shop/index.php?act=show_store&op=ajax_flowstat_record&store_id=17&goods_id=&act_param=store_snshome&op_param=index ( act=show_store&op=ajax_flowstat_record ) 
ERR: SELECT * FROM `33hao_store_goods_class` WHERE ( store_id = '17' ) AND ( stc_state = '1' ) ORDER BY stc_parent_id asc,stc_sort asc,stc_id asc LIMIT 1000   [ RunTime:1,462,322,867.407277s ]SELECT * FROM `33hao_store_goods_class` WHERE ( store_id = '17' ) AND ( stc_state = '1' ) ORDER BY stc_parent_id asc,stc_sort asc,stc_id asc LIMIT 1000  
[2016-05-04 08:47:47] /33hao/shop/index.php?act=show_store&op=ajax_flowstat_record&store_id=17&goods_id=&act_param=store_snshome&op_param=index ( act=show_store&op=ajax_flowstat_record ) 
ERR: SELECT * FROM `33hao_goods` WHERE ( store_id = '17' ) AND ( goods_state = '1' ) AND ( goods_verify = '1' ) ORDER BY goods_salenum desc LIMIT 5   [ RunTime:1,462,322,867.407277s ]SELECT * FROM `33hao_goods` WHERE ( store_id = '17' ) AND ( goods_state = '1' ) AND ( goods_verify = '1' ) ORDER BY goods_salenum desc LIMIT 5  
[2016-05-04 08:47:48] /33hao/shop/index.php?act=show_store&op=ajax_flowstat_record&store_id=17&goods_id=&act_param=store_snshome&op_param=index ( act=show_store&op=ajax_flowstat_record ) 
ERR: SELECT * FROM `33hao_goods` WHERE ( store_id = '17' ) AND ( goods_state = '1' ) AND ( goods_verify = '1' ) ORDER BY goods_collect desc LIMIT 5   [ RunTime:1,462,322,867.407277s ]SELECT * FROM `33hao_goods` WHERE ( store_id = '17' ) AND ( goods_state = '1' ) AND ( goods_verify = '1' ) ORDER BY goods_collect desc LIMIT 5  
[2016-05-04 08:47:48] /33hao/shop/index.php?act=show_store&op=ajax_flowstat_record&store_id=17&goods_id=&act_param=store_snshome&op_param=index ( act=show_store&op=ajax_flowstat_record ) 
ERR: SELECT * FROM `33hao_store_navigation` WHERE ( sn_store_id = '17' ) LIMIT 1000   [ RunTime:1,462,322,867.407277s ]SELECT * FROM `33hao_store_navigation` WHERE ( sn_store_id = '17' ) LIMIT 1000  
[2016-05-04 08:47:48] /33hao/shop/17_05125726347869220.jpg ( act=index&op=index ) 
ERR: SELECT * FROM `33hao_member` WHERE ( member_id = '43' ) LIMIT 1   [ RunTime:1,462,322,868.872470s ]SELECT * FROM `33hao_member` WHERE ( member_id = '43' ) LIMIT 1  
[2016-05-04 08:47:48] /33hao/shop/17_05125726347869220.jpg ( act=index&op=index ) 
ERR: SELECT * FROM `33hao_groupbuy` WHERE ( state = '20' ) AND ( start_time < '1462322868' ) AND ( end_time > '1462322868' ) ORDER BY recommended desc LIMIT 4   [ RunTime:1,462,322,868.872470s ]SELECT * FROM `33hao_groupbuy` WHERE ( state = '20' ) AND ( start_time < '1462322868' ) AND ( end_time > '1462322868' ) ORDER BY recommended desc LIMIT 4  
[2016-05-04 08:47:49] /33hao/shop/17_05125726347869220.jpg ( act=index&op=index ) 
ERR: SELECT * FROM `33hao_link` as `link`   order by link_id [ RunTime:1,462,322,868.872470s ]SELECT * FROM `33hao_link` as `link`   order by link_id
[2016-05-04 08:47:49] /33hao/shop/17_05125726347869220.jpg ( act=index&op=index ) 
ERR: SELECT * FROM `33hao_p_xianshi_goods` WHERE ( state = '1' ) AND ( start_time < '1462322868' ) AND ( end_time > '1462322868' ) ORDER BY xianshi_recommend desc LIMIT 4   [ RunTime:1,462,322,868.872470s ]SELECT * FROM `33hao_p_xianshi_goods` WHERE ( state = '1' ) AND ( start_time < '1462322868' ) AND ( end_time > '1462322868' ) ORDER BY xianshi_recommend desc LIMIT 4  
[2016-05-04 08:47:49] /33hao/shop/17_05125726347869220.jpg ( act=index&op=index ) 
ERR: SELECT * FROM `33hao_web` WHERE ( web_show = '1' ) AND ( web_page LIKE 'index%' ) ORDER BY web_sort LIMIT 1000   [ RunTime:1,462,322,868.872470s ]SELECT * FROM `33hao_web` WHERE ( web_show = '1' ) AND ( web_page LIKE 'index%' ) ORDER BY web_sort LIMIT 1000  
[2016-05-04 08:47:49] /33hao/shop/17_05125726347869220.jpg ( act=index&op=index ) 
ERR: SELECT * FROM `33hao_brand` WHERE ( brand_recommend = '1' ) AND ( class_id = '1057' ) LIMIT 1000   [ RunTime:1,462,322,868.872470s ]SELECT * FROM `33hao_brand` WHERE ( brand_recommend = '1' ) AND ( class_id = '1057' ) LIMIT 1000  
[2016-05-04 08:47:49] /33hao/shop/17_05125726347869220.jpg ( act=index&op=index ) 
ERR: SELECT * FROM `33hao_brand` WHERE ( brand_recommend = '1' ) AND ( class_id = '1058' ) LIMIT 1000   [ RunTime:1,462,322,868.872470s ]SELECT * FROM `33hao_brand` WHERE ( brand_recommend = '1' ) AND ( class_id = '1058' ) LIMIT 1000  
[2016-05-04 08:47:49] /33hao/shop/17_05125726347869220.jpg ( act=index&op=index ) 
ERR: SELECT * FROM `33hao_brand` WHERE ( brand_recommend = '1' ) AND ( class_id = '1073' ) LIMIT 1000   [ RunTime:1,462,322,868.872470s ]SELECT * FROM `33hao_brand` WHERE ( brand_recommend = '1' ) AND ( class_id = '1073' ) LIMIT 1000  
[2016-05-04 08:47:49] /33hao/shop/17_05125726347869220.jpg ( act=index&op=index ) 
ERR: SELECT * FROM `33hao_brand` WHERE ( brand_recommend = '1' ) AND ( class_id = '1060' ) LIMIT 1000   [ RunTime:1,462,322,868.872470s ]SELECT * FROM `33hao_brand` WHERE ( brand_recommend = '1' ) AND ( class_id = '1060' ) LIMIT 1000  
[2016-05-04 08:47:50] /33hao/shop/index.php?act=store_snshome&op=index&sid=17 ( act=store_snshome&op=index ) 
ERR: SELECT * FROM `33hao_store_navigation` WHERE ( sn_store_id = '17' ) LIMIT 1000   [ RunTime:1,462,322,870.159786s ]SELECT * FROM `33hao_store_navigation` WHERE ( sn_store_id = '17' ) LIMIT 1000  
[2016-05-04 08:47:50] /33hao/shop/index.php?act=store_snshome&op=index&sid=17 ( act=store_snshome&op=index ) 
ERR: SELECT * FROM `33hao_member` WHERE ( member_id = '43' ) LIMIT 1   [ RunTime:1,462,322,870.159786s ]SELECT * FROM `33hao_member` WHERE ( member_id = '43' ) LIMIT 1  
[2016-05-04 08:47:50] /33hao/shop/index.php?act=store_snshome&op=index&sid=17 ( act=store_snshome&op=index ) 
ERR: SELECT * FROM `33hao_store` WHERE ( store_id = '17' ) LIMIT 1   [ RunTime:1,462,322,870.159786s ]SELECT * FROM `33hao_store` WHERE ( store_id = '17' ) LIMIT 1  
[2016-05-04 08:47:50] /33hao/shop/index.php?act=store_snshome&op=index&sid=17 ( act=store_snshome&op=index ) 
ERR: SELECT COUNT(*) AS nc_count FROM `33hao_goods_common` WHERE ( store_id = '17' ) AND ( goods_state = '1' ) AND ( goods_verify = '1' ) LIMIT 1   [ RunTime:1,462,322,870.159786s ]SELECT COUNT(*) AS nc_count FROM `33hao_goods_common` WHERE ( store_id = '17' ) AND ( goods_state = '1' ) AND ( goods_verify = '1' ) LIMIT 1  
[2016-05-04 08:47:50] /33hao/shop/index.php?act=store_snshome&op=index&sid=17 ( act=store_snshome&op=index ) 
ERR: SELECT AVG(seval_desccredit) as store_desccredit,AVG(seval_servicecredit) as store_servicecredit,AVG(seval_deliverycredit) as store_deliverycredit,COUNT(seval_id) as count FROM `33hao_evaluate_store` WHERE ( seval_storeid = '17' ) LIMIT 1   [ RunTime:1,462,322,870.159786s ]SELECT AVG(seval_desccredit) as store_desccredit,AVG(seval_servicecredit) as store_servicecredit,AVG(seval_deliverycredit) as store_deliverycredit,COUNT(seval_id) as count FROM `33hao_evaluate_store` WHERE ( seval_storeid = '17' ) LIMIT 1  
[2016-05-04 08:47:50] /33hao/shop/index.php?act=store_snshome&op=index&sid=17 ( act=store_snshome&op=index ) 
ERR: SELECT * FROM `33hao_store` WHERE ( sc_id = '11' ) AND ( store_state = '1' ) LIMIT 1000   [ RunTime:1,462,322,870.159786s ]SELECT * FROM `33hao_store` WHERE ( sc_id = '11' ) AND ( store_state = '1' ) LIMIT 1000  
[2016-05-04 08:47:50] /33hao/shop/index.php?act=store_snshome&op=index&sid=17 ( act=store_snshome&op=index ) 
ERR: SELECT AVG(seval_desccredit) as store_desccredit,AVG(seval_servicecredit) as store_servicecredit,AVG(seval_deliverycredit) as store_deliverycredit,COUNT(seval_id) as count FROM `33hao_evaluate_store` WHERE ( seval_storeid IN ('16','17','18','19','20','21','22','24','25','26','27','28','29','32','33','34','35','36','37','39','41','43','') ) LIMIT 1   [ RunTime:1,462,322,870.159786s ]SELECT AVG(seval_desccredit) as store_desccredit,AVG(seval_servicecredit) as store_servicecredit,AVG(seval_deliverycredit) as store_deliverycredit,COUNT(seval_id) as count FROM `33hao_evaluate_store` WHERE ( seval_storeid IN ('16','17','18','19','20','21','22','24','25','26','27','28','29','32','33','34','35','36','37','39','41','43','') ) LIMIT 1  
[2016-05-04 08:47:50] /33hao/shop/index.php?act=store_snshome&op=index&sid=17 ( act=store_snshome&op=index ) 
ERR: SELECT COUNT(*) AS nc_count FROM `33hao_store_sns_tracelog` WHERE ( strace_state = '1' ) AND ( strace_storeid = '17' ) ORDER BY strace_id desc LIMIT 1   [ RunTime:1,462,322,870.159786s ]SELECT COUNT(*) AS nc_count FROM `33hao_store_sns_tracelog` WHERE ( strace_state = '1' ) AND ( strace_storeid = '17' ) ORDER BY strace_id desc LIMIT 1  
[2016-05-04 08:47:50] /33hao/shop/index.php?act=store_snshome&op=index&sid=17 ( act=store_snshome&op=index ) 
ERR: SELECT * FROM `33hao_store_sns_tracelog` WHERE ( strace_state = '1' ) AND ( strace_storeid = '17' ) ORDER BY strace_id desc LIMIT 0,40   [ RunTime:1,462,322,870.159786s ]SELECT * FROM `33hao_store_sns_tracelog` WHERE ( strace_state = '1' ) AND ( strace_storeid = '17' ) ORDER BY strace_id desc LIMIT 0,40  
[2016-05-04 08:47:50] /33hao/shop/index.php?act=store_snshome&op=index&sid=17 ( act=store_snshome&op=index ) 
ERR: SELECT * FROM `33hao_favorites` WHERE ( fav_id = '17' ) AND ( fav_type = 'store' ) ORDER BY fav_time desc LIMIT 8   [ RunTime:1,462,322,870.159786s ]SELECT * FROM `33hao_favorites` WHERE ( fav_id = '17' ) AND ( fav_type = 'store' ) ORDER BY fav_time desc LIMIT 8  
[2016-05-04 08:47:50] /33hao/shop/index.php?act=store_snshome&op=index&sid=17 ( act=store_snshome&op=index ) 
ERR: SELECT * FROM `33hao_member` WHERE ( member_id IN ('119','16') ) ORDER BY member_id desc LIMIT 1000   [ RunTime:1,462,322,870.159786s ]SELECT * FROM `33hao_member` WHERE ( member_id IN ('119','16') ) ORDER BY member_id desc LIMIT 1000  
[2016-05-04 08:47:52] /33hao/shop/17_05156030151374412.jpg ( act=index&op=index ) 
ERR: SELECT * FROM `33hao_member` WHERE ( member_id = '43' ) LIMIT 1   [ RunTime:1,462,322,872.363340s ]SELECT * FROM `33hao_member` WHERE ( member_id = '43' ) LIMIT 1  
[2016-05-04 08:47:52] /33hao/shop/17_05156030151374412.jpg ( act=index&op=index ) 
ERR: SELECT * FROM `33hao_groupbuy` WHERE ( state = '20' ) AND ( start_time < '1462322871' ) AND ( end_time > '1462322871' ) ORDER BY recommended desc LIMIT 4   [ RunTime:1,462,322,872.363340s ]SELECT * FROM `33hao_groupbuy` WHERE ( state = '20' ) AND ( start_time < '1462322871' ) AND ( end_time > '1462322871' ) ORDER BY recommended desc LIMIT 4  
[2016-05-04 08:47:52] /33hao/shop/17_05156030151374412.jpg ( act=index&op=index ) 
ERR: SELECT * FROM `33hao_link` as `link`   order by link_id [ RunTime:1,462,322,872.363340s ]SELECT * FROM `33hao_link` as `link`   order by link_id
[2016-05-04 08:47:52] /33hao/shop/17_05156030151374412.jpg ( act=index&op=index ) 
ERR: SELECT * FROM `33hao_p_xianshi_goods` WHERE ( state = '1' ) AND ( start_time < '1462322871' ) AND ( end_time > '1462322871' ) ORDER BY xianshi_recommend desc LIMIT 4   [ RunTime:1,462,322,872.363340s ]SELECT * FROM `33hao_p_xianshi_goods` WHERE ( state = '1' ) AND ( start_time < '1462322871' ) AND ( end_time > '1462322871' ) ORDER BY xianshi_recommend desc LIMIT 4  
[2016-05-04 08:47:52] /33hao/shop/17_05156030151374412.jpg ( act=index&op=index ) 
ERR: SELECT * FROM `33hao_web` WHERE ( web_show = '1' ) AND ( web_page LIKE 'index%' ) ORDER BY web_sort LIMIT 1000   [ RunTime:1,462,322,872.363340s ]SELECT * FROM `33hao_web` WHERE ( web_show = '1' ) AND ( web_page LIKE 'index%' ) ORDER BY web_sort LIMIT 1000  
[2016-05-04 08:47:52] /33hao/shop/17_05156030151374412.jpg ( act=index&op=index ) 
ERR: SELECT * FROM `33hao_brand` WHERE ( brand_recommend = '1' ) AND ( class_id = '1057' ) LIMIT 1000   [ RunTime:1,462,322,872.363340s ]SELECT * FROM `33hao_brand` WHERE ( brand_recommend = '1' ) AND ( class_id = '1057' ) LIMIT 1000  
[2016-05-04 08:47:53] /33hao/shop/17_05156030151374412.jpg ( act=index&op=index ) 
ERR: SELECT * FROM `33hao_brand` WHERE ( brand_recommend = '1' ) AND ( class_id = '1058' ) LIMIT 1000   [ RunTime:1,462,322,872.363340s ]SELECT * FROM `33hao_brand` WHERE ( brand_recommend = '1' ) AND ( class_id = '1058' ) LIMIT 1000  
[2016-05-04 08:47:53] /33hao/shop/17_05156030151374412.jpg ( act=index&op=index ) 
ERR: SELECT * FROM `33hao_brand` WHERE ( brand_recommend = '1' ) AND ( class_id = '1073' ) LIMIT 1000   [ RunTime:1,462,322,872.363340s ]SELECT * FROM `33hao_brand` WHERE ( brand_recommend = '1' ) AND ( class_id = '1073' ) LIMIT 1000  
[2016-05-04 08:47:53] /33hao/shop/17_05156030151374412.jpg ( act=index&op=index ) 
ERR: SELECT * FROM `33hao_brand` WHERE ( brand_recommend = '1' ) AND ( class_id = '1060' ) LIMIT 1000   [ RunTime:1,462,322,872.363340s ]SELECT * FROM `33hao_brand` WHERE ( brand_recommend = '1' ) AND ( class_id = '1060' ) LIMIT 1000  
[2016-05-04 08:47:53] /33hao/shop/17_05156041224910865.png ( act=index&op=index ) 
ERR: SELECT * FROM `33hao_member` WHERE ( member_id = '43' ) LIMIT 1   [ RunTime:1,462,322,873.562627s ]SELECT * FROM `33hao_member` WHERE ( member_id = '43' ) LIMIT 1  
[2016-05-04 08:47:53] /33hao/shop/17_05156041224910865.png ( act=index&op=index ) 
ERR: SELECT * FROM `33hao_groupbuy` WHERE ( state = '20' ) AND ( start_time < '1462322871' ) AND ( end_time > '1462322871' ) ORDER BY recommended desc LIMIT 4   [ RunTime:1,462,322,873.562627s ]SELECT * FROM `33hao_groupbuy` WHERE ( state = '20' ) AND ( start_time < '1462322871' ) AND ( end_time > '1462322871' ) ORDER BY recommended desc LIMIT 4  
[2016-05-04 08:47:53] /33hao/shop/17_05156041224910865.png ( act=index&op=index ) 
ERR: SELECT * FROM `33hao_link` as `link`   order by link_id [ RunTime:1,462,322,873.562627s ]SELECT * FROM `33hao_link` as `link`   order by link_id
[2016-05-04 08:47:53] /33hao/shop/17_05156041224910865.png ( act=index&op=index ) 
ERR: SELECT * FROM `33hao_p_xianshi_goods` WHERE ( state = '1' ) AND ( start_time < '1462322871' ) AND ( end_time > '1462322871' ) ORDER BY xianshi_recommend desc LIMIT 4   [ RunTime:1,462,322,873.562627s ]SELECT * FROM `33hao_p_xianshi_goods` WHERE ( state = '1' ) AND ( start_time < '1462322871' ) AND ( end_time > '1462322871' ) ORDER BY xianshi_recommend desc LIMIT 4  
[2016-05-04 08:47:54] /33hao/shop/17_05156041224910865.png ( act=index&op=index ) 
ERR: SELECT * FROM `33hao_web` WHERE ( web_show = '1' ) AND ( web_page LIKE 'index%' ) ORDER BY web_sort LIMIT 1000   [ RunTime:1,462,322,873.562627s ]SELECT * FROM `33hao_web` WHERE ( web_show = '1' ) AND ( web_page LIKE 'index%' ) ORDER BY web_sort LIMIT 1000  
[2016-05-04 08:47:54] /33hao/shop/17_05156041224910865.png ( act=index&op=index ) 
ERR: SELECT * FROM `33hao_brand` WHERE ( brand_recommend = '1' ) AND ( class_id = '1057' ) LIMIT 1000   [ RunTime:1,462,322,873.562627s ]SELECT * FROM `33hao_brand` WHERE ( brand_recommend = '1' ) AND ( class_id = '1057' ) LIMIT 1000  
[2016-05-04 08:47:54] /33hao/shop/17_05156041224910865.png ( act=index&op=index ) 
ERR: SELECT * FROM `33hao_brand` WHERE ( brand_recommend = '1' ) AND ( class_id = '1058' ) LIMIT 1000   [ RunTime:1,462,322,873.562627s ]SELECT * FROM `33hao_brand` WHERE ( brand_recommend = '1' ) AND ( class_id = '1058' ) LIMIT 1000  
[2016-05-04 08:47:54] /33hao/shop/17_05156041224910865.png ( act=index&op=index ) 
ERR: SELECT * FROM `33hao_brand` WHERE ( brand_recommend = '1' ) AND ( class_id = '1073' ) LIMIT 1000   [ RunTime:1,462,322,873.562627s ]SELECT * FROM `33hao_brand` WHERE ( brand_recommend = '1' ) AND ( class_id = '1073' ) LIMIT 1000  
[2016-05-04 08:47:54] /33hao/shop/17_05156041224910865.png ( act=index&op=index ) 
ERR: SELECT * FROM `33hao_brand` WHERE ( brand_recommend = '1' ) AND ( class_id = '1060' ) LIMIT 1000   [ RunTime:1,462,322,873.562627s ]SELECT * FROM `33hao_brand` WHERE ( brand_recommend = '1' ) AND ( class_id = '1060' ) LIMIT 1000  
[2016-05-04 08:47:54] /33hao/shop/17_05125726347869220.jpg ( act=index&op=index ) 
ERR: SELECT * FROM `33hao_member` WHERE ( member_id = '43' ) LIMIT 1   [ RunTime:1,462,322,874.793263s ]SELECT * FROM `33hao_member` WHERE ( member_id = '43' ) LIMIT 1  
[2016-05-04 08:47:54] /33hao/shop/17_05125726347869220.jpg ( act=index&op=index ) 
ERR: SELECT * FROM `33hao_groupbuy` WHERE ( state = '20' ) AND ( start_time < '1462322871' ) AND ( end_time > '1462322871' ) ORDER BY recommended desc LIMIT 4   [ RunTime:1,462,322,874.793263s ]SELECT * FROM `33hao_groupbuy` WHERE ( state = '20' ) AND ( start_time < '1462322871' ) AND ( end_time > '1462322871' ) ORDER BY recommended desc LIMIT 4  
[2016-05-04 08:47:54] /33hao/shop/17_05125726347869220.jpg ( act=index&op=index ) 
ERR: SELECT * FROM `33hao_link` as `link`   order by link_id [ RunTime:1,462,322,874.793263s ]SELECT * FROM `33hao_link` as `link`   order by link_id
[2016-05-04 08:47:55] /33hao/shop/17_05125726347869220.jpg ( act=index&op=index ) 
ERR: SELECT * FROM `33hao_p_xianshi_goods` WHERE ( state = '1' ) AND ( start_time < '1462322871' ) AND ( end_time > '1462322871' ) ORDER BY xianshi_recommend desc LIMIT 4   [ RunTime:1,462,322,874.793263s ]SELECT * FROM `33hao_p_xianshi_goods` WHERE ( state = '1' ) AND ( start_time < '1462322871' ) AND ( end_time > '1462322871' ) ORDER BY xianshi_recommend desc LIMIT 4  
[2016-05-04 08:47:55] /33hao/shop/17_05125726347869220.jpg ( act=index&op=index ) 
ERR: SELECT * FROM `33hao_web` WHERE ( web_show = '1' ) AND ( web_page LIKE 'index%' ) ORDER BY web_sort LIMIT 1000   [ RunTime:1,462,322,874.793263s ]SELECT * FROM `33hao_web` WHERE ( web_show = '1' ) AND ( web_page LIKE 'index%' ) ORDER BY web_sort LIMIT 1000  
[2016-05-04 08:47:55] /33hao/shop/17_05125726347869220.jpg ( act=index&op=index ) 
ERR: SELECT * FROM `33hao_brand` WHERE ( brand_recommend = '1' ) AND ( class_id = '1057' ) LIMIT 1000   [ RunTime:1,462,322,874.793263s ]SELECT * FROM `33hao_brand` WHERE ( brand_recommend = '1' ) AND ( class_id = '1057' ) LIMIT 1000  
[2016-05-04 08:47:55] /33hao/shop/17_05125726347869220.jpg ( act=index&op=index ) 
ERR: SELECT * FROM `33hao_brand` WHERE ( brand_recommend = '1' ) AND ( class_id = '1058' ) LIMIT 1000   [ RunTime:1,462,322,874.793263s ]SELECT * FROM `33hao_brand` WHERE ( brand_recommend = '1' ) AND ( class_id = '1058' ) LIMIT 1000  
[2016-05-04 08:47:55] /33hao/shop/17_05125726347869220.jpg ( act=index&op=index ) 
ERR: SELECT * FROM `33hao_brand` WHERE ( brand_recommend = '1' ) AND ( class_id = '1073' ) LIMIT 1000   [ RunTime:1,462,322,874.793263s ]SELECT * FROM `33hao_brand` WHERE ( brand_recommend = '1' ) AND ( class_id = '1073' ) LIMIT 1000  
[2016-05-04 08:47:55] /33hao/shop/17_05125726347869220.jpg ( act=index&op=index ) 
ERR: SELECT * FROM `33hao_brand` WHERE ( brand_recommend = '1' ) AND ( class_id = '1060' ) LIMIT 1000   [ RunTime:1,462,322,874.793263s ]SELECT * FROM `33hao_brand` WHERE ( brand_recommend = '1' ) AND ( class_id = '1060' ) LIMIT 1000  
[2016-05-04 08:47:56] /33hao/shop/index.php?act=show_store&op=ajax_flowstat_record&store_id=17&goods_id=&act_param=store_snshome&op_param=index ( act=show_store&op=ajax_flowstat_record ) 
ERR: SELECT * FROM `33hao_member` WHERE ( member_id = '43' ) LIMIT 1   [ RunTime:1,462,322,876.025854s ]SELECT * FROM `33hao_member` WHERE ( member_id = '43' ) LIMIT 1  
[2016-05-04 08:47:56] /33hao/shop/index.php?act=show_store&op=ajax_flowstat_record&store_id=17&goods_id=&act_param=store_snshome&op_param=index ( act=show_store&op=ajax_flowstat_record ) 
ERR: SELECT * FROM `33hao_store` WHERE ( store_id = '17' ) LIMIT 1   [ RunTime:1,462,322,876.025854s ]SELECT * FROM `33hao_store` WHERE ( store_id = '17' ) LIMIT 1  
[2016-05-04 08:47:56] /33hao/shop/index.php?act=show_store&op=ajax_flowstat_record&store_id=17&goods_id=&act_param=store_snshome&op_param=index ( act=show_store&op=ajax_flowstat_record ) 
ERR: SELECT COUNT(*) AS nc_count FROM `33hao_goods_common` WHERE ( store_id = '17' ) AND ( goods_state = '1' ) AND ( goods_verify = '1' ) LIMIT 1   [ RunTime:1,462,322,876.025854s ]SELECT COUNT(*) AS nc_count FROM `33hao_goods_common` WHERE ( store_id = '17' ) AND ( goods_state = '1' ) AND ( goods_verify = '1' ) LIMIT 1  
[2016-05-04 08:47:56] /33hao/shop/index.php?act=show_store&op=ajax_flowstat_record&store_id=17&goods_id=&act_param=store_snshome&op_param=index ( act=show_store&op=ajax_flowstat_record ) 
ERR: SELECT AVG(seval_desccredit) as store_desccredit,AVG(seval_servicecredit) as store_servicecredit,AVG(seval_deliverycredit) as store_deliverycredit,COUNT(seval_id) as count FROM `33hao_evaluate_store` WHERE ( seval_storeid = '17' ) LIMIT 1   [ RunTime:1,462,322,876.025854s ]SELECT AVG(seval_desccredit) as store_desccredit,AVG(seval_servicecredit) as store_servicecredit,AVG(seval_deliverycredit) as store_deliverycredit,COUNT(seval_id) as count FROM `33hao_evaluate_store` WHERE ( seval_storeid = '17' ) LIMIT 1  
[2016-05-04 08:47:56] /33hao/shop/index.php?act=show_store&op=ajax_flowstat_record&store_id=17&goods_id=&act_param=store_snshome&op_param=index ( act=show_store&op=ajax_flowstat_record ) 
ERR: SELECT * FROM `33hao_store` WHERE ( sc_id = '11' ) AND ( store_state = '1' ) LIMIT 1000   [ RunTime:1,462,322,876.025854s ]SELECT * FROM `33hao_store` WHERE ( sc_id = '11' ) AND ( store_state = '1' ) LIMIT 1000  
[2016-05-04 08:47:56] /33hao/shop/index.php?act=show_store&op=ajax_flowstat_record&store_id=17&goods_id=&act_param=store_snshome&op_param=index ( act=show_store&op=ajax_flowstat_record ) 
ERR: SELECT AVG(seval_desccredit) as store_desccredit,AVG(seval_servicecredit) as store_servicecredit,AVG(seval_deliverycredit) as store_deliverycredit,COUNT(seval_id) as count FROM `33hao_evaluate_store` WHERE ( seval_storeid IN ('16','17','18','19','20','21','22','24','25','26','27','28','29','32','33','34','35','36','37','39','41','43','') ) LIMIT 1   [ RunTime:1,462,322,876.025854s ]SELECT AVG(seval_desccredit) as store_desccredit,AVG(seval_servicecredit) as store_servicecredit,AVG(seval_deliverycredit) as store_deliverycredit,COUNT(seval_id) as count FROM `33hao_evaluate_store` WHERE ( seval_storeid IN ('16','17','18','19','20','21','22','24','25','26','27','28','29','32','33','34','35','36','37','39','41','43','') ) LIMIT 1  
[2016-05-04 08:47:56] /33hao/shop/index.php?act=show_store&op=ajax_flowstat_record&store_id=17&goods_id=&act_param=store_snshome&op_param=index ( act=show_store&op=ajax_flowstat_record ) 
ERR: SELECT * FROM `33hao_store_goods_class` WHERE ( store_id = '17' ) AND ( stc_state = '1' ) ORDER BY stc_parent_id asc,stc_sort asc,stc_id asc LIMIT 1000   [ RunTime:1,462,322,876.025854s ]SELECT * FROM `33hao_store_goods_class` WHERE ( store_id = '17' ) AND ( stc_state = '1' ) ORDER BY stc_parent_id asc,stc_sort asc,stc_id asc LIMIT 1000  
[2016-05-04 08:47:56] /33hao/shop/index.php?act=show_store&op=ajax_flowstat_record&store_id=17&goods_id=&act_param=store_snshome&op_param=index ( act=show_store&op=ajax_flowstat_record ) 
ERR: SELECT * FROM `33hao_goods` WHERE ( store_id = '17' ) AND ( goods_state = '1' ) AND ( goods_verify = '1' ) ORDER BY goods_salenum desc LIMIT 5   [ RunTime:1,462,322,876.025854s ]SELECT * FROM `33hao_goods` WHERE ( store_id = '17' ) AND ( goods_state = '1' ) AND ( goods_verify = '1' ) ORDER BY goods_salenum desc LIMIT 5  
[2016-05-04 08:47:56] /33hao/shop/index.php?act=show_store&op=ajax_flowstat_record&store_id=17&goods_id=&act_param=store_snshome&op_param=index ( act=show_store&op=ajax_flowstat_record ) 
ERR: SELECT * FROM `33hao_goods` WHERE ( store_id = '17' ) AND ( goods_state = '1' ) AND ( goods_verify = '1' ) ORDER BY goods_collect desc LIMIT 5   [ RunTime:1,462,322,876.025854s ]SELECT * FROM `33hao_goods` WHERE ( store_id = '17' ) AND ( goods_state = '1' ) AND ( goods_verify = '1' ) ORDER BY goods_collect desc LIMIT 5  
[2016-05-04 08:47:56] /33hao/shop/index.php?act=show_store&op=ajax_flowstat_record&store_id=17&goods_id=&act_param=store_snshome&op_param=index ( act=show_store&op=ajax_flowstat_record ) 
ERR: SELECT * FROM `33hao_store_navigation` WHERE ( sn_store_id = '17' ) LIMIT 1000   [ RunTime:1,462,322,876.025854s ]SELECT * FROM `33hao_store_navigation` WHERE ( sn_store_id = '17' ) LIMIT 1000  
[2016-05-04 09:42:26] /33hao/shop/index.php?act=store_sns&op=image_upload ( act=store_sns&op=image_upload ) 
ERR: SELECT * FROM `33hao_member` WHERE ( member_id = '43' ) LIMIT 1   [ RunTime:1,462,326,146.486260s ]SELECT * FROM `33hao_member` WHERE ( member_id = '43' ) LIMIT 1  
[2016-05-04 09:42:26] /33hao/shop/index.php?act=store_sns&op=image_upload ( act=store_sns&op=image_upload ) 
ERR: SELECT * FROM `33hao_store` WHERE ( store_id = '17' ) LIMIT 1   [ RunTime:1,462,326,146.486260s ]SELECT * FROM `33hao_store` WHERE ( store_id = '17' ) LIMIT 1  
[2016-05-04 09:42:26] /33hao/shop/index.php?act=store_sns&op=image_upload ( act=store_sns&op=image_upload ) 
ERR: SELECT COUNT(*) AS nc_count FROM `33hao_goods_common` WHERE ( store_id = '17' ) AND ( goods_state = '1' ) AND ( goods_verify = '1' ) LIMIT 1   [ RunTime:1,462,326,146.486260s ]SELECT COUNT(*) AS nc_count FROM `33hao_goods_common` WHERE ( store_id = '17' ) AND ( goods_state = '1' ) AND ( goods_verify = '1' ) LIMIT 1  
[2016-05-04 09:42:26] /33hao/shop/index.php?act=store_sns&op=image_upload ( act=store_sns&op=image_upload ) 
ERR: SELECT AVG(seval_desccredit) as store_desccredit,AVG(seval_servicecredit) as store_servicecredit,AVG(seval_deliverycredit) as store_deliverycredit,COUNT(seval_id) as count FROM `33hao_evaluate_store` WHERE ( seval_storeid = '17' ) LIMIT 1   [ RunTime:1,462,326,146.486260s ]SELECT AVG(seval_desccredit) as store_desccredit,AVG(seval_servicecredit) as store_servicecredit,AVG(seval_deliverycredit) as store_deliverycredit,COUNT(seval_id) as count FROM `33hao_evaluate_store` WHERE ( seval_storeid = '17' ) LIMIT 1  
[2016-05-04 09:42:26] /33hao/shop/index.php?act=store_sns&op=image_upload ( act=store_sns&op=image_upload ) 
ERR: SELECT * FROM `33hao_store` WHERE ( sc_id = '11' ) AND ( store_state = '1' ) LIMIT 1000   [ RunTime:1,462,326,146.486260s ]SELECT * FROM `33hao_store` WHERE ( sc_id = '11' ) AND ( store_state = '1' ) LIMIT 1000  
[2016-05-04 09:42:26] /33hao/shop/index.php?act=store_sns&op=image_upload ( act=store_sns&op=image_upload ) 
ERR: SELECT AVG(seval_desccredit) as store_desccredit,AVG(seval_servicecredit) as store_servicecredit,AVG(seval_deliverycredit) as store_deliverycredit,COUNT(seval_id) as count FROM `33hao_evaluate_store` WHERE ( seval_storeid IN ('16','17','18','19','20','21','22','24','25','26','27','28','29','32','33','34','35','36','37','39','41','43','') ) LIMIT 1   [ RunTime:1,462,326,146.486260s ]SELECT AVG(seval_desccredit) as store_desccredit,AVG(seval_servicecredit) as store_servicecredit,AVG(seval_deliverycredit) as store_deliverycredit,COUNT(seval_id) as count FROM `33hao_evaluate_store` WHERE ( seval_storeid IN ('16','17','18','19','20','21','22','24','25','26','27','28','29','32','33','34','35','36','37','39','41','43','') ) LIMIT 1  
[2016-05-04 09:42:27] /33hao/shop/index.php?act=store_sns&op=image_upload ( act=store_sns&op=image_upload ) 
ERR: SELECT COUNT(*) AS nc_count FROM `33hao_album_pic` WHERE ( store_id = '17' ) LIMIT 1   [ RunTime:1,462,326,146.486260s ]SELECT COUNT(*) AS nc_count FROM `33hao_album_pic` WHERE ( store_id = '17' ) LIMIT 1  
[2016-05-04 09:42:27] /33hao/shop/index.php?act=store_sns&op=image_upload ( act=store_sns&op=image_upload ) 
ERR: SELECT * FROM `33hao_album_class` WHERE ( store_id = '17' ) AND ( is_default = '1' ) LIMIT 1   [ RunTime:1,462,326,146.486260s ]SELECT * FROM `33hao_album_class` WHERE ( store_id = '17' ) AND ( is_default = '1' ) LIMIT 1  
[2016-05-04 09:42:27] /33hao/shop/index.php?act=store_sns&op=image_upload ( act=store_sns&op=image_upload ) 
ERR: INSERT  INTO `33hao_album_pic` (apic_name,apic_tag,aclass_id,apic_cover,apic_size,apic_spec,upload_time,store_id) VALUES ('111','','17','17_05156701471067870.jpg','12538','525x220','1462326145','17') [ RunTime:1,462,326,146.486260s ]INSERT  INTO `33hao_album_pic` (apic_name,apic_tag,aclass_id,apic_cover,apic_size,apic_spec,upload_time,store_id) VALUES ('111','','17','17_05156701471067870.jpg','12538','525x220','1462326145','17')
